[0.543s] Invoking command in '/home/ayuwan/Desktop/invpend/src/Inverted-pendulum-problems/single_inverted': PYTHONPATH=/home/ayuwan/Desktop/invpend/src/Inverted-pendulum-problems/build/single_inverted/prefix_override:/home/ayuwan/Desktop/invpend/src/Inverted-pendulum-problems/install/single_inverted/lib/python3.8/site-packages:${PYTHONPATH} /usr/bin/python3 -W ignore:setup.py install is deprecated setup.py egg_info --egg-base ../build/single_inverted build --build-base /home/ayuwan/Desktop/invpend/src/Inverted-pendulum-problems/build/single_inverted/build install --record /home/ayuwan/Desktop/invpend/src/Inverted-pendulum-problems/build/single_inverted/install.log --install-scripts $base/lib/single_inverted --single-version-externally-managed install_data
[0.713s] running egg_info
[0.713s] writing ../build/single_inverted/single_inverted.egg-info/PKG-INFO
[0.713s] writing dependency_links to ../build/single_inverted/single_inverted.egg-info/dependency_links.txt
[0.713s] writing entry points to ../build/single_inverted/single_inverted.egg-info/entry_points.txt
[0.713s] writing requirements to ../build/single_inverted/single_inverted.egg-info/requires.txt
[0.713s] writing top-level names to ../build/single_inverted/single_inverted.egg-info/top_level.txt
[0.737s] reading manifest file '../build/single_inverted/single_inverted.egg-info/SOURCES.txt'
[0.737s] writing manifest file '../build/single_inverted/single_inverted.egg-info/SOURCES.txt'
[0.738s] running build
[0.738s] running build_py
[0.738s] running install
[0.738s] running install_lib
[0.739s] running install_data
[0.740s] running install_egg_info
[0.741s] removing '/home/ayuwan/Desktop/invpend/src/Inverted-pendulum-problems/install/single_inverted/lib/python3.8/site-packages/single_inverted-0.0.0-py3.8.egg-info' (and everything under it)
[0.741s] Copying ../build/single_inverted/single_inverted.egg-info to /home/ayuwan/Desktop/invpend/src/Inverted-pendulum-problems/install/single_inverted/lib/python3.8/site-packages/single_inverted-0.0.0-py3.8.egg-info
[0.742s] running install_scripts
[0.754s] Installing controller script to /home/ayuwan/Desktop/invpend/src/Inverted-pendulum-problems/install/single_inverted/lib/single_inverted
[0.754s] Installing dynamics_sim script to /home/ayuwan/Desktop/invpend/src/Inverted-pendulum-problems/install/single_inverted/lib/single_inverted
[0.754s] writing list of installed files to '/home/ayuwan/Desktop/invpend/src/Inverted-pendulum-problems/build/single_inverted/install.log'
[0.777s] Invoked command in '/home/ayuwan/Desktop/invpend/src/Inverted-pendulum-problems/single_inverted' returned '0': PYTHONPATH=/home/ayuwan/Desktop/invpend/src/Inverted-pendulum-problems/build/single_inverted/prefix_override:/home/ayuwan/Desktop/invpend/src/Inverted-pendulum-problems/install/single_inverted/lib/python3.8/site-packages:${PYTHONPATH} /usr/bin/python3 -W ignore:setup.py install is deprecated setup.py egg_info --egg-base ../build/single_inverted build --build-base /home/ayuwan/Desktop/invpend/src/Inverted-pendulum-problems/build/single_inverted/build install --record /home/ayuwan/Desktop/invpend/src/Inverted-pendulum-problems/build/single_inverted/install.log --install-scripts $base/lib/single_inverted --single-version-externally-managed install_data
