[0.159s] DEBUG:colcon:Command line arguments: ['/usr/bin/colcon', 'build', '--packages-select', 'single_inverted']
[0.159s] DEBUG:colcon:Parsed command line arguments: Namespace(allow_overriding=[], ament_cmake_args=None, base_paths=['.'], build_base='build', catkin_cmake_args=None, catkin_skip_building_tests=False, cmake_args=None, cmake_clean_cache=False, cmake_clean_first=False, cmake_force_configure=False, cmake_target=None, cmake_target_skip_unavailable=False, continue_on_error=False, event_handlers=None, executor='parallel', ignore_user_meta=False, install_base='install', log_base=None, log_level=None, main=<bound method BuildVerb.main of <colcon_core.verb.build.BuildVerb object at 0x7fdb1f7b96a0>>, merge_install=False, metas=['./colcon.meta'], mixin=None, mixin_files=None, mixin_verb=('build',), packages_above=None, packages_above_and_dependencies=None, packages_above_depth=None, packages_end=None, packages_ignore=None, packages_ignore_regex=None, packages_select=['single_inverted'], packages_select_build_failed=False, packages_select_by_dep=None, packages_select_regex=None, packages_select_test_failures=False, packages_skip=None, packages_skip_build_finished=False, packages_skip_by_dep=None, packages_skip_regex=None, packages_skip_test_passed=False, packages_skip_up_to=None, packages_start=None, packages_up_to=None, packages_up_to_regex=None, parallel_workers=16, paths=None, symlink_install=False, test_result_base=None, verb_extension=<colcon_core.verb.build.BuildVerb object at 0x7fdb1f7b96a0>, verb_name='build', verb_parser=<colcon_mixin.mixin.mixin_argument.MixinArgumentDecorator object at 0x7fdb1f7b9be0>)
[0.283s] Level 1:colcon.colcon_core.package_discovery:discover_packages(colcon_meta) check parameters
[0.284s] Level 1:colcon.colcon_core.package_discovery:discover_packages(recursive) check parameters
[0.284s] Level 1:colcon.colcon_core.package_discovery:discover_packages(ignore) check parameters
[0.284s] Level 1:colcon.colcon_core.package_discovery:discover_packages(path) check parameters
[0.284s] Level 1:colcon.colcon_core.package_discovery:discover_packages(colcon_meta) discover
[0.284s] Level 1:colcon.colcon_core.package_discovery:discover_packages(recursive) discover
[0.284s] INFO:colcon.colcon_core.package_discovery:Crawling recursively for packages in '/home/ayuwan/Desktop/invpend/src/Inverted-pendulum-problems'
[0.284s] Level 1:colcon.colcon_core.package_identification:_identify(.) by extensions ['ignore', 'ignore_ament_install']
[0.284s] Level 1:colcon.colcon_core.package_identification:_identify(.) by extension 'ignore'
[0.284s] Level 1:colcon.colcon_core.package_identification:_identify(.) by extension 'ignore_ament_install'
[0.284s] Level 1:colcon.colcon_core.package_identification:_identify(.) by extensions ['colcon_pkg']
[0.284s] Level 1:colcon.colcon_core.package_identification:_identify(.) by extension 'colcon_pkg'
[0.284s] Level 1:colcon.colcon_core.package_identification:_identify(.) by extensions ['colcon_meta']
[0.284s] Level 1:colcon.colcon_core.package_identification:_identify(.) by extension 'colcon_meta'
[0.284s] Level 1:colcon.colcon_core.package_identification:_identify(.) by extensions ['ros']
[0.284s] Level 1:colcon.colcon_core.package_identification:_identify(.) by extension 'ros'
[0.312s] Level 1:colcon.colcon_core.package_identification:_identify(.) by extensions ['cmake', 'python']
[0.312s] Level 1:colcon.colcon_core.package_identification:_identify(.) by extension 'cmake'
[0.312s] Level 1:colcon.colcon_core.package_identification:_identify(.) by extension 'python'
[0.312s] Level 1:colcon.colcon_core.package_identification:_identify(.) by extensions ['python_setup_py']
[0.312s] Level 1:colcon.colcon_core.package_identification:_identify(.) by extension 'python_setup_py'
[0.312s] Level 1:colcon.colcon_core.package_identification:_identify(build) by extensions ['ignore', 'ignore_ament_install']
[0.312s] Level 1:colcon.colcon_core.package_identification:_identify(build) by extension 'ignore'
[0.312s] Level 1:colcon.colcon_core.package_identification:_identify(build) ignored
[0.312s] Level 1:colcon.colcon_core.package_identification:_identify(custom_msgs) by extensions ['ignore', 'ignore_ament_install']
[0.312s] Level 1:colcon.colcon_core.package_identification:_identify(custom_msgs) by extension 'ignore'
[0.313s] Level 1:colcon.colcon_core.package_identification:_identify(custom_msgs) by extension 'ignore_ament_install'
[0.313s] Level 1:colcon.colcon_core.package_identification:_identify(custom_msgs) by extensions ['colcon_pkg']
[0.313s] Level 1:colcon.colcon_core.package_identification:_identify(custom_msgs) by extension 'colcon_pkg'
[0.313s] Level 1:colcon.colcon_core.package_identification:_identify(custom_msgs) by extensions ['colcon_meta']
[0.313s] Level 1:colcon.colcon_core.package_identification:_identify(custom_msgs) by extension 'colcon_meta'
[0.313s] Level 1:colcon.colcon_core.package_identification:_identify(custom_msgs) by extensions ['ros']
[0.313s] Level 1:colcon.colcon_core.package_identification:_identify(custom_msgs) by extension 'ros'
[0.314s] DEBUG:colcon.colcon_core.package_identification:Package 'custom_msgs' with type 'ros.ament_cmake' and name 'custom_msgs'
[0.315s] Level 1:colcon.colcon_core.package_identification:_identify(illustrations) by extensions ['ignore', 'ignore_ament_install']
[0.315s] Level 1:colcon.colcon_core.package_identification:_identify(illustrations) by extension 'ignore'
[0.315s] Level 1:colcon.colcon_core.package_identification:_identify(illustrations) by extension 'ignore_ament_install'
[0.315s] Level 1:colcon.colcon_core.package_identification:_identify(illustrations) by extensions ['colcon_pkg']
[0.315s] Level 1:colcon.colcon_core.package_identification:_identify(illustrations) by extension 'colcon_pkg'
[0.315s] Level 1:colcon.colcon_core.package_identification:_identify(illustrations) by extensions ['colcon_meta']
[0.315s] Level 1:colcon.colcon_core.package_identification:_identify(illustrations) by extension 'colcon_meta'
[0.315s] Level 1:colcon.colcon_core.package_identification:_identify(illustrations) by extensions ['ros']
[0.315s] Level 1:colcon.colcon_core.package_identification:_identify(illustrations) by extension 'ros'
[0.315s] Level 1:colcon.colcon_core.package_identification:_identify(illustrations) by extensions ['cmake', 'python']
[0.315s] Level 1:colcon.colcon_core.package_identification:_identify(illustrations) by extension 'cmake'
[0.315s] Level 1:colcon.colcon_core.package_identification:_identify(illustrations) by extension 'python'
[0.315s] Level 1:colcon.colcon_core.package_identification:_identify(illustrations) by extensions ['python_setup_py']
[0.315s] Level 1:colcon.colcon_core.package_identification:_identify(illustrations) by extension 'python_setup_py'
[0.315s] Level 1:colcon.colcon_core.package_identification:_identify(install) by extensions ['ignore', 'ignore_ament_install']
[0.315s] Level 1:colcon.colcon_core.package_identification:_identify(install) by extension 'ignore'
[0.315s] Level 1:colcon.colcon_core.package_identification:_identify(install) ignored
[0.315s] Level 1:colcon.colcon_core.package_identification:_identify(log) by extensions ['ignore', 'ignore_ament_install']
[0.315s] Level 1:colcon.colcon_core.package_identification:_identify(log) by extension 'ignore'
[0.315s] Level 1:colcon.colcon_core.package_identification:_identify(log) ignored
[0.315s] Level 1:colcon.colcon_core.package_identification:_identify(single_inverted) by extensions ['ignore', 'ignore_ament_install']
[0.315s] Level 1:colcon.colcon_core.package_identification:_identify(single_inverted) by extension 'ignore'
[0.316s] Level 1:colcon.colcon_core.package_identification:_identify(single_inverted) by extension 'ignore_ament_install'
[0.316s] Level 1:colcon.colcon_core.package_identification:_identify(single_inverted) by extensions ['colcon_pkg']
[0.316s] Level 1:colcon.colcon_core.package_identification:_identify(single_inverted) by extension 'colcon_pkg'
[0.316s] Level 1:colcon.colcon_core.package_identification:_identify(single_inverted) by extensions ['colcon_meta']
[0.316s] Level 1:colcon.colcon_core.package_identification:_identify(single_inverted) by extension 'colcon_meta'
[0.316s] Level 1:colcon.colcon_core.package_identification:_identify(single_inverted) by extensions ['ros']
[0.316s] Level 1:colcon.colcon_core.package_identification:_identify(single_inverted) by extension 'ros'
[0.316s] DEBUG:colcon.colcon_core.package_identification:Package 'single_inverted' with type 'ros.ament_python' and name 'single_inverted'
[0.316s] Level 1:colcon.colcon_core.package_discovery:discover_packages(recursive) using defaults
[0.316s] Level 1:colcon.colcon_core.package_discovery:discover_packages(ignore) discover
[0.316s] Level 1:colcon.colcon_core.package_discovery:discover_packages(ignore) using defaults
[0.316s] Level 1:colcon.colcon_core.package_discovery:discover_packages(path) discover
[0.316s] Level 1:colcon.colcon_core.package_discovery:discover_packages(path) using defaults
[0.327s] INFO:colcon.colcon_core.package_selection:Skipping not selected package 'custom_msgs' in 'custom_msgs'
[0.328s] Level 1:colcon.colcon_core.package_discovery:discover_packages(prefix_path) check parameters
[0.328s] Level 1:colcon.colcon_core.package_discovery:discover_packages(prefix_path) discover
[0.329s] DEBUG:colcon.colcon_installed_package_information.package_discovery:Found 2 installed packages in /home/ayuwan/Desktop/invpend/src/Inverted-pendulum-problems/install
[0.329s] DEBUG:colcon.colcon_installed_package_information.package_discovery:Found 2 installed packages in /home/ayuwan/rosws/install
[0.330s] DEBUG:colcon.colcon_installed_package_information.package_discovery:Found 276 installed packages in /opt/ros/galactic
[0.331s] Level 1:colcon.colcon_core.package_discovery:discover_packages(prefix_path) using defaults
[0.380s] Level 5:colcon.colcon_core.verb:set package 'single_inverted' build argument 'cmake_args' from command line to 'None'
[0.380s] Level 5:colcon.colcon_core.verb:set package 'single_inverted' build argument 'cmake_target' from command line to 'None'
[0.380s] Level 5:colcon.colcon_core.verb:set package 'single_inverted' build argument 'cmake_target_skip_unavailable' from command line to 'False'
[0.380s] Level 5:colcon.colcon_core.verb:set package 'single_inverted' build argument 'cmake_clean_cache' from command line to 'False'
[0.380s] Level 5:colcon.colcon_core.verb:set package 'single_inverted' build argument 'cmake_clean_first' from command line to 'False'
[0.380s] Level 5:colcon.colcon_core.verb:set package 'single_inverted' build argument 'cmake_force_configure' from command line to 'False'
[0.380s] Level 5:colcon.colcon_core.verb:set package 'single_inverted' build argument 'ament_cmake_args' from command line to 'None'
[0.380s] Level 5:colcon.colcon_core.verb:set package 'single_inverted' build argument 'catkin_cmake_args' from command line to 'None'
[0.380s] Level 5:colcon.colcon_core.verb:set package 'single_inverted' build argument 'catkin_skip_building_tests' from command line to 'False'
[0.380s] DEBUG:colcon.colcon_core.verb:Building package 'single_inverted' with the following arguments: {'ament_cmake_args': None, 'build_base': '/home/ayuwan/Desktop/invpend/src/Inverted-pendulum-problems/build/single_inverted', 'catkin_cmake_args': None, 'catkin_skip_building_tests': False, 'cmake_args': None, 'cmake_clean_cache': False, 'cmake_clean_first': False, 'cmake_force_configure': False, 'cmake_target': None, 'cmake_target_skip_unavailable': False, 'install_base': '/home/ayuwan/Desktop/invpend/src/Inverted-pendulum-problems/install/single_inverted', 'merge_install': False, 'path': '/home/ayuwan/Desktop/invpend/src/Inverted-pendulum-problems/single_inverted', 'symlink_install': False, 'test_result_base': None}
[0.380s] INFO:colcon.colcon_core.executor:Executing jobs using 'parallel' executor
[0.381s] DEBUG:colcon.colcon_parallel_executor.executor.parallel:run_until_complete
[0.382s] INFO:colcon.colcon_ros.task.ament_python.build:Building ROS package in '/home/ayuwan/Desktop/invpend/src/Inverted-pendulum-problems/single_inverted' with build type 'ament_python'
[0.382s] Level 1:colcon.colcon_core.shell:create_environment_hook('single_inverted', 'ament_prefix_path')
[0.383s] INFO:colcon.colcon_core.plugin_system:Skipping extension 'colcon_core.shell.bat': Not used on non-Windows systems
[0.383s] INFO:colcon.colcon_core.shell:Creating environment hook '/home/ayuwan/Desktop/invpend/src/Inverted-pendulum-problems/install/single_inverted/share/single_inverted/hook/ament_prefix_path.ps1'
[0.384s] INFO:colcon.colcon_core.shell:Creating environment descriptor '/home/ayuwan/Desktop/invpend/src/Inverted-pendulum-problems/install/single_inverted/share/single_inverted/hook/ament_prefix_path.dsv'
[0.384s] INFO:colcon.colcon_core.shell:Creating environment hook '/home/ayuwan/Desktop/invpend/src/Inverted-pendulum-problems/install/single_inverted/share/single_inverted/hook/ament_prefix_path.sh'
[0.385s] INFO:colcon.colcon_core.shell:Skip shell extension 'powershell' for command environment: Not usable outside of PowerShell
[0.385s] DEBUG:colcon.colcon_core.shell:Skip shell extension 'dsv' for command environment
[0.588s] INFO:colcon.colcon_core.task.python.build:Building Python package in '/home/ayuwan/Desktop/invpend/src/Inverted-pendulum-problems/single_inverted'
[0.589s] INFO:colcon.colcon_core.shell:Skip shell extension 'powershell' for command environment: Not usable outside of PowerShell
[0.589s] DEBUG:colcon.colcon_core.shell:Skip shell extension 'dsv' for command environment
[0.980s] DEBUG:colcon.colcon_core.event_handler.log_command:Invoking command in '/home/ayuwan/Desktop/invpend/src/Inverted-pendulum-problems/single_inverted': PYTHONPATH=/home/ayuwan/Desktop/invpend/src/Inverted-pendulum-problems/build/single_inverted/prefix_override:/home/ayuwan/Desktop/invpend/src/Inverted-pendulum-problems/install/single_inverted/lib/python3.8/site-packages:${PYTHONPATH} /usr/bin/python3 -W ignore:setup.py install is deprecated setup.py egg_info --egg-base ../build/single_inverted build --build-base /home/ayuwan/Desktop/invpend/src/Inverted-pendulum-problems/build/single_inverted/build install --record /home/ayuwan/Desktop/invpend/src/Inverted-pendulum-problems/build/single_inverted/install.log --install-scripts $base/lib/single_inverted --single-version-externally-managed install_data
[1.234s] DEBUG:colcon.colcon_core.event_handler.log_command:Invoked command in '/home/ayuwan/Desktop/invpend/src/Inverted-pendulum-problems/single_inverted' returned '0': PYTHONPATH=/home/ayuwan/Desktop/invpend/src/Inverted-pendulum-problems/build/single_inverted/prefix_override:/home/ayuwan/Desktop/invpend/src/Inverted-pendulum-problems/install/single_inverted/lib/python3.8/site-packages:${PYTHONPATH} /usr/bin/python3 -W ignore:setup.py install is deprecated setup.py egg_info --egg-base ../build/single_inverted build --build-base /home/ayuwan/Desktop/invpend/src/Inverted-pendulum-problems/build/single_inverted/build install --record /home/ayuwan/Desktop/invpend/src/Inverted-pendulum-problems/build/single_inverted/install.log --install-scripts $base/lib/single_inverted --single-version-externally-managed install_data
[1.239s] Level 1:colcon.colcon_core.environment:checking '/home/ayuwan/Desktop/invpend/src/Inverted-pendulum-problems/install/single_inverted' for CMake module files
[1.240s] Level 1:colcon.colcon_core.environment:checking '/home/ayuwan/Desktop/invpend/src/Inverted-pendulum-problems/install/single_inverted' for CMake config files
[1.242s] Level 1:colcon.colcon_core.environment:checking '/home/ayuwan/Desktop/invpend/src/Inverted-pendulum-problems/install/single_inverted/lib'
[1.242s] Level 1:colcon.colcon_core.environment:checking '/home/ayuwan/Desktop/invpend/src/Inverted-pendulum-problems/install/single_inverted/bin'
[1.243s] Level 1:colcon.colcon_core.environment:checking '/home/ayuwan/Desktop/invpend/src/Inverted-pendulum-problems/install/single_inverted/lib/pkgconfig/single_inverted.pc'
[1.243s] Level 1:colcon.colcon_core.environment:checking '/home/ayuwan/Desktop/invpend/src/Inverted-pendulum-problems/install/single_inverted/lib/python3.8/site-packages'
[1.243s] Level 1:colcon.colcon_core.shell:create_environment_hook('single_inverted', 'pythonpath')
[1.244s] INFO:colcon.colcon_core.shell:Creating environment hook '/home/ayuwan/Desktop/invpend/src/Inverted-pendulum-problems/install/single_inverted/share/single_inverted/hook/pythonpath.ps1'
[1.245s] INFO:colcon.colcon_core.shell:Creating environment descriptor '/home/ayuwan/Desktop/invpend/src/Inverted-pendulum-problems/install/single_inverted/share/single_inverted/hook/pythonpath.dsv'
[1.245s] INFO:colcon.colcon_core.shell:Creating environment hook '/home/ayuwan/Desktop/invpend/src/Inverted-pendulum-problems/install/single_inverted/share/single_inverted/hook/pythonpath.sh'
[1.245s] Level 1:colcon.colcon_core.environment:checking '/home/ayuwan/Desktop/invpend/src/Inverted-pendulum-problems/install/single_inverted/bin'
[1.245s] Level 1:colcon.colcon_core.environment:create_environment_scripts_only(single_inverted)
[1.246s] INFO:colcon.colcon_core.shell:Creating package script '/home/ayuwan/Desktop/invpend/src/Inverted-pendulum-problems/install/single_inverted/share/single_inverted/package.ps1'
[1.246s] INFO:colcon.colcon_core.shell:Creating package descriptor '/home/ayuwan/Desktop/invpend/src/Inverted-pendulum-problems/install/single_inverted/share/single_inverted/package.dsv'
[1.247s] INFO:colcon.colcon_core.shell:Creating package script '/home/ayuwan/Desktop/invpend/src/Inverted-pendulum-problems/install/single_inverted/share/single_inverted/package.sh'
[1.248s] INFO:colcon.colcon_core.shell:Creating package script '/home/ayuwan/Desktop/invpend/src/Inverted-pendulum-problems/install/single_inverted/share/single_inverted/package.bash'
[1.248s] INFO:colcon.colcon_core.shell:Creating package script '/home/ayuwan/Desktop/invpend/src/Inverted-pendulum-problems/install/single_inverted/share/single_inverted/package.zsh'
[1.248s] Level 1:colcon.colcon_core.environment:create_file_with_runtime_dependencies(/home/ayuwan/Desktop/invpend/src/Inverted-pendulum-problems/install/single_inverted/share/colcon-core/packages/single_inverted)
[1.249s] DEBUG:colcon.colcon_parallel_executor.executor.parallel:closing loop
[1.249s] DEBUG:colcon.colcon_parallel_executor.executor.parallel:loop closed
[1.249s] DEBUG:colcon.colcon_parallel_executor.executor.parallel:run_until_complete finished with '0'
[1.249s] DEBUG:colcon.colcon_core.event_reactor:joining thread
[1.257s] INFO:colcon.colcon_core.plugin_system:Skipping extension 'colcon_notification.desktop_notification.terminal_notifier': Not used on non-Darwin systems
[1.257s] INFO:colcon.colcon_core.plugin_system:Skipping extension 'colcon_notification.desktop_notification.win32': Not used on non-Windows systems
[1.257s] INFO:colcon.colcon_notification.desktop_notification:Sending desktop notification using 'notify2'
[1.282s] DEBUG:colcon.colcon_core.event_reactor:joined thread
[1.282s] INFO:colcon.colcon_core.shell:Creating prefix script '/home/ayuwan/Desktop/invpend/src/Inverted-pendulum-problems/install/local_setup.ps1'
[1.284s] INFO:colcon.colcon_core.shell:Creating prefix util module '/home/ayuwan/Desktop/invpend/src/Inverted-pendulum-problems/install/_local_setup_util_ps1.py'
[1.287s] INFO:colcon.colcon_core.shell:Creating prefix chain script '/home/ayuwan/Desktop/invpend/src/Inverted-pendulum-problems/install/setup.ps1'
[1.290s] INFO:colcon.colcon_core.shell:Creating prefix script '/home/ayuwan/Desktop/invpend/src/Inverted-pendulum-problems/install/local_setup.sh'
[1.292s] INFO:colcon.colcon_core.shell:Creating prefix util module '/home/ayuwan/Desktop/invpend/src/Inverted-pendulum-problems/install/_local_setup_util_sh.py'
[1.293s] INFO:colcon.colcon_core.shell:Creating prefix chain script '/home/ayuwan/Desktop/invpend/src/Inverted-pendulum-problems/install/setup.sh'
[1.295s] INFO:colcon.colcon_core.shell:Creating prefix script '/home/ayuwan/Desktop/invpend/src/Inverted-pendulum-problems/install/local_setup.bash'
[1.296s] INFO:colcon.colcon_core.shell:Creating prefix chain script '/home/ayuwan/Desktop/invpend/src/Inverted-pendulum-problems/install/setup.bash'
[1.298s] INFO:colcon.colcon_core.shell:Creating prefix script '/home/ayuwan/Desktop/invpend/src/Inverted-pendulum-problems/install/local_setup.zsh'
[1.298s] INFO:colcon.colcon_core.shell:Creating prefix chain script '/home/ayuwan/Desktop/invpend/src/Inverted-pendulum-problems/install/setup.zsh'
