[0.705s] Invoking command in '/home/ayuwan/Desktop/invpend/src/Inverted-pendulum-problems/build/double_inverted': PYTHONPATH=/home/ayuwan/Desktop/invpend/src/Inverted-pendulum-problems/build/double_inverted/prefix_override:/home/ayuwan/Desktop/invpend/src/Inverted-pendulum-problems/install/double_inverted/lib/python3.8/site-packages:${PYTHONPATH} /usr/bin/python3 -W ignore:setup.py install is deprecated setup.py develop --editable --build-directory /home/ayuwan/Desktop/invpend/src/Inverted-pendulum-problems/build/double_inverted/build --no-deps symlink_data
[0.884s] running develop
[0.997s] running egg_info
[0.997s] creating double_inverted.egg-info
[0.998s] writing double_inverted.egg-info/PKG-INFO
[0.998s] writing dependency_links to double_inverted.egg-info/dependency_links.txt
[0.998s] writing entry points to double_inverted.egg-info/entry_points.txt
[0.998s] writing requirements to double_inverted.egg-info/requires.txt
[0.998s] writing top-level names to double_inverted.egg-info/top_level.txt
[0.999s] writing manifest file 'double_inverted.egg-info/SOURCES.txt'
[1.020s] reading manifest file 'double_inverted.egg-info/SOURCES.txt'
[1.021s] writing manifest file 'double_inverted.egg-info/SOURCES.txt'
[1.044s] running build_ext
[1.044s] Creating /home/ayuwan/Desktop/invpend/src/Inverted-pendulum-problems/install/double_inverted/lib/python3.8/site-packages/site.py
[1.046s] Creating /home/ayuwan/Desktop/invpend/src/Inverted-pendulum-problems/install/double_inverted/lib/python3.8/site-packages/double-inverted.egg-link (link to .)
[1.046s] Installing pendulum script to /home/ayuwan/Desktop/invpend/src/Inverted-pendulum-problems/install/double_inverted/lib/double_inverted
[1.046s] 
[1.046s] Installed /home/ayuwan/Desktop/invpend/src/Inverted-pendulum-problems/build/double_inverted
[1.047s] running symlink_data
[1.047s] creating /home/ayuwan/Desktop/invpend/src/Inverted-pendulum-problems/install/double_inverted/share/ament_index
[1.047s] creating /home/ayuwan/Desktop/invpend/src/Inverted-pendulum-problems/install/double_inverted/share/ament_index/resource_index
[1.047s] creating /home/ayuwan/Desktop/invpend/src/Inverted-pendulum-problems/install/double_inverted/share/ament_index/resource_index/packages
[1.047s] symbolically linking /home/ayuwan/Desktop/invpend/src/Inverted-pendulum-problems/build/double_inverted/resource/double_inverted -> /home/ayuwan/Desktop/invpend/src/Inverted-pendulum-problems/install/double_inverted/share/ament_index/resource_index/packages
[1.047s] symbolically linking /home/ayuwan/Desktop/invpend/src/Inverted-pendulum-problems/build/double_inverted/package.xml -> /home/ayuwan/Desktop/invpend/src/Inverted-pendulum-problems/install/double_inverted/share/double_inverted
[1.083s] Invoked command in '/home/ayuwan/Desktop/invpend/src/Inverted-pendulum-problems/build/double_inverted' returned '0': PYTHONPATH=/home/ayuwan/Desktop/invpend/src/Inverted-pendulum-problems/build/double_inverted/prefix_override:/home/ayuwan/Desktop/invpend/src/Inverted-pendulum-problems/install/double_inverted/lib/python3.8/site-packages:${PYTHONPATH} /usr/bin/python3 -W ignore:setup.py install is deprecated setup.py develop --editable --build-directory /home/ayuwan/Desktop/invpend/src/Inverted-pendulum-problems/build/double_inverted/build --no-deps symlink_data
