[0.164s] DEBUG:colcon:Command line arguments: ['/usr/bin/colcon', 'build', '--symlink-install']
[0.164s] DEBUG:colcon:Parsed command line arguments: Namespace(allow_overriding=[], ament_cmake_args=None, base_paths=['.'], build_base='build', catkin_cmake_args=None, catkin_skip_building_tests=False, cmake_args=None, cmake_clean_cache=False, cmake_clean_first=False, cmake_force_configure=False, cmake_target=None, cmake_target_skip_unavailable=False, continue_on_error=False, event_handlers=None, executor='parallel', ignore_user_meta=False, install_base='install', log_base=None, log_level=None, main=<bound method BuildVerb.main of <colcon_core.verb.build.BuildVerb object at 0x7fdfa47d19d0>>, merge_install=False, metas=['./colcon.meta'], mixin=None, mixin_files=None, mixin_verb=('build',), packages_above=None, packages_above_and_dependencies=None, packages_above_depth=None, packages_end=None, packages_ignore=None, packages_ignore_regex=None, packages_select=None, packages_select_build_failed=False, packages_select_by_dep=None, packages_select_regex=None, packages_select_test_failures=False, packages_skip=None, packages_skip_build_finished=False, packages_skip_by_dep=None, packages_skip_regex=None, packages_skip_test_passed=False, packages_skip_up_to=None, packages_start=None, packages_up_to=None, packages_up_to_regex=None, parallel_workers=16, paths=None, symlink_install=True, test_result_base=None, verb_extension=<colcon_core.verb.build.BuildVerb object at 0x7fdfa47d19d0>, verb_name='build', verb_parser=<colcon_mixin.mixin.mixin_argument.MixinArgumentDecorator object at 0x7fdfa47d1f10>)
[0.289s] Level 1:colcon.colcon_core.package_discovery:discover_packages(colcon_meta) check parameters
[0.289s] Level 1:colcon.colcon_core.package_discovery:discover_packages(recursive) check parameters
[0.289s] Level 1:colcon.colcon_core.package_discovery:discover_packages(ignore) check parameters
[0.289s] Level 1:colcon.colcon_core.package_discovery:discover_packages(path) check parameters
[0.289s] Level 1:colcon.colcon_core.package_discovery:discover_packages(colcon_meta) discover
[0.289s] Level 1:colcon.colcon_core.package_discovery:discover_packages(recursive) discover
[0.289s] INFO:colcon.colcon_core.package_discovery:Crawling recursively for packages in '/home/ayuwan/Desktop/invpend/src/Inverted-pendulum-problems'
[0.289s] Level 1:colcon.colcon_core.package_identification:_identify(.) by extensions ['ignore', 'ignore_ament_install']
[0.289s] Level 1:colcon.colcon_core.package_identification:_identify(.) by extension 'ignore'
[0.289s] Level 1:colcon.colcon_core.package_identification:_identify(.) by extension 'ignore_ament_install'
[0.289s] Level 1:colcon.colcon_core.package_identification:_identify(.) by extensions ['colcon_pkg']
[0.289s] Level 1:colcon.colcon_core.package_identification:_identify(.) by extension 'colcon_pkg'
[0.290s] Level 1:colcon.colcon_core.package_identification:_identify(.) by extensions ['colcon_meta']
[0.290s] Level 1:colcon.colcon_core.package_identification:_identify(.) by extension 'colcon_meta'
[0.290s] Level 1:colcon.colcon_core.package_identification:_identify(.) by extensions ['ros']
[0.290s] Level 1:colcon.colcon_core.package_identification:_identify(.) by extension 'ros'
[0.312s] Level 1:colcon.colcon_core.package_identification:_identify(.) by extensions ['cmake', 'python']
[0.312s] Level 1:colcon.colcon_core.package_identification:_identify(.) by extension 'cmake'
[0.312s] Level 1:colcon.colcon_core.package_identification:_identify(.) by extension 'python'
[0.312s] Level 1:colcon.colcon_core.package_identification:_identify(.) by extensions ['python_setup_py']
[0.312s] Level 1:colcon.colcon_core.package_identification:_identify(.) by extension 'python_setup_py'
[0.312s] Level 1:colcon.colcon_core.package_identification:_identify(build) by extensions ['ignore', 'ignore_ament_install']
[0.312s] Level 1:colcon.colcon_core.package_identification:_identify(build) by extension 'ignore'
[0.312s] Level 1:colcon.colcon_core.package_identification:_identify(build) ignored
[0.313s] Level 1:colcon.colcon_core.package_identification:_identify(custom_msgs) by extensions ['ignore', 'ignore_ament_install']
[0.313s] Level 1:colcon.colcon_core.package_identification:_identify(custom_msgs) by extension 'ignore'
[0.313s] Level 1:colcon.colcon_core.package_identification:_identify(custom_msgs) by extension 'ignore_ament_install'
[0.313s] Level 1:colcon.colcon_core.package_identification:_identify(custom_msgs) by extensions ['colcon_pkg']
[0.313s] Level 1:colcon.colcon_core.package_identification:_identify(custom_msgs) by extension 'colcon_pkg'
[0.313s] Level 1:colcon.colcon_core.package_identification:_identify(custom_msgs) by extensions ['colcon_meta']
[0.313s] Level 1:colcon.colcon_core.package_identification:_identify(custom_msgs) by extension 'colcon_meta'
[0.313s] Level 1:colcon.colcon_core.package_identification:_identify(custom_msgs) by extensions ['ros']
[0.313s] Level 1:colcon.colcon_core.package_identification:_identify(custom_msgs) by extension 'ros'
[0.315s] DEBUG:colcon.colcon_core.package_identification:Package 'custom_msgs' with type 'ros.ament_cmake' and name 'custom_msgs'
[0.315s] Level 1:colcon.colcon_core.package_identification:_identify(double_inverted) by extensions ['ignore', 'ignore_ament_install']
[0.315s] Level 1:colcon.colcon_core.package_identification:_identify(double_inverted) by extension 'ignore'
[0.315s] Level 1:colcon.colcon_core.package_identification:_identify(double_inverted) by extension 'ignore_ament_install'
[0.315s] Level 1:colcon.colcon_core.package_identification:_identify(double_inverted) by extensions ['colcon_pkg']
[0.315s] Level 1:colcon.colcon_core.package_identification:_identify(double_inverted) by extension 'colcon_pkg'
[0.315s] Level 1:colcon.colcon_core.package_identification:_identify(double_inverted) by extensions ['colcon_meta']
[0.315s] Level 1:colcon.colcon_core.package_identification:_identify(double_inverted) by extension 'colcon_meta'
[0.315s] Level 1:colcon.colcon_core.package_identification:_identify(double_inverted) by extensions ['ros']
[0.315s] Level 1:colcon.colcon_core.package_identification:_identify(double_inverted) by extension 'ros'
[0.316s] DEBUG:colcon.colcon_core.package_identification:Package 'double_inverted' with type 'ros.ament_python' and name 'double_inverted'
[0.316s] Level 1:colcon.colcon_core.package_identification:_identify(illustrations) by extensions ['ignore', 'ignore_ament_install']
[0.316s] Level 1:colcon.colcon_core.package_identification:_identify(illustrations) by extension 'ignore'
[0.316s] Level 1:colcon.colcon_core.package_identification:_identify(illustrations) by extension 'ignore_ament_install'
[0.316s] Level 1:colcon.colcon_core.package_identification:_identify(illustrations) by extensions ['colcon_pkg']
[0.316s] Level 1:colcon.colcon_core.package_identification:_identify(illustrations) by extension 'colcon_pkg'
[0.316s] Level 1:colcon.colcon_core.package_identification:_identify(illustrations) by extensions ['colcon_meta']
[0.316s] Level 1:colcon.colcon_core.package_identification:_identify(illustrations) by extension 'colcon_meta'
[0.316s] Level 1:colcon.colcon_core.package_identification:_identify(illustrations) by extensions ['ros']
[0.316s] Level 1:colcon.colcon_core.package_identification:_identify(illustrations) by extension 'ros'
[0.316s] Level 1:colcon.colcon_core.package_identification:_identify(illustrations) by extensions ['cmake', 'python']
[0.316s] Level 1:colcon.colcon_core.package_identification:_identify(illustrations) by extension 'cmake'
[0.316s] Level 1:colcon.colcon_core.package_identification:_identify(illustrations) by extension 'python'
[0.317s] Level 1:colcon.colcon_core.package_identification:_identify(illustrations) by extensions ['python_setup_py']
[0.317s] Level 1:colcon.colcon_core.package_identification:_identify(illustrations) by extension 'python_setup_py'
[0.317s] Level 1:colcon.colcon_core.package_identification:_identify(install) by extensions ['ignore', 'ignore_ament_install']
[0.317s] Level 1:colcon.colcon_core.package_identification:_identify(install) by extension 'ignore'
[0.317s] Level 1:colcon.colcon_core.package_identification:_identify(install) ignored
[0.317s] Level 1:colcon.colcon_core.package_identification:_identify(log) by extensions ['ignore', 'ignore_ament_install']
[0.317s] Level 1:colcon.colcon_core.package_identification:_identify(log) by extension 'ignore'
[0.317s] Level 1:colcon.colcon_core.package_identification:_identify(log) ignored
[0.317s] Level 1:colcon.colcon_core.package_identification:_identify(single_inverted) by extensions ['ignore', 'ignore_ament_install']
[0.317s] Level 1:colcon.colcon_core.package_identification:_identify(single_inverted) by extension 'ignore'
[0.317s] Level 1:colcon.colcon_core.package_identification:_identify(single_inverted) by extension 'ignore_ament_install'
[0.317s] Level 1:colcon.colcon_core.package_identification:_identify(single_inverted) by extensions ['colcon_pkg']
[0.317s] Level 1:colcon.colcon_core.package_identification:_identify(single_inverted) by extension 'colcon_pkg'
[0.317s] Level 1:colcon.colcon_core.package_identification:_identify(single_inverted) by extensions ['colcon_meta']
[0.317s] Level 1:colcon.colcon_core.package_identification:_identify(single_inverted) by extension 'colcon_meta'
[0.317s] Level 1:colcon.colcon_core.package_identification:_identify(single_inverted) by extensions ['ros']
[0.317s] Level 1:colcon.colcon_core.package_identification:_identify(single_inverted) by extension 'ros'
[0.318s] DEBUG:colcon.colcon_core.package_identification:Package 'single_inverted' with type 'ros.ament_python' and name 'single_inverted'
[0.318s] Level 1:colcon.colcon_core.package_discovery:discover_packages(recursive) using defaults
[0.318s] Level 1:colcon.colcon_core.package_discovery:discover_packages(ignore) discover
[0.318s] Level 1:colcon.colcon_core.package_discovery:discover_packages(ignore) using defaults
[0.318s] Level 1:colcon.colcon_core.package_discovery:discover_packages(path) discover
[0.318s] Level 1:colcon.colcon_core.package_discovery:discover_packages(path) using defaults
[0.331s] Level 1:colcon.colcon_core.package_discovery:discover_packages(prefix_path) check parameters
[0.331s] Level 1:colcon.colcon_core.package_discovery:discover_packages(prefix_path) discover
[0.333s] DEBUG:colcon.colcon_installed_package_information.package_discovery:Found 3 installed packages in /home/ayuwan/Desktop/invpend/src/Inverted-pendulum-problems/install
[0.333s] DEBUG:colcon.colcon_installed_package_information.package_discovery:Found 2 installed packages in /home/ayuwan/rosws/install
[0.334s] DEBUG:colcon.colcon_installed_package_information.package_discovery:Found 276 installed packages in /opt/ros/galactic
[0.335s] Level 1:colcon.colcon_core.package_discovery:discover_packages(prefix_path) using defaults
[0.386s] Level 5:colcon.colcon_core.verb:set package 'custom_msgs' build argument 'cmake_args' from command line to 'None'
[0.386s] Level 5:colcon.colcon_core.verb:set package 'custom_msgs' build argument 'cmake_target' from command line to 'None'
[0.386s] Level 5:colcon.colcon_core.verb:set package 'custom_msgs' build argument 'cmake_target_skip_unavailable' from command line to 'False'
[0.386s] Level 5:colcon.colcon_core.verb:set package 'custom_msgs' build argument 'cmake_clean_cache' from command line to 'False'
[0.386s] Level 5:colcon.colcon_core.verb:set package 'custom_msgs' build argument 'cmake_clean_first' from command line to 'False'
[0.386s] Level 5:colcon.colcon_core.verb:set package 'custom_msgs' build argument 'cmake_force_configure' from command line to 'False'
[0.386s] Level 5:colcon.colcon_core.verb:set package 'custom_msgs' build argument 'ament_cmake_args' from command line to 'None'
[0.386s] Level 5:colcon.colcon_core.verb:set package 'custom_msgs' build argument 'catkin_cmake_args' from command line to 'None'
[0.386s] Level 5:colcon.colcon_core.verb:set package 'custom_msgs' build argument 'catkin_skip_building_tests' from command line to 'False'
[0.387s] DEBUG:colcon.colcon_core.verb:Building package 'custom_msgs' with the following arguments: {'ament_cmake_args': None, 'build_base': '/home/ayuwan/Desktop/invpend/src/Inverted-pendulum-problems/build/custom_msgs', 'catkin_cmake_args': None, 'catkin_skip_building_tests': False, 'cmake_args': None, 'cmake_clean_cache': False, 'cmake_clean_first': False, 'cmake_force_configure': False, 'cmake_target': None, 'cmake_target_skip_unavailable': False, 'install_base': '/home/ayuwan/Desktop/invpend/src/Inverted-pendulum-problems/install/custom_msgs', 'merge_install': False, 'path': '/home/ayuwan/Desktop/invpend/src/Inverted-pendulum-problems/custom_msgs', 'symlink_install': True, 'test_result_base': None}
[0.387s] Level 5:colcon.colcon_core.verb:set package 'double_inverted' build argument 'cmake_args' from command line to 'None'
[0.387s] Level 5:colcon.colcon_core.verb:set package 'double_inverted' build argument 'cmake_target' from command line to 'None'
[0.387s] Level 5:colcon.colcon_core.verb:set package 'double_inverted' build argument 'cmake_target_skip_unavailable' from command line to 'False'
[0.387s] Level 5:colcon.colcon_core.verb:set package 'double_inverted' build argument 'cmake_clean_cache' from command line to 'False'
[0.387s] Level 5:colcon.colcon_core.verb:set package 'double_inverted' build argument 'cmake_clean_first' from command line to 'False'
[0.387s] Level 5:colcon.colcon_core.verb:set package 'double_inverted' build argument 'cmake_force_configure' from command line to 'False'
[0.387s] Level 5:colcon.colcon_core.verb:set package 'double_inverted' build argument 'ament_cmake_args' from command line to 'None'
[0.387s] Level 5:colcon.colcon_core.verb:set package 'double_inverted' build argument 'catkin_cmake_args' from command line to 'None'
[0.387s] Level 5:colcon.colcon_core.verb:set package 'double_inverted' build argument 'catkin_skip_building_tests' from command line to 'False'
[0.387s] DEBUG:colcon.colcon_core.verb:Building package 'double_inverted' with the following arguments: {'ament_cmake_args': None, 'build_base': '/home/ayuwan/Desktop/invpend/src/Inverted-pendulum-problems/build/double_inverted', 'catkin_cmake_args': None, 'catkin_skip_building_tests': False, 'cmake_args': None, 'cmake_clean_cache': False, 'cmake_clean_first': False, 'cmake_force_configure': False, 'cmake_target': None, 'cmake_target_skip_unavailable': False, 'install_base': '/home/ayuwan/Desktop/invpend/src/Inverted-pendulum-problems/install/double_inverted', 'merge_install': False, 'path': '/home/ayuwan/Desktop/invpend/src/Inverted-pendulum-problems/double_inverted', 'symlink_install': True, 'test_result_base': None}
[0.387s] Level 5:colcon.colcon_core.verb:set package 'single_inverted' build argument 'cmake_args' from command line to 'None'
[0.387s] Level 5:colcon.colcon_core.verb:set package 'single_inverted' build argument 'cmake_target' from command line to 'None'
[0.387s] Level 5:colcon.colcon_core.verb:set package 'single_inverted' build argument 'cmake_target_skip_unavailable' from command line to 'False'
[0.387s] Level 5:colcon.colcon_core.verb:set package 'single_inverted' build argument 'cmake_clean_cache' from command line to 'False'
[0.387s] Level 5:colcon.colcon_core.verb:set package 'single_inverted' build argument 'cmake_clean_first' from command line to 'False'
[0.387s] Level 5:colcon.colcon_core.verb:set package 'single_inverted' build argument 'cmake_force_configure' from command line to 'False'
[0.387s] Level 5:colcon.colcon_core.verb:set package 'single_inverted' build argument 'ament_cmake_args' from command line to 'None'
[0.387s] Level 5:colcon.colcon_core.verb:set package 'single_inverted' build argument 'catkin_cmake_args' from command line to 'None'
[0.387s] Level 5:colcon.colcon_core.verb:set package 'single_inverted' build argument 'catkin_skip_building_tests' from command line to 'False'
[0.388s] DEBUG:colcon.colcon_core.verb:Building package 'single_inverted' with the following arguments: {'ament_cmake_args': None, 'build_base': '/home/ayuwan/Desktop/invpend/src/Inverted-pendulum-problems/build/single_inverted', 'catkin_cmake_args': None, 'catkin_skip_building_tests': False, 'cmake_args': None, 'cmake_clean_cache': False, 'cmake_clean_first': False, 'cmake_force_configure': False, 'cmake_target': None, 'cmake_target_skip_unavailable': False, 'install_base': '/home/ayuwan/Desktop/invpend/src/Inverted-pendulum-problems/install/single_inverted', 'merge_install': False, 'path': '/home/ayuwan/Desktop/invpend/src/Inverted-pendulum-problems/single_inverted', 'symlink_install': True, 'test_result_base': None}
[0.388s] INFO:colcon.colcon_core.executor:Executing jobs using 'parallel' executor
[0.388s] DEBUG:colcon.colcon_parallel_executor.executor.parallel:run_until_complete
[0.388s] INFO:colcon.colcon_ros.task.ament_cmake.build:Building ROS package in '/home/ayuwan/Desktop/invpend/src/Inverted-pendulum-problems/custom_msgs' with build type 'ament_cmake'
[0.389s] INFO:colcon.colcon_cmake.task.cmake.build:Building CMake package in '/home/ayuwan/Desktop/invpend/src/Inverted-pendulum-problems/custom_msgs'
[0.391s] INFO:colcon.colcon_core.plugin_system:Skipping extension 'colcon_core.shell.bat': Not used on non-Windows systems
[0.391s] INFO:colcon.colcon_core.shell:Skip shell extension 'powershell' for command environment: Not usable outside of PowerShell
[0.391s] DEBUG:colcon.colcon_core.shell:Skip shell extension 'dsv' for command environment
[0.395s] INFO:colcon.colcon_ros.task.ament_python.build:Building ROS package in '/home/ayuwan/Desktop/invpend/src/Inverted-pendulum-problems/double_inverted' with build type 'ament_python'
[0.395s] Level 1:colcon.colcon_core.shell:create_environment_hook('double_inverted', 'ament_prefix_path')
[0.395s] INFO:colcon.colcon_core.shell:Creating environment hook '/home/ayuwan/Desktop/invpend/src/Inverted-pendulum-problems/install/double_inverted/share/double_inverted/hook/ament_prefix_path.ps1'
[0.396s] INFO:colcon.colcon_core.shell:Creating environment descriptor '/home/ayuwan/Desktop/invpend/src/Inverted-pendulum-problems/install/double_inverted/share/double_inverted/hook/ament_prefix_path.dsv'
[0.396s] INFO:colcon.colcon_core.shell:Creating environment hook '/home/ayuwan/Desktop/invpend/src/Inverted-pendulum-problems/install/double_inverted/share/double_inverted/hook/ament_prefix_path.sh'
[0.397s] INFO:colcon.colcon_core.shell:Skip shell extension 'powershell' for command environment: Not usable outside of PowerShell
[0.397s] DEBUG:colcon.colcon_core.shell:Skip shell extension 'dsv' for command environment
[0.400s] INFO:colcon.colcon_ros.task.ament_python.build:Building ROS package in '/home/ayuwan/Desktop/invpend/src/Inverted-pendulum-problems/single_inverted' with build type 'ament_python'
[0.400s] Level 1:colcon.colcon_core.shell:create_environment_hook('single_inverted', 'ament_prefix_path')
[0.400s] INFO:colcon.colcon_core.shell:Creating environment hook '/home/ayuwan/Desktop/invpend/src/Inverted-pendulum-problems/install/single_inverted/share/single_inverted/hook/ament_prefix_path.ps1'
[0.401s] INFO:colcon.colcon_core.shell:Creating environment descriptor '/home/ayuwan/Desktop/invpend/src/Inverted-pendulum-problems/install/single_inverted/share/single_inverted/hook/ament_prefix_path.dsv'
[0.401s] INFO:colcon.colcon_core.shell:Creating environment hook '/home/ayuwan/Desktop/invpend/src/Inverted-pendulum-problems/install/single_inverted/share/single_inverted/hook/ament_prefix_path.sh'
[0.402s] INFO:colcon.colcon_core.shell:Skip shell extension 'powershell' for command environment: Not usable outside of PowerShell
[0.402s] DEBUG:colcon.colcon_core.shell:Skip shell extension 'dsv' for command environment
[0.410s] DEBUG:colcon.colcon_core.event_handler.log_command:Invoking command in '/home/ayuwan/Desktop/invpend/src/Inverted-pendulum-problems/build/custom_msgs': CMAKE_PREFIX_PATH=${CMAKE_PREFIX_PATH}:/home/ayuwan/Desktop/invpend/src/Inverted-pendulum-problems/install/single_inverted:/home/ayuwan/Desktop/invpend/src/Inverted-pendulum-problems/install/double_inverted:/home/ayuwan/rosws/install/pypubsub:/opt/ros/galactic /usr/bin/cmake --build /home/ayuwan/Desktop/invpend/src/Inverted-pendulum-problems/build/custom_msgs -- -j16 -l16
[0.594s] INFO:colcon.colcon_core.task.python.build:Building Python package in '/home/ayuwan/Desktop/invpend/src/Inverted-pendulum-problems/double_inverted'
[0.595s] INFO:colcon.colcon_core.shell:Skip shell extension 'powershell' for command environment: Not usable outside of PowerShell
[0.595s] DEBUG:colcon.colcon_core.shell:Skip shell extension 'dsv' for command environment
[0.783s] INFO:colcon.colcon_core.task.python.build:Building Python package in '/home/ayuwan/Desktop/invpend/src/Inverted-pendulum-problems/single_inverted'
[0.784s] INFO:colcon.colcon_core.shell:Skip shell extension 'powershell' for command environment: Not usable outside of PowerShell
[0.784s] DEBUG:colcon.colcon_core.shell:Skip shell extension 'dsv' for command environment
[0.794s] DEBUG:colcon.colcon_core.event_handler.log_command:Invoked command in '/home/ayuwan/Desktop/invpend/src/Inverted-pendulum-problems/build/custom_msgs' returned '0': CMAKE_PREFIX_PATH=${CMAKE_PREFIX_PATH}:/home/ayuwan/Desktop/invpend/src/Inverted-pendulum-problems/install/single_inverted:/home/ayuwan/Desktop/invpend/src/Inverted-pendulum-problems/install/double_inverted:/home/ayuwan/rosws/install/pypubsub:/opt/ros/galactic /usr/bin/cmake --build /home/ayuwan/Desktop/invpend/src/Inverted-pendulum-problems/build/custom_msgs -- -j16 -l16
[0.841s] DEBUG:colcon.colcon_core.event_handler.log_command:Invoking command in '/home/ayuwan/Desktop/invpend/src/Inverted-pendulum-problems/build/custom_msgs': CMAKE_PREFIX_PATH=${CMAKE_PREFIX_PATH}:/home/ayuwan/Desktop/invpend/src/Inverted-pendulum-problems/install/single_inverted:/home/ayuwan/Desktop/invpend/src/Inverted-pendulum-problems/install/double_inverted:/home/ayuwan/rosws/install/pypubsub:/opt/ros/galactic /usr/bin/cmake --install /home/ayuwan/Desktop/invpend/src/Inverted-pendulum-problems/build/custom_msgs
[0.901s] Level 1:colcon.colcon_core.environment:create_environment_scripts_only(custom_msgs)
[0.902s] DEBUG:colcon.colcon_core.event_handler.log_command:Invoked command in '/home/ayuwan/Desktop/invpend/src/Inverted-pendulum-problems/build/custom_msgs' returned '0': CMAKE_PREFIX_PATH=${CMAKE_PREFIX_PATH}:/home/ayuwan/Desktop/invpend/src/Inverted-pendulum-problems/install/single_inverted:/home/ayuwan/Desktop/invpend/src/Inverted-pendulum-problems/install/double_inverted:/home/ayuwan/rosws/install/pypubsub:/opt/ros/galactic /usr/bin/cmake --install /home/ayuwan/Desktop/invpend/src/Inverted-pendulum-problems/build/custom_msgs
[0.906s] Level 1:colcon.colcon_core.environment:checking '/home/ayuwan/Desktop/invpend/src/Inverted-pendulum-problems/install/custom_msgs' for CMake module files
[0.906s] Level 1:colcon.colcon_core.environment:checking '/home/ayuwan/Desktop/invpend/src/Inverted-pendulum-problems/install/custom_msgs' for CMake config files
[0.906s] Level 1:colcon.colcon_core.shell:create_environment_hook('custom_msgs', 'cmake_prefix_path')
[0.907s] INFO:colcon.colcon_core.shell:Creating environment hook '/home/ayuwan/Desktop/invpend/src/Inverted-pendulum-problems/install/custom_msgs/share/custom_msgs/hook/cmake_prefix_path.ps1'
[0.907s] INFO:colcon.colcon_core.shell:Creating environment descriptor '/home/ayuwan/Desktop/invpend/src/Inverted-pendulum-problems/install/custom_msgs/share/custom_msgs/hook/cmake_prefix_path.dsv'
[0.907s] INFO:colcon.colcon_core.shell:Creating environment hook '/home/ayuwan/Desktop/invpend/src/Inverted-pendulum-problems/install/custom_msgs/share/custom_msgs/hook/cmake_prefix_path.sh'
[0.908s] Level 1:colcon.colcon_core.environment:checking '/home/ayuwan/Desktop/invpend/src/Inverted-pendulum-problems/install/custom_msgs/lib'
[0.908s] Level 1:colcon.colcon_core.shell:create_environment_hook('custom_msgs', 'ld_library_path_lib')
[0.908s] INFO:colcon.colcon_core.shell:Creating environment hook '/home/ayuwan/Desktop/invpend/src/Inverted-pendulum-problems/install/custom_msgs/share/custom_msgs/hook/ld_library_path_lib.ps1'
[0.909s] INFO:colcon.colcon_core.shell:Creating environment descriptor '/home/ayuwan/Desktop/invpend/src/Inverted-pendulum-problems/install/custom_msgs/share/custom_msgs/hook/ld_library_path_lib.dsv'
[0.909s] INFO:colcon.colcon_core.shell:Creating environment hook '/home/ayuwan/Desktop/invpend/src/Inverted-pendulum-problems/install/custom_msgs/share/custom_msgs/hook/ld_library_path_lib.sh'
[0.909s] Level 1:colcon.colcon_core.environment:checking '/home/ayuwan/Desktop/invpend/src/Inverted-pendulum-problems/install/custom_msgs/bin'
[0.909s] Level 1:colcon.colcon_core.environment:checking '/home/ayuwan/Desktop/invpend/src/Inverted-pendulum-problems/install/custom_msgs/lib/pkgconfig/custom_msgs.pc'
[0.909s] Level 1:colcon.colcon_core.environment:checking '/home/ayuwan/Desktop/invpend/src/Inverted-pendulum-problems/install/custom_msgs/lib/python3.8/site-packages'
[0.910s] Level 1:colcon.colcon_core.shell:create_environment_hook('custom_msgs', 'pythonpath')
[0.910s] INFO:colcon.colcon_core.shell:Creating environment hook '/home/ayuwan/Desktop/invpend/src/Inverted-pendulum-problems/install/custom_msgs/share/custom_msgs/hook/pythonpath.ps1'
[0.910s] INFO:colcon.colcon_core.shell:Creating environment descriptor '/home/ayuwan/Desktop/invpend/src/Inverted-pendulum-problems/install/custom_msgs/share/custom_msgs/hook/pythonpath.dsv'
[0.910s] INFO:colcon.colcon_core.shell:Creating environment hook '/home/ayuwan/Desktop/invpend/src/Inverted-pendulum-problems/install/custom_msgs/share/custom_msgs/hook/pythonpath.sh'
[0.911s] Level 1:colcon.colcon_core.environment:checking '/home/ayuwan/Desktop/invpend/src/Inverted-pendulum-problems/install/custom_msgs/bin'
[0.911s] INFO:colcon.colcon_core.shell:Creating package script '/home/ayuwan/Desktop/invpend/src/Inverted-pendulum-problems/install/custom_msgs/share/custom_msgs/package.ps1'
[0.912s] INFO:colcon.colcon_core.shell:Creating package descriptor '/home/ayuwan/Desktop/invpend/src/Inverted-pendulum-problems/install/custom_msgs/share/custom_msgs/package.dsv'
[0.912s] INFO:colcon.colcon_core.shell:Creating package script '/home/ayuwan/Desktop/invpend/src/Inverted-pendulum-problems/install/custom_msgs/share/custom_msgs/package.sh'
[0.913s] INFO:colcon.colcon_core.shell:Creating package script '/home/ayuwan/Desktop/invpend/src/Inverted-pendulum-problems/install/custom_msgs/share/custom_msgs/package.bash'
[0.913s] INFO:colcon.colcon_core.shell:Creating package script '/home/ayuwan/Desktop/invpend/src/Inverted-pendulum-problems/install/custom_msgs/share/custom_msgs/package.zsh'
[0.914s] Level 1:colcon.colcon_core.environment:create_file_with_runtime_dependencies(/home/ayuwan/Desktop/invpend/src/Inverted-pendulum-problems/install/custom_msgs/share/colcon-core/packages/custom_msgs)
[0.950s] Level 1:colcon.colcon_core.environment:create_environment_scripts_only(custom_msgs)
[0.950s] Level 1:colcon.colcon_core.environment:checking '/home/ayuwan/Desktop/invpend/src/Inverted-pendulum-problems/install/custom_msgs' for CMake module files
[0.950s] Level 1:colcon.colcon_core.environment:checking '/home/ayuwan/Desktop/invpend/src/Inverted-pendulum-problems/install/custom_msgs' for CMake config files
[0.951s] Level 1:colcon.colcon_core.shell:create_environment_hook('custom_msgs', 'cmake_prefix_path')
[0.951s] INFO:colcon.colcon_core.shell:Creating environment hook '/home/ayuwan/Desktop/invpend/src/Inverted-pendulum-problems/install/custom_msgs/share/custom_msgs/hook/cmake_prefix_path.ps1'
[0.951s] INFO:colcon.colcon_core.shell:Creating environment descriptor '/home/ayuwan/Desktop/invpend/src/Inverted-pendulum-problems/install/custom_msgs/share/custom_msgs/hook/cmake_prefix_path.dsv'
[0.952s] INFO:colcon.colcon_core.shell:Creating environment hook '/home/ayuwan/Desktop/invpend/src/Inverted-pendulum-problems/install/custom_msgs/share/custom_msgs/hook/cmake_prefix_path.sh'
[0.952s] Level 1:colcon.colcon_core.environment:checking '/home/ayuwan/Desktop/invpend/src/Inverted-pendulum-problems/install/custom_msgs/lib'
[0.952s] Level 1:colcon.colcon_core.shell:create_environment_hook('custom_msgs', 'ld_library_path_lib')
[0.952s] INFO:colcon.colcon_core.shell:Creating environment hook '/home/ayuwan/Desktop/invpend/src/Inverted-pendulum-problems/install/custom_msgs/share/custom_msgs/hook/ld_library_path_lib.ps1'
[0.953s] INFO:colcon.colcon_core.shell:Creating environment descriptor '/home/ayuwan/Desktop/invpend/src/Inverted-pendulum-problems/install/custom_msgs/share/custom_msgs/hook/ld_library_path_lib.dsv'
[0.953s] INFO:colcon.colcon_core.shell:Creating environment hook '/home/ayuwan/Desktop/invpend/src/Inverted-pendulum-problems/install/custom_msgs/share/custom_msgs/hook/ld_library_path_lib.sh'
[0.953s] Level 1:colcon.colcon_core.environment:checking '/home/ayuwan/Desktop/invpend/src/Inverted-pendulum-problems/install/custom_msgs/bin'
[0.953s] Level 1:colcon.colcon_core.environment:checking '/home/ayuwan/Desktop/invpend/src/Inverted-pendulum-problems/install/custom_msgs/lib/pkgconfig/custom_msgs.pc'
[0.953s] Level 1:colcon.colcon_core.environment:checking '/home/ayuwan/Desktop/invpend/src/Inverted-pendulum-problems/install/custom_msgs/lib/python3.8/site-packages'
[0.953s] Level 1:colcon.colcon_core.shell:create_environment_hook('custom_msgs', 'pythonpath')
[0.954s] INFO:colcon.colcon_core.shell:Creating environment hook '/home/ayuwan/Desktop/invpend/src/Inverted-pendulum-problems/install/custom_msgs/share/custom_msgs/hook/pythonpath.ps1'
[0.954s] INFO:colcon.colcon_core.shell:Creating environment descriptor '/home/ayuwan/Desktop/invpend/src/Inverted-pendulum-problems/install/custom_msgs/share/custom_msgs/hook/pythonpath.dsv'
[0.954s] INFO:colcon.colcon_core.shell:Creating environment hook '/home/ayuwan/Desktop/invpend/src/Inverted-pendulum-problems/install/custom_msgs/share/custom_msgs/hook/pythonpath.sh'
[0.955s] Level 1:colcon.colcon_core.environment:checking '/home/ayuwan/Desktop/invpend/src/Inverted-pendulum-problems/install/custom_msgs/bin'
[0.955s] INFO:colcon.colcon_core.shell:Creating package script '/home/ayuwan/Desktop/invpend/src/Inverted-pendulum-problems/install/custom_msgs/share/custom_msgs/package.ps1'
[0.955s] INFO:colcon.colcon_core.shell:Creating package descriptor '/home/ayuwan/Desktop/invpend/src/Inverted-pendulum-problems/install/custom_msgs/share/custom_msgs/package.dsv'
[0.956s] INFO:colcon.colcon_core.shell:Creating package script '/home/ayuwan/Desktop/invpend/src/Inverted-pendulum-problems/install/custom_msgs/share/custom_msgs/package.sh'
[0.956s] INFO:colcon.colcon_core.shell:Creating package script '/home/ayuwan/Desktop/invpend/src/Inverted-pendulum-problems/install/custom_msgs/share/custom_msgs/package.bash'
[0.956s] INFO:colcon.colcon_core.shell:Creating package script '/home/ayuwan/Desktop/invpend/src/Inverted-pendulum-problems/install/custom_msgs/share/custom_msgs/package.zsh'
[0.956s] Level 1:colcon.colcon_core.environment:create_file_with_runtime_dependencies(/home/ayuwan/Desktop/invpend/src/Inverted-pendulum-problems/install/custom_msgs/share/colcon-core/packages/custom_msgs)
[1.104s] DEBUG:colcon.colcon_core.event_handler.log_command:Invoking command in '/home/ayuwan/Desktop/invpend/src/Inverted-pendulum-problems/build/single_inverted': PYTHONPATH=/home/ayuwan/Desktop/invpend/src/Inverted-pendulum-problems/build/single_inverted/prefix_override:/home/ayuwan/Desktop/invpend/src/Inverted-pendulum-problems/install/single_inverted/lib/python3.8/site-packages:${PYTHONPATH} /usr/bin/python3 -W ignore:setup.py install is deprecated setup.py develop --editable --build-directory /home/ayuwan/Desktop/invpend/src/Inverted-pendulum-problems/build/single_inverted/build --no-deps symlink_data
[1.108s] DEBUG:colcon.colcon_core.event_handler.log_command:Invoking command in '/home/ayuwan/Desktop/invpend/src/Inverted-pendulum-problems/build/double_inverted': PYTHONPATH=/home/ayuwan/Desktop/invpend/src/Inverted-pendulum-problems/build/double_inverted/prefix_override:/home/ayuwan/Desktop/invpend/src/Inverted-pendulum-problems/install/double_inverted/lib/python3.8/site-packages:${PYTHONPATH} /usr/bin/python3 -W ignore:setup.py install is deprecated setup.py develop --editable --build-directory /home/ayuwan/Desktop/invpend/src/Inverted-pendulum-problems/build/double_inverted/build --no-deps symlink_data
[1.461s] Level 1:colcon.colcon_core.shell:create_environment_hook('double_inverted', 'pythonpath_develop')
[1.462s] INFO:colcon.colcon_core.shell:Creating environment hook '/home/ayuwan/Desktop/invpend/src/Inverted-pendulum-problems/build/double_inverted/share/double_inverted/hook/pythonpath_develop.ps1'
[1.463s] DEBUG:colcon.colcon_core.event_handler.log_command:Invoked command in '/home/ayuwan/Desktop/invpend/src/Inverted-pendulum-problems/build/double_inverted' returned '0': PYTHONPATH=/home/ayuwan/Desktop/invpend/src/Inverted-pendulum-problems/build/double_inverted/prefix_override:/home/ayuwan/Desktop/invpend/src/Inverted-pendulum-problems/install/double_inverted/lib/python3.8/site-packages:${PYTHONPATH} /usr/bin/python3 -W ignore:setup.py install is deprecated setup.py develop --editable --build-directory /home/ayuwan/Desktop/invpend/src/Inverted-pendulum-problems/build/double_inverted/build --no-deps symlink_data
[1.463s] INFO:colcon.colcon_core.shell:Creating environment descriptor '/home/ayuwan/Desktop/invpend/src/Inverted-pendulum-problems/build/double_inverted/share/double_inverted/hook/pythonpath_develop.dsv'
[1.463s] INFO:colcon.colcon_core.shell:Creating environment hook '/home/ayuwan/Desktop/invpend/src/Inverted-pendulum-problems/build/double_inverted/share/double_inverted/hook/pythonpath_develop.sh'
[1.464s] Level 1:colcon.colcon_core.environment:checking '/home/ayuwan/Desktop/invpend/src/Inverted-pendulum-problems/install/double_inverted' for CMake module files
[1.464s] Level 1:colcon.colcon_core.environment:checking '/home/ayuwan/Desktop/invpend/src/Inverted-pendulum-problems/install/double_inverted' for CMake config files
[1.464s] Level 1:colcon.colcon_core.environment:checking '/home/ayuwan/Desktop/invpend/src/Inverted-pendulum-problems/install/double_inverted/lib'
[1.465s] Level 1:colcon.colcon_core.environment:checking '/home/ayuwan/Desktop/invpend/src/Inverted-pendulum-problems/install/double_inverted/bin'
[1.465s] Level 1:colcon.colcon_core.environment:checking '/home/ayuwan/Desktop/invpend/src/Inverted-pendulum-problems/install/double_inverted/lib/pkgconfig/double_inverted.pc'
[1.465s] Level 1:colcon.colcon_core.environment:checking '/home/ayuwan/Desktop/invpend/src/Inverted-pendulum-problems/install/double_inverted/lib/python3.8/site-packages'
[1.465s] Level 1:colcon.colcon_core.shell:create_environment_hook('double_inverted', 'pythonpath')
[1.466s] INFO:colcon.colcon_core.shell:Creating environment hook '/home/ayuwan/Desktop/invpend/src/Inverted-pendulum-problems/install/double_inverted/share/double_inverted/hook/pythonpath.ps1'
[1.467s] INFO:colcon.colcon_core.shell:Creating environment descriptor '/home/ayuwan/Desktop/invpend/src/Inverted-pendulum-problems/install/double_inverted/share/double_inverted/hook/pythonpath.dsv'
[1.468s] INFO:colcon.colcon_core.shell:Creating environment hook '/home/ayuwan/Desktop/invpend/src/Inverted-pendulum-problems/install/double_inverted/share/double_inverted/hook/pythonpath.sh'
[1.469s] Level 1:colcon.colcon_core.environment:checking '/home/ayuwan/Desktop/invpend/src/Inverted-pendulum-problems/install/double_inverted/bin'
[1.469s] Level 1:colcon.colcon_core.environment:create_environment_scripts_only(double_inverted)
[1.470s] INFO:colcon.colcon_core.shell:Creating package script '/home/ayuwan/Desktop/invpend/src/Inverted-pendulum-problems/install/double_inverted/share/double_inverted/package.ps1'
[1.470s] INFO:colcon.colcon_core.shell:Creating package descriptor '/home/ayuwan/Desktop/invpend/src/Inverted-pendulum-problems/install/double_inverted/share/double_inverted/package.dsv'
[1.471s] INFO:colcon.colcon_core.shell:Creating package script '/home/ayuwan/Desktop/invpend/src/Inverted-pendulum-problems/install/double_inverted/share/double_inverted/package.sh'
[1.471s] INFO:colcon.colcon_core.shell:Creating package script '/home/ayuwan/Desktop/invpend/src/Inverted-pendulum-problems/install/double_inverted/share/double_inverted/package.bash'
[1.471s] INFO:colcon.colcon_core.shell:Creating package script '/home/ayuwan/Desktop/invpend/src/Inverted-pendulum-problems/install/double_inverted/share/double_inverted/package.zsh'
[1.471s] Level 1:colcon.colcon_core.environment:create_file_with_runtime_dependencies(/home/ayuwan/Desktop/invpend/src/Inverted-pendulum-problems/install/double_inverted/share/colcon-core/packages/double_inverted)
[1.472s] Level 1:colcon.colcon_core.shell:create_environment_hook('single_inverted', 'pythonpath_develop')
[1.472s] INFO:colcon.colcon_core.shell:Creating environment hook '/home/ayuwan/Desktop/invpend/src/Inverted-pendulum-problems/build/single_inverted/share/single_inverted/hook/pythonpath_develop.ps1'
[1.473s] DEBUG:colcon.colcon_core.event_handler.log_command:Invoked command in '/home/ayuwan/Desktop/invpend/src/Inverted-pendulum-problems/build/single_inverted' returned '0': PYTHONPATH=/home/ayuwan/Desktop/invpend/src/Inverted-pendulum-problems/build/single_inverted/prefix_override:/home/ayuwan/Desktop/invpend/src/Inverted-pendulum-problems/install/single_inverted/lib/python3.8/site-packages:${PYTHONPATH} /usr/bin/python3 -W ignore:setup.py install is deprecated setup.py develop --editable --build-directory /home/ayuwan/Desktop/invpend/src/Inverted-pendulum-problems/build/single_inverted/build --no-deps symlink_data
[1.473s] INFO:colcon.colcon_core.shell:Creating environment descriptor '/home/ayuwan/Desktop/invpend/src/Inverted-pendulum-problems/build/single_inverted/share/single_inverted/hook/pythonpath_develop.dsv'
[1.473s] INFO:colcon.colcon_core.shell:Creating environment hook '/home/ayuwan/Desktop/invpend/src/Inverted-pendulum-problems/build/single_inverted/share/single_inverted/hook/pythonpath_develop.sh'
[1.474s] Level 1:colcon.colcon_core.environment:checking '/home/ayuwan/Desktop/invpend/src/Inverted-pendulum-problems/install/single_inverted' for CMake module files
[1.474s] Level 1:colcon.colcon_core.environment:checking '/home/ayuwan/Desktop/invpend/src/Inverted-pendulum-problems/install/single_inverted' for CMake config files
[1.474s] Level 1:colcon.colcon_core.environment:checking '/home/ayuwan/Desktop/invpend/src/Inverted-pendulum-problems/install/single_inverted/lib'
[1.474s] Level 1:colcon.colcon_core.environment:checking '/home/ayuwan/Desktop/invpend/src/Inverted-pendulum-problems/install/single_inverted/bin'
[1.474s] Level 1:colcon.colcon_core.environment:checking '/home/ayuwan/Desktop/invpend/src/Inverted-pendulum-problems/install/single_inverted/lib/pkgconfig/single_inverted.pc'
[1.475s] Level 1:colcon.colcon_core.environment:checking '/home/ayuwan/Desktop/invpend/src/Inverted-pendulum-problems/install/single_inverted/lib/python3.8/site-packages'
[1.475s] Level 1:colcon.colcon_core.shell:create_environment_hook('single_inverted', 'pythonpath')
[1.475s] INFO:colcon.colcon_core.shell:Creating environment hook '/home/ayuwan/Desktop/invpend/src/Inverted-pendulum-problems/install/single_inverted/share/single_inverted/hook/pythonpath.ps1'
[1.475s] INFO:colcon.colcon_core.shell:Creating environment descriptor '/home/ayuwan/Desktop/invpend/src/Inverted-pendulum-problems/install/single_inverted/share/single_inverted/hook/pythonpath.dsv'
[1.476s] INFO:colcon.colcon_core.shell:Creating environment hook '/home/ayuwan/Desktop/invpend/src/Inverted-pendulum-problems/install/single_inverted/share/single_inverted/hook/pythonpath.sh'
[1.477s] Level 1:colcon.colcon_core.environment:checking '/home/ayuwan/Desktop/invpend/src/Inverted-pendulum-problems/install/single_inverted/bin'
[1.477s] Level 1:colcon.colcon_core.environment:create_environment_scripts_only(single_inverted)
[1.478s] INFO:colcon.colcon_core.shell:Creating package script '/home/ayuwan/Desktop/invpend/src/Inverted-pendulum-problems/install/single_inverted/share/single_inverted/package.ps1'
[1.479s] INFO:colcon.colcon_core.shell:Creating package descriptor '/home/ayuwan/Desktop/invpend/src/Inverted-pendulum-problems/install/single_inverted/share/single_inverted/package.dsv'
[1.479s] INFO:colcon.colcon_core.shell:Creating package script '/home/ayuwan/Desktop/invpend/src/Inverted-pendulum-problems/install/single_inverted/share/single_inverted/package.sh'
[1.479s] INFO:colcon.colcon_core.shell:Creating package script '/home/ayuwan/Desktop/invpend/src/Inverted-pendulum-problems/install/single_inverted/share/single_inverted/package.bash'
[1.479s] INFO:colcon.colcon_core.shell:Creating package script '/home/ayuwan/Desktop/invpend/src/Inverted-pendulum-problems/install/single_inverted/share/single_inverted/package.zsh'
[1.479s] Level 1:colcon.colcon_core.environment:create_file_with_runtime_dependencies(/home/ayuwan/Desktop/invpend/src/Inverted-pendulum-problems/install/single_inverted/share/colcon-core/packages/single_inverted)
[1.480s] DEBUG:colcon.colcon_parallel_executor.executor.parallel:closing loop
[1.480s] DEBUG:colcon.colcon_parallel_executor.executor.parallel:loop closed
[1.480s] DEBUG:colcon.colcon_parallel_executor.executor.parallel:run_until_complete finished with '0'
[1.480s] DEBUG:colcon.colcon_core.event_reactor:joining thread
[1.486s] INFO:colcon.colcon_core.plugin_system:Skipping extension 'colcon_notification.desktop_notification.terminal_notifier': Not used on non-Darwin systems
[1.487s] INFO:colcon.colcon_core.plugin_system:Skipping extension 'colcon_notification.desktop_notification.win32': Not used on non-Windows systems
[1.487s] INFO:colcon.colcon_notification.desktop_notification:Sending desktop notification using 'notify2'
[1.502s] DEBUG:colcon.colcon_core.event_reactor:joined thread
[1.503s] INFO:colcon.colcon_core.shell:Creating prefix script '/home/ayuwan/Desktop/invpend/src/Inverted-pendulum-problems/install/local_setup.ps1'
[1.504s] INFO:colcon.colcon_core.shell:Creating prefix util module '/home/ayuwan/Desktop/invpend/src/Inverted-pendulum-problems/install/_local_setup_util_ps1.py'
[1.504s] INFO:colcon.colcon_core.shell:Creating prefix chain script '/home/ayuwan/Desktop/invpend/src/Inverted-pendulum-problems/install/setup.ps1'
[1.506s] INFO:colcon.colcon_core.shell:Creating prefix script '/home/ayuwan/Desktop/invpend/src/Inverted-pendulum-problems/install/local_setup.sh'
[1.507s] INFO:colcon.colcon_core.shell:Creating prefix util module '/home/ayuwan/Desktop/invpend/src/Inverted-pendulum-problems/install/_local_setup_util_sh.py'
[1.507s] INFO:colcon.colcon_core.shell:Creating prefix chain script '/home/ayuwan/Desktop/invpend/src/Inverted-pendulum-problems/install/setup.sh'
[1.508s] INFO:colcon.colcon_core.shell:Creating prefix script '/home/ayuwan/Desktop/invpend/src/Inverted-pendulum-problems/install/local_setup.bash'
[1.509s] INFO:colcon.colcon_core.shell:Creating prefix chain script '/home/ayuwan/Desktop/invpend/src/Inverted-pendulum-problems/install/setup.bash'
[1.509s] INFO:colcon.colcon_core.shell:Creating prefix script '/home/ayuwan/Desktop/invpend/src/Inverted-pendulum-problems/install/local_setup.zsh'
[1.510s] INFO:colcon.colcon_core.shell:Creating prefix chain script '/home/ayuwan/Desktop/invpend/src/Inverted-pendulum-problems/install/setup.zsh'
