[0.145s] DEBUG:colcon:Command line arguments: ['/usr/bin/colcon', 'build', '--symlink-install']
[0.145s] DEBUG:colcon:Parsed command line arguments: Namespace(allow_overriding=[], ament_cmake_args=None, base_paths=['.'], build_base='build', catkin_cmake_args=None, catkin_skip_building_tests=False, cmake_args=None, cmake_clean_cache=False, cmake_clean_first=False, cmake_force_configure=False, cmake_target=None, cmake_target_skip_unavailable=False, continue_on_error=False, event_handlers=None, executor='parallel', ignore_user_meta=False, install_base='install', log_base=None, log_level=None, main=<bound method BuildVerb.main of <colcon_core.verb.build.BuildVerb object at 0x7f78822349d0>>, merge_install=False, metas=['./colcon.meta'], mixin=None, mixin_files=None, mixin_verb=('build',), packages_above=None, packages_above_and_dependencies=None, packages_above_depth=None, packages_end=None, packages_ignore=None, packages_ignore_regex=None, packages_select=None, packages_select_build_failed=False, packages_select_by_dep=None, packages_select_regex=None, packages_select_test_failures=False, packages_skip=None, packages_skip_build_finished=False, packages_skip_by_dep=None, packages_skip_regex=None, packages_skip_test_passed=False, packages_skip_up_to=None, packages_start=None, packages_up_to=None, packages_up_to_regex=None, parallel_workers=16, paths=None, symlink_install=True, test_result_base=None, verb_extension=<colcon_core.verb.build.BuildVerb object at 0x7f78822349d0>, verb_name='build', verb_parser=<colcon_mixin.mixin.mixin_argument.MixinArgumentDecorator object at 0x7f7882234f10>)
[0.260s] Level 1:colcon.colcon_core.package_discovery:discover_packages(colcon_meta) check parameters
[0.260s] Level 1:colcon.colcon_core.package_discovery:discover_packages(recursive) check parameters
[0.260s] Level 1:colcon.colcon_core.package_discovery:discover_packages(ignore) check parameters
[0.260s] Level 1:colcon.colcon_core.package_discovery:discover_packages(path) check parameters
[0.260s] Level 1:colcon.colcon_core.package_discovery:discover_packages(colcon_meta) discover
[0.260s] Level 1:colcon.colcon_core.package_discovery:discover_packages(recursive) discover
[0.260s] INFO:colcon.colcon_core.package_discovery:Crawling recursively for packages in '/home/ayuwan/Desktop/invpend/src/Inverted-pendulum-problems'
[0.260s] Level 1:colcon.colcon_core.package_identification:_identify(.) by extensions ['ignore', 'ignore_ament_install']
[0.260s] Level 1:colcon.colcon_core.package_identification:_identify(.) by extension 'ignore'
[0.260s] Level 1:colcon.colcon_core.package_identification:_identify(.) by extension 'ignore_ament_install'
[0.260s] Level 1:colcon.colcon_core.package_identification:_identify(.) by extensions ['colcon_pkg']
[0.260s] Level 1:colcon.colcon_core.package_identification:_identify(.) by extension 'colcon_pkg'
[0.260s] Level 1:colcon.colcon_core.package_identification:_identify(.) by extensions ['colcon_meta']
[0.260s] Level 1:colcon.colcon_core.package_identification:_identify(.) by extension 'colcon_meta'
[0.260s] Level 1:colcon.colcon_core.package_identification:_identify(.) by extensions ['ros']
[0.260s] Level 1:colcon.colcon_core.package_identification:_identify(.) by extension 'ros'
[0.281s] Level 1:colcon.colcon_core.package_identification:_identify(.) by extensions ['cmake', 'python']
[0.281s] Level 1:colcon.colcon_core.package_identification:_identify(.) by extension 'cmake'
[0.281s] Level 1:colcon.colcon_core.package_identification:_identify(.) by extension 'python'
[0.281s] Level 1:colcon.colcon_core.package_identification:_identify(.) by extensions ['python_setup_py']
[0.281s] Level 1:colcon.colcon_core.package_identification:_identify(.) by extension 'python_setup_py'
[0.281s] Level 1:colcon.colcon_core.package_identification:_identify(build) by extensions ['ignore', 'ignore_ament_install']
[0.281s] Level 1:colcon.colcon_core.package_identification:_identify(build) by extension 'ignore'
[0.281s] Level 1:colcon.colcon_core.package_identification:_identify(build) ignored
[0.281s] Level 1:colcon.colcon_core.package_identification:_identify(custom_msgs) by extensions ['ignore', 'ignore_ament_install']
[0.281s] Level 1:colcon.colcon_core.package_identification:_identify(custom_msgs) by extension 'ignore'
[0.281s] Level 1:colcon.colcon_core.package_identification:_identify(custom_msgs) by extension 'ignore_ament_install'
[0.281s] Level 1:colcon.colcon_core.package_identification:_identify(custom_msgs) by extensions ['colcon_pkg']
[0.281s] Level 1:colcon.colcon_core.package_identification:_identify(custom_msgs) by extension 'colcon_pkg'
[0.281s] Level 1:colcon.colcon_core.package_identification:_identify(custom_msgs) by extensions ['colcon_meta']
[0.281s] Level 1:colcon.colcon_core.package_identification:_identify(custom_msgs) by extension 'colcon_meta'
[0.281s] Level 1:colcon.colcon_core.package_identification:_identify(custom_msgs) by extensions ['ros']
[0.281s] Level 1:colcon.colcon_core.package_identification:_identify(custom_msgs) by extension 'ros'
[0.283s] DEBUG:colcon.colcon_core.package_identification:Package 'custom_msgs' with type 'ros.ament_cmake' and name 'custom_msgs'
[0.283s] Level 1:colcon.colcon_core.package_identification:_identify(double_inverted) by extensions ['ignore', 'ignore_ament_install']
[0.283s] Level 1:colcon.colcon_core.package_identification:_identify(double_inverted) by extension 'ignore'
[0.283s] Level 1:colcon.colcon_core.package_identification:_identify(double_inverted) by extension 'ignore_ament_install'
[0.283s] Level 1:colcon.colcon_core.package_identification:_identify(double_inverted) by extensions ['colcon_pkg']
[0.283s] Level 1:colcon.colcon_core.package_identification:_identify(double_inverted) by extension 'colcon_pkg'
[0.283s] Level 1:colcon.colcon_core.package_identification:_identify(double_inverted) by extensions ['colcon_meta']
[0.283s] Level 1:colcon.colcon_core.package_identification:_identify(double_inverted) by extension 'colcon_meta'
[0.283s] Level 1:colcon.colcon_core.package_identification:_identify(double_inverted) by extensions ['ros']
[0.283s] Level 1:colcon.colcon_core.package_identification:_identify(double_inverted) by extension 'ros'
[0.284s] DEBUG:colcon.colcon_core.package_identification:Package 'double_inverted' with type 'ros.ament_python' and name 'double_inverted'
[0.284s] Level 1:colcon.colcon_core.package_identification:_identify(illustrations) by extensions ['ignore', 'ignore_ament_install']
[0.284s] Level 1:colcon.colcon_core.package_identification:_identify(illustrations) by extension 'ignore'
[0.284s] Level 1:colcon.colcon_core.package_identification:_identify(illustrations) by extension 'ignore_ament_install'
[0.284s] Level 1:colcon.colcon_core.package_identification:_identify(illustrations) by extensions ['colcon_pkg']
[0.284s] Level 1:colcon.colcon_core.package_identification:_identify(illustrations) by extension 'colcon_pkg'
[0.284s] Level 1:colcon.colcon_core.package_identification:_identify(illustrations) by extensions ['colcon_meta']
[0.284s] Level 1:colcon.colcon_core.package_identification:_identify(illustrations) by extension 'colcon_meta'
[0.284s] Level 1:colcon.colcon_core.package_identification:_identify(illustrations) by extensions ['ros']
[0.284s] Level 1:colcon.colcon_core.package_identification:_identify(illustrations) by extension 'ros'
[0.284s] Level 1:colcon.colcon_core.package_identification:_identify(illustrations) by extensions ['cmake', 'python']
[0.284s] Level 1:colcon.colcon_core.package_identification:_identify(illustrations) by extension 'cmake'
[0.284s] Level 1:colcon.colcon_core.package_identification:_identify(illustrations) by extension 'python'
[0.284s] Level 1:colcon.colcon_core.package_identification:_identify(illustrations) by extensions ['python_setup_py']
[0.284s] Level 1:colcon.colcon_core.package_identification:_identify(illustrations) by extension 'python_setup_py'
[0.284s] Level 1:colcon.colcon_core.package_identification:_identify(install) by extensions ['ignore', 'ignore_ament_install']
[0.284s] Level 1:colcon.colcon_core.package_identification:_identify(install) by extension 'ignore'
[0.284s] Level 1:colcon.colcon_core.package_identification:_identify(install) ignored
[0.285s] Level 1:colcon.colcon_core.package_identification:_identify(log) by extensions ['ignore', 'ignore_ament_install']
[0.285s] Level 1:colcon.colcon_core.package_identification:_identify(log) by extension 'ignore'
[0.285s] Level 1:colcon.colcon_core.package_identification:_identify(log) ignored
[0.285s] Level 1:colcon.colcon_core.package_identification:_identify(single_inverted) by extensions ['ignore', 'ignore_ament_install']
[0.285s] Level 1:colcon.colcon_core.package_identification:_identify(single_inverted) by extension 'ignore'
[0.285s] Level 1:colcon.colcon_core.package_identification:_identify(single_inverted) by extension 'ignore_ament_install'
[0.285s] Level 1:colcon.colcon_core.package_identification:_identify(single_inverted) by extensions ['colcon_pkg']
[0.285s] Level 1:colcon.colcon_core.package_identification:_identify(single_inverted) by extension 'colcon_pkg'
[0.285s] Level 1:colcon.colcon_core.package_identification:_identify(single_inverted) by extensions ['colcon_meta']
[0.285s] Level 1:colcon.colcon_core.package_identification:_identify(single_inverted) by extension 'colcon_meta'
[0.285s] Level 1:colcon.colcon_core.package_identification:_identify(single_inverted) by extensions ['ros']
[0.285s] Level 1:colcon.colcon_core.package_identification:_identify(single_inverted) by extension 'ros'
[0.285s] DEBUG:colcon.colcon_core.package_identification:Package 'single_inverted' with type 'ros.ament_python' and name 'single_inverted'
[0.285s] Level 1:colcon.colcon_core.package_discovery:discover_packages(recursive) using defaults
[0.285s] Level 1:colcon.colcon_core.package_discovery:discover_packages(ignore) discover
[0.285s] Level 1:colcon.colcon_core.package_discovery:discover_packages(ignore) using defaults
[0.285s] Level 1:colcon.colcon_core.package_discovery:discover_packages(path) discover
[0.285s] Level 1:colcon.colcon_core.package_discovery:discover_packages(path) using defaults
[0.296s] Level 1:colcon.colcon_core.package_discovery:discover_packages(prefix_path) check parameters
[0.296s] Level 1:colcon.colcon_core.package_discovery:discover_packages(prefix_path) discover
[0.297s] DEBUG:colcon.colcon_installed_package_information.package_discovery:Found 3 installed packages in /home/ayuwan/Desktop/invpend/src/Inverted-pendulum-problems/install
[0.298s] DEBUG:colcon.colcon_installed_package_information.package_discovery:Found 2 installed packages in /home/ayuwan/rosws/install
[0.299s] DEBUG:colcon.colcon_installed_package_information.package_discovery:Found 276 installed packages in /opt/ros/galactic
[0.300s] Level 1:colcon.colcon_core.package_discovery:discover_packages(prefix_path) using defaults
[0.343s] Level 5:colcon.colcon_core.verb:set package 'custom_msgs' build argument 'cmake_args' from command line to 'None'
[0.343s] Level 5:colcon.colcon_core.verb:set package 'custom_msgs' build argument 'cmake_target' from command line to 'None'
[0.343s] Level 5:colcon.colcon_core.verb:set package 'custom_msgs' build argument 'cmake_target_skip_unavailable' from command line to 'False'
[0.343s] Level 5:colcon.colcon_core.verb:set package 'custom_msgs' build argument 'cmake_clean_cache' from command line to 'False'
[0.343s] Level 5:colcon.colcon_core.verb:set package 'custom_msgs' build argument 'cmake_clean_first' from command line to 'False'
[0.343s] Level 5:colcon.colcon_core.verb:set package 'custom_msgs' build argument 'cmake_force_configure' from command line to 'False'
[0.343s] Level 5:colcon.colcon_core.verb:set package 'custom_msgs' build argument 'ament_cmake_args' from command line to 'None'
[0.343s] Level 5:colcon.colcon_core.verb:set package 'custom_msgs' build argument 'catkin_cmake_args' from command line to 'None'
[0.343s] Level 5:colcon.colcon_core.verb:set package 'custom_msgs' build argument 'catkin_skip_building_tests' from command line to 'False'
[0.343s] DEBUG:colcon.colcon_core.verb:Building package 'custom_msgs' with the following arguments: {'ament_cmake_args': None, 'build_base': '/home/ayuwan/Desktop/invpend/src/Inverted-pendulum-problems/build/custom_msgs', 'catkin_cmake_args': None, 'catkin_skip_building_tests': False, 'cmake_args': None, 'cmake_clean_cache': False, 'cmake_clean_first': False, 'cmake_force_configure': False, 'cmake_target': None, 'cmake_target_skip_unavailable': False, 'install_base': '/home/ayuwan/Desktop/invpend/src/Inverted-pendulum-problems/install/custom_msgs', 'merge_install': False, 'path': '/home/ayuwan/Desktop/invpend/src/Inverted-pendulum-problems/custom_msgs', 'symlink_install': True, 'test_result_base': None}
[0.344s] Level 5:colcon.colcon_core.verb:set package 'double_inverted' build argument 'cmake_args' from command line to 'None'
[0.344s] Level 5:colcon.colcon_core.verb:set package 'double_inverted' build argument 'cmake_target' from command line to 'None'
[0.344s] Level 5:colcon.colcon_core.verb:set package 'double_inverted' build argument 'cmake_target_skip_unavailable' from command line to 'False'
[0.344s] Level 5:colcon.colcon_core.verb:set package 'double_inverted' build argument 'cmake_clean_cache' from command line to 'False'
[0.344s] Level 5:colcon.colcon_core.verb:set package 'double_inverted' build argument 'cmake_clean_first' from command line to 'False'
[0.344s] Level 5:colcon.colcon_core.verb:set package 'double_inverted' build argument 'cmake_force_configure' from command line to 'False'
[0.344s] Level 5:colcon.colcon_core.verb:set package 'double_inverted' build argument 'ament_cmake_args' from command line to 'None'
[0.344s] Level 5:colcon.colcon_core.verb:set package 'double_inverted' build argument 'catkin_cmake_args' from command line to 'None'
[0.344s] Level 5:colcon.colcon_core.verb:set package 'double_inverted' build argument 'catkin_skip_building_tests' from command line to 'False'
[0.344s] DEBUG:colcon.colcon_core.verb:Building package 'double_inverted' with the following arguments: {'ament_cmake_args': None, 'build_base': '/home/ayuwan/Desktop/invpend/src/Inverted-pendulum-problems/build/double_inverted', 'catkin_cmake_args': None, 'catkin_skip_building_tests': False, 'cmake_args': None, 'cmake_clean_cache': False, 'cmake_clean_first': False, 'cmake_force_configure': False, 'cmake_target': None, 'cmake_target_skip_unavailable': False, 'install_base': '/home/ayuwan/Desktop/invpend/src/Inverted-pendulum-problems/install/double_inverted', 'merge_install': False, 'path': '/home/ayuwan/Desktop/invpend/src/Inverted-pendulum-problems/double_inverted', 'symlink_install': True, 'test_result_base': None}
[0.344s] Level 5:colcon.colcon_core.verb:set package 'single_inverted' build argument 'cmake_args' from command line to 'None'
[0.344s] Level 5:colcon.colcon_core.verb:set package 'single_inverted' build argument 'cmake_target' from command line to 'None'
[0.344s] Level 5:colcon.colcon_core.verb:set package 'single_inverted' build argument 'cmake_target_skip_unavailable' from command line to 'False'
[0.344s] Level 5:colcon.colcon_core.verb:set package 'single_inverted' build argument 'cmake_clean_cache' from command line to 'False'
[0.344s] Level 5:colcon.colcon_core.verb:set package 'single_inverted' build argument 'cmake_clean_first' from command line to 'False'
[0.344s] Level 5:colcon.colcon_core.verb:set package 'single_inverted' build argument 'cmake_force_configure' from command line to 'False'
[0.344s] Level 5:colcon.colcon_core.verb:set package 'single_inverted' build argument 'ament_cmake_args' from command line to 'None'
[0.344s] Level 5:colcon.colcon_core.verb:set package 'single_inverted' build argument 'catkin_cmake_args' from command line to 'None'
[0.344s] Level 5:colcon.colcon_core.verb:set package 'single_inverted' build argument 'catkin_skip_building_tests' from command line to 'False'
[0.344s] DEBUG:colcon.colcon_core.verb:Building package 'single_inverted' with the following arguments: {'ament_cmake_args': None, 'build_base': '/home/ayuwan/Desktop/invpend/src/Inverted-pendulum-problems/build/single_inverted', 'catkin_cmake_args': None, 'catkin_skip_building_tests': False, 'cmake_args': None, 'cmake_clean_cache': False, 'cmake_clean_first': False, 'cmake_force_configure': False, 'cmake_target': None, 'cmake_target_skip_unavailable': False, 'install_base': '/home/ayuwan/Desktop/invpend/src/Inverted-pendulum-problems/install/single_inverted', 'merge_install': False, 'path': '/home/ayuwan/Desktop/invpend/src/Inverted-pendulum-problems/single_inverted', 'symlink_install': True, 'test_result_base': None}
[0.344s] INFO:colcon.colcon_core.executor:Executing jobs using 'parallel' executor
[0.345s] DEBUG:colcon.colcon_parallel_executor.executor.parallel:run_until_complete
[0.345s] INFO:colcon.colcon_ros.task.ament_cmake.build:Building ROS package in '/home/ayuwan/Desktop/invpend/src/Inverted-pendulum-problems/custom_msgs' with build type 'ament_cmake'
[0.345s] INFO:colcon.colcon_cmake.task.cmake.build:Building CMake package in '/home/ayuwan/Desktop/invpend/src/Inverted-pendulum-problems/custom_msgs'
[0.347s] INFO:colcon.colcon_core.plugin_system:Skipping extension 'colcon_core.shell.bat': Not used on non-Windows systems
[0.347s] INFO:colcon.colcon_core.shell:Skip shell extension 'powershell' for command environment: Not usable outside of PowerShell
[0.347s] DEBUG:colcon.colcon_core.shell:Skip shell extension 'dsv' for command environment
[0.350s] INFO:colcon.colcon_ros.task.ament_python.build:Building ROS package in '/home/ayuwan/Desktop/invpend/src/Inverted-pendulum-problems/double_inverted' with build type 'ament_python'
[0.350s] Level 1:colcon.colcon_core.shell:create_environment_hook('double_inverted', 'ament_prefix_path')
[0.351s] INFO:colcon.colcon_core.shell:Creating environment hook '/home/ayuwan/Desktop/invpend/src/Inverted-pendulum-problems/install/double_inverted/share/double_inverted/hook/ament_prefix_path.ps1'
[0.351s] INFO:colcon.colcon_core.shell:Creating environment descriptor '/home/ayuwan/Desktop/invpend/src/Inverted-pendulum-problems/install/double_inverted/share/double_inverted/hook/ament_prefix_path.dsv'
[0.351s] INFO:colcon.colcon_core.shell:Creating environment hook '/home/ayuwan/Desktop/invpend/src/Inverted-pendulum-problems/install/double_inverted/share/double_inverted/hook/ament_prefix_path.sh'
[0.352s] INFO:colcon.colcon_core.shell:Skip shell extension 'powershell' for command environment: Not usable outside of PowerShell
[0.352s] DEBUG:colcon.colcon_core.shell:Skip shell extension 'dsv' for command environment
[0.355s] INFO:colcon.colcon_ros.task.ament_python.build:Building ROS package in '/home/ayuwan/Desktop/invpend/src/Inverted-pendulum-problems/single_inverted' with build type 'ament_python'
[0.355s] Level 1:colcon.colcon_core.shell:create_environment_hook('single_inverted', 'ament_prefix_path')
[0.355s] INFO:colcon.colcon_core.shell:Creating environment hook '/home/ayuwan/Desktop/invpend/src/Inverted-pendulum-problems/install/single_inverted/share/single_inverted/hook/ament_prefix_path.ps1'
[0.355s] INFO:colcon.colcon_core.shell:Creating environment descriptor '/home/ayuwan/Desktop/invpend/src/Inverted-pendulum-problems/install/single_inverted/share/single_inverted/hook/ament_prefix_path.dsv'
[0.356s] INFO:colcon.colcon_core.shell:Creating environment hook '/home/ayuwan/Desktop/invpend/src/Inverted-pendulum-problems/install/single_inverted/share/single_inverted/hook/ament_prefix_path.sh'
[0.356s] INFO:colcon.colcon_core.shell:Skip shell extension 'powershell' for command environment: Not usable outside of PowerShell
[0.356s] DEBUG:colcon.colcon_core.shell:Skip shell extension 'dsv' for command environment
[0.364s] DEBUG:colcon.colcon_core.event_handler.log_command:Invoking command in '/home/ayuwan/Desktop/invpend/src/Inverted-pendulum-problems/build/custom_msgs': CMAKE_PREFIX_PATH=${CMAKE_PREFIX_PATH}:/home/ayuwan/Desktop/invpend/src/Inverted-pendulum-problems/install/single_inverted:/home/ayuwan/Desktop/invpend/src/Inverted-pendulum-problems/install/double_inverted:/home/ayuwan/rosws/install/pypubsub:/opt/ros/galactic /usr/bin/cmake --build /home/ayuwan/Desktop/invpend/src/Inverted-pendulum-problems/build/custom_msgs -- -j16 -l16
[0.547s] INFO:colcon.colcon_core.task.python.build:Building Python package in '/home/ayuwan/Desktop/invpend/src/Inverted-pendulum-problems/double_inverted'
[0.548s] INFO:colcon.colcon_core.shell:Skip shell extension 'powershell' for command environment: Not usable outside of PowerShell
[0.548s] DEBUG:colcon.colcon_core.shell:Skip shell extension 'dsv' for command environment
[0.742s] INFO:colcon.colcon_core.task.python.build:Building Python package in '/home/ayuwan/Desktop/invpend/src/Inverted-pendulum-problems/single_inverted'
[0.742s] INFO:colcon.colcon_core.shell:Skip shell extension 'powershell' for command environment: Not usable outside of PowerShell
[0.742s] DEBUG:colcon.colcon_core.shell:Skip shell extension 'dsv' for command environment
[0.749s] DEBUG:colcon.colcon_core.event_handler.log_command:Invoked command in '/home/ayuwan/Desktop/invpend/src/Inverted-pendulum-problems/build/custom_msgs' returned '0': CMAKE_PREFIX_PATH=${CMAKE_PREFIX_PATH}:/home/ayuwan/Desktop/invpend/src/Inverted-pendulum-problems/install/single_inverted:/home/ayuwan/Desktop/invpend/src/Inverted-pendulum-problems/install/double_inverted:/home/ayuwan/rosws/install/pypubsub:/opt/ros/galactic /usr/bin/cmake --build /home/ayuwan/Desktop/invpend/src/Inverted-pendulum-problems/build/custom_msgs -- -j16 -l16
[0.797s] DEBUG:colcon.colcon_core.event_handler.log_command:Invoking command in '/home/ayuwan/Desktop/invpend/src/Inverted-pendulum-problems/build/custom_msgs': CMAKE_PREFIX_PATH=${CMAKE_PREFIX_PATH}:/home/ayuwan/Desktop/invpend/src/Inverted-pendulum-problems/install/single_inverted:/home/ayuwan/Desktop/invpend/src/Inverted-pendulum-problems/install/double_inverted:/home/ayuwan/rosws/install/pypubsub:/opt/ros/galactic /usr/bin/cmake --install /home/ayuwan/Desktop/invpend/src/Inverted-pendulum-problems/build/custom_msgs
[0.854s] Level 1:colcon.colcon_core.environment:create_environment_scripts_only(custom_msgs)
[0.854s] DEBUG:colcon.colcon_core.event_handler.log_command:Invoked command in '/home/ayuwan/Desktop/invpend/src/Inverted-pendulum-problems/build/custom_msgs' returned '0': CMAKE_PREFIX_PATH=${CMAKE_PREFIX_PATH}:/home/ayuwan/Desktop/invpend/src/Inverted-pendulum-problems/install/single_inverted:/home/ayuwan/Desktop/invpend/src/Inverted-pendulum-problems/install/double_inverted:/home/ayuwan/rosws/install/pypubsub:/opt/ros/galactic /usr/bin/cmake --install /home/ayuwan/Desktop/invpend/src/Inverted-pendulum-problems/build/custom_msgs
[0.857s] Level 1:colcon.colcon_core.environment:checking '/home/ayuwan/Desktop/invpend/src/Inverted-pendulum-problems/install/custom_msgs' for CMake module files
[0.858s] Level 1:colcon.colcon_core.environment:checking '/home/ayuwan/Desktop/invpend/src/Inverted-pendulum-problems/install/custom_msgs' for CMake config files
[0.858s] Level 1:colcon.colcon_core.shell:create_environment_hook('custom_msgs', 'cmake_prefix_path')
[0.858s] INFO:colcon.colcon_core.shell:Creating environment hook '/home/ayuwan/Desktop/invpend/src/Inverted-pendulum-problems/install/custom_msgs/share/custom_msgs/hook/cmake_prefix_path.ps1'
[0.859s] INFO:colcon.colcon_core.shell:Creating environment descriptor '/home/ayuwan/Desktop/invpend/src/Inverted-pendulum-problems/install/custom_msgs/share/custom_msgs/hook/cmake_prefix_path.dsv'
[0.859s] INFO:colcon.colcon_core.shell:Creating environment hook '/home/ayuwan/Desktop/invpend/src/Inverted-pendulum-problems/install/custom_msgs/share/custom_msgs/hook/cmake_prefix_path.sh'
[0.859s] Level 1:colcon.colcon_core.environment:checking '/home/ayuwan/Desktop/invpend/src/Inverted-pendulum-problems/install/custom_msgs/lib'
[0.860s] Level 1:colcon.colcon_core.shell:create_environment_hook('custom_msgs', 'ld_library_path_lib')
[0.860s] INFO:colcon.colcon_core.shell:Creating environment hook '/home/ayuwan/Desktop/invpend/src/Inverted-pendulum-problems/install/custom_msgs/share/custom_msgs/hook/ld_library_path_lib.ps1'
[0.860s] INFO:colcon.colcon_core.shell:Creating environment descriptor '/home/ayuwan/Desktop/invpend/src/Inverted-pendulum-problems/install/custom_msgs/share/custom_msgs/hook/ld_library_path_lib.dsv'
[0.860s] INFO:colcon.colcon_core.shell:Creating environment hook '/home/ayuwan/Desktop/invpend/src/Inverted-pendulum-problems/install/custom_msgs/share/custom_msgs/hook/ld_library_path_lib.sh'
[0.861s] Level 1:colcon.colcon_core.environment:checking '/home/ayuwan/Desktop/invpend/src/Inverted-pendulum-problems/install/custom_msgs/bin'
[0.861s] Level 1:colcon.colcon_core.environment:checking '/home/ayuwan/Desktop/invpend/src/Inverted-pendulum-problems/install/custom_msgs/lib/pkgconfig/custom_msgs.pc'
[0.861s] Level 1:colcon.colcon_core.environment:checking '/home/ayuwan/Desktop/invpend/src/Inverted-pendulum-problems/install/custom_msgs/lib/python3.8/site-packages'
[0.861s] Level 1:colcon.colcon_core.shell:create_environment_hook('custom_msgs', 'pythonpath')
[0.861s] INFO:colcon.colcon_core.shell:Creating environment hook '/home/ayuwan/Desktop/invpend/src/Inverted-pendulum-problems/install/custom_msgs/share/custom_msgs/hook/pythonpath.ps1'
[0.861s] INFO:colcon.colcon_core.shell:Creating environment descriptor '/home/ayuwan/Desktop/invpend/src/Inverted-pendulum-problems/install/custom_msgs/share/custom_msgs/hook/pythonpath.dsv'
[0.862s] INFO:colcon.colcon_core.shell:Creating environment hook '/home/ayuwan/Desktop/invpend/src/Inverted-pendulum-problems/install/custom_msgs/share/custom_msgs/hook/pythonpath.sh'
[0.862s] Level 1:colcon.colcon_core.environment:checking '/home/ayuwan/Desktop/invpend/src/Inverted-pendulum-problems/install/custom_msgs/bin'
[0.862s] INFO:colcon.colcon_core.shell:Creating package script '/home/ayuwan/Desktop/invpend/src/Inverted-pendulum-problems/install/custom_msgs/share/custom_msgs/package.ps1'
[0.863s] INFO:colcon.colcon_core.shell:Creating package descriptor '/home/ayuwan/Desktop/invpend/src/Inverted-pendulum-problems/install/custom_msgs/share/custom_msgs/package.dsv'
[0.863s] INFO:colcon.colcon_core.shell:Creating package script '/home/ayuwan/Desktop/invpend/src/Inverted-pendulum-problems/install/custom_msgs/share/custom_msgs/package.sh'
[0.864s] INFO:colcon.colcon_core.shell:Creating package script '/home/ayuwan/Desktop/invpend/src/Inverted-pendulum-problems/install/custom_msgs/share/custom_msgs/package.bash'
[0.864s] INFO:colcon.colcon_core.shell:Creating package script '/home/ayuwan/Desktop/invpend/src/Inverted-pendulum-problems/install/custom_msgs/share/custom_msgs/package.zsh'
[0.865s] Level 1:colcon.colcon_core.environment:create_file_with_runtime_dependencies(/home/ayuwan/Desktop/invpend/src/Inverted-pendulum-problems/install/custom_msgs/share/colcon-core/packages/custom_msgs)
[0.903s] Level 1:colcon.colcon_core.environment:create_environment_scripts_only(custom_msgs)
[0.904s] Level 1:colcon.colcon_core.environment:checking '/home/ayuwan/Desktop/invpend/src/Inverted-pendulum-problems/install/custom_msgs' for CMake module files
[0.904s] Level 1:colcon.colcon_core.environment:checking '/home/ayuwan/Desktop/invpend/src/Inverted-pendulum-problems/install/custom_msgs' for CMake config files
[0.905s] Level 1:colcon.colcon_core.shell:create_environment_hook('custom_msgs', 'cmake_prefix_path')
[0.905s] INFO:colcon.colcon_core.shell:Creating environment hook '/home/ayuwan/Desktop/invpend/src/Inverted-pendulum-problems/install/custom_msgs/share/custom_msgs/hook/cmake_prefix_path.ps1'
[0.905s] INFO:colcon.colcon_core.shell:Creating environment descriptor '/home/ayuwan/Desktop/invpend/src/Inverted-pendulum-problems/install/custom_msgs/share/custom_msgs/hook/cmake_prefix_path.dsv'
[0.905s] INFO:colcon.colcon_core.shell:Creating environment hook '/home/ayuwan/Desktop/invpend/src/Inverted-pendulum-problems/install/custom_msgs/share/custom_msgs/hook/cmake_prefix_path.sh'
[0.906s] Level 1:colcon.colcon_core.environment:checking '/home/ayuwan/Desktop/invpend/src/Inverted-pendulum-problems/install/custom_msgs/lib'
[0.906s] Level 1:colcon.colcon_core.shell:create_environment_hook('custom_msgs', 'ld_library_path_lib')
[0.906s] INFO:colcon.colcon_core.shell:Creating environment hook '/home/ayuwan/Desktop/invpend/src/Inverted-pendulum-problems/install/custom_msgs/share/custom_msgs/hook/ld_library_path_lib.ps1'
[0.906s] INFO:colcon.colcon_core.shell:Creating environment descriptor '/home/ayuwan/Desktop/invpend/src/Inverted-pendulum-problems/install/custom_msgs/share/custom_msgs/hook/ld_library_path_lib.dsv'
[0.907s] INFO:colcon.colcon_core.shell:Creating environment hook '/home/ayuwan/Desktop/invpend/src/Inverted-pendulum-problems/install/custom_msgs/share/custom_msgs/hook/ld_library_path_lib.sh'
[0.907s] Level 1:colcon.colcon_core.environment:checking '/home/ayuwan/Desktop/invpend/src/Inverted-pendulum-problems/install/custom_msgs/bin'
[0.907s] Level 1:colcon.colcon_core.environment:checking '/home/ayuwan/Desktop/invpend/src/Inverted-pendulum-problems/install/custom_msgs/lib/pkgconfig/custom_msgs.pc'
[0.907s] Level 1:colcon.colcon_core.environment:checking '/home/ayuwan/Desktop/invpend/src/Inverted-pendulum-problems/install/custom_msgs/lib/python3.8/site-packages'
[0.907s] Level 1:colcon.colcon_core.shell:create_environment_hook('custom_msgs', 'pythonpath')
[0.907s] INFO:colcon.colcon_core.shell:Creating environment hook '/home/ayuwan/Desktop/invpend/src/Inverted-pendulum-problems/install/custom_msgs/share/custom_msgs/hook/pythonpath.ps1'
[0.908s] INFO:colcon.colcon_core.shell:Creating environment descriptor '/home/ayuwan/Desktop/invpend/src/Inverted-pendulum-problems/install/custom_msgs/share/custom_msgs/hook/pythonpath.dsv'
[0.908s] INFO:colcon.colcon_core.shell:Creating environment hook '/home/ayuwan/Desktop/invpend/src/Inverted-pendulum-problems/install/custom_msgs/share/custom_msgs/hook/pythonpath.sh'
[0.908s] Level 1:colcon.colcon_core.environment:checking '/home/ayuwan/Desktop/invpend/src/Inverted-pendulum-problems/install/custom_msgs/bin'
[0.909s] INFO:colcon.colcon_core.shell:Creating package script '/home/ayuwan/Desktop/invpend/src/Inverted-pendulum-problems/install/custom_msgs/share/custom_msgs/package.ps1'
[0.909s] INFO:colcon.colcon_core.shell:Creating package descriptor '/home/ayuwan/Desktop/invpend/src/Inverted-pendulum-problems/install/custom_msgs/share/custom_msgs/package.dsv'
[0.910s] INFO:colcon.colcon_core.shell:Creating package script '/home/ayuwan/Desktop/invpend/src/Inverted-pendulum-problems/install/custom_msgs/share/custom_msgs/package.sh'
[0.910s] INFO:colcon.colcon_core.shell:Creating package script '/home/ayuwan/Desktop/invpend/src/Inverted-pendulum-problems/install/custom_msgs/share/custom_msgs/package.bash'
[0.910s] INFO:colcon.colcon_core.shell:Creating package script '/home/ayuwan/Desktop/invpend/src/Inverted-pendulum-problems/install/custom_msgs/share/custom_msgs/package.zsh'
[0.910s] Level 1:colcon.colcon_core.environment:create_file_with_runtime_dependencies(/home/ayuwan/Desktop/invpend/src/Inverted-pendulum-problems/install/custom_msgs/share/colcon-core/packages/custom_msgs)
[1.039s] DEBUG:colcon.colcon_core.event_handler.log_command:Invoking command in '/home/ayuwan/Desktop/invpend/src/Inverted-pendulum-problems/build/single_inverted': PYTHONPATH=/home/ayuwan/Desktop/invpend/src/Inverted-pendulum-problems/build/single_inverted/prefix_override:/home/ayuwan/Desktop/invpend/src/Inverted-pendulum-problems/install/single_inverted/lib/python3.8/site-packages:${PYTHONPATH} /usr/bin/python3 -W ignore:setup.py install is deprecated setup.py develop --editable --build-directory /home/ayuwan/Desktop/invpend/src/Inverted-pendulum-problems/build/single_inverted/build --no-deps symlink_data
[1.046s] DEBUG:colcon.colcon_core.event_handler.log_command:Invoking command in '/home/ayuwan/Desktop/invpend/src/Inverted-pendulum-problems/build/double_inverted': PYTHONPATH=/home/ayuwan/Desktop/invpend/src/Inverted-pendulum-problems/build/double_inverted/prefix_override:/home/ayuwan/Desktop/invpend/src/Inverted-pendulum-problems/install/double_inverted/lib/python3.8/site-packages:${PYTHONPATH} /usr/bin/python3 -W ignore:setup.py install is deprecated setup.py develop --editable --build-directory /home/ayuwan/Desktop/invpend/src/Inverted-pendulum-problems/build/double_inverted/build --no-deps symlink_data
[1.396s] Level 1:colcon.colcon_core.shell:create_environment_hook('single_inverted', 'pythonpath_develop')
[1.396s] INFO:colcon.colcon_core.shell:Creating environment hook '/home/ayuwan/Desktop/invpend/src/Inverted-pendulum-problems/build/single_inverted/share/single_inverted/hook/pythonpath_develop.ps1'
[1.396s] DEBUG:colcon.colcon_core.event_handler.log_command:Invoked command in '/home/ayuwan/Desktop/invpend/src/Inverted-pendulum-problems/build/single_inverted' returned '0': PYTHONPATH=/home/ayuwan/Desktop/invpend/src/Inverted-pendulum-problems/build/single_inverted/prefix_override:/home/ayuwan/Desktop/invpend/src/Inverted-pendulum-problems/install/single_inverted/lib/python3.8/site-packages:${PYTHONPATH} /usr/bin/python3 -W ignore:setup.py install is deprecated setup.py develop --editable --build-directory /home/ayuwan/Desktop/invpend/src/Inverted-pendulum-problems/build/single_inverted/build --no-deps symlink_data
[1.397s] INFO:colcon.colcon_core.shell:Creating environment descriptor '/home/ayuwan/Desktop/invpend/src/Inverted-pendulum-problems/build/single_inverted/share/single_inverted/hook/pythonpath_develop.dsv'
[1.397s] INFO:colcon.colcon_core.shell:Creating environment hook '/home/ayuwan/Desktop/invpend/src/Inverted-pendulum-problems/build/single_inverted/share/single_inverted/hook/pythonpath_develop.sh'
[1.398s] Level 1:colcon.colcon_core.environment:checking '/home/ayuwan/Desktop/invpend/src/Inverted-pendulum-problems/install/single_inverted' for CMake module files
[1.398s] Level 1:colcon.colcon_core.environment:checking '/home/ayuwan/Desktop/invpend/src/Inverted-pendulum-problems/install/single_inverted' for CMake config files
[1.399s] Level 1:colcon.colcon_core.environment:checking '/home/ayuwan/Desktop/invpend/src/Inverted-pendulum-problems/install/single_inverted/lib'
[1.399s] Level 1:colcon.colcon_core.environment:checking '/home/ayuwan/Desktop/invpend/src/Inverted-pendulum-problems/install/single_inverted/bin'
[1.399s] Level 1:colcon.colcon_core.environment:checking '/home/ayuwan/Desktop/invpend/src/Inverted-pendulum-problems/install/single_inverted/lib/pkgconfig/single_inverted.pc'
[1.399s] Level 1:colcon.colcon_core.environment:checking '/home/ayuwan/Desktop/invpend/src/Inverted-pendulum-problems/install/single_inverted/lib/python3.8/site-packages'
[1.399s] Level 1:colcon.colcon_core.shell:create_environment_hook('single_inverted', 'pythonpath')
[1.399s] INFO:colcon.colcon_core.shell:Creating environment hook '/home/ayuwan/Desktop/invpend/src/Inverted-pendulum-problems/install/single_inverted/share/single_inverted/hook/pythonpath.ps1'
[1.399s] INFO:colcon.colcon_core.shell:Creating environment descriptor '/home/ayuwan/Desktop/invpend/src/Inverted-pendulum-problems/install/single_inverted/share/single_inverted/hook/pythonpath.dsv'
[1.400s] INFO:colcon.colcon_core.shell:Creating environment hook '/home/ayuwan/Desktop/invpend/src/Inverted-pendulum-problems/install/single_inverted/share/single_inverted/hook/pythonpath.sh'
[1.400s] Level 1:colcon.colcon_core.environment:checking '/home/ayuwan/Desktop/invpend/src/Inverted-pendulum-problems/install/single_inverted/bin'
[1.400s] Level 1:colcon.colcon_core.environment:create_environment_scripts_only(single_inverted)
[1.400s] INFO:colcon.colcon_core.shell:Creating package script '/home/ayuwan/Desktop/invpend/src/Inverted-pendulum-problems/install/single_inverted/share/single_inverted/package.ps1'
[1.401s] INFO:colcon.colcon_core.shell:Creating package descriptor '/home/ayuwan/Desktop/invpend/src/Inverted-pendulum-problems/install/single_inverted/share/single_inverted/package.dsv'
[1.401s] INFO:colcon.colcon_core.shell:Creating package script '/home/ayuwan/Desktop/invpend/src/Inverted-pendulum-problems/install/single_inverted/share/single_inverted/package.sh'
[1.401s] INFO:colcon.colcon_core.shell:Creating package script '/home/ayuwan/Desktop/invpend/src/Inverted-pendulum-problems/install/single_inverted/share/single_inverted/package.bash'
[1.402s] INFO:colcon.colcon_core.shell:Creating package script '/home/ayuwan/Desktop/invpend/src/Inverted-pendulum-problems/install/single_inverted/share/single_inverted/package.zsh'
[1.402s] Level 1:colcon.colcon_core.environment:create_file_with_runtime_dependencies(/home/ayuwan/Desktop/invpend/src/Inverted-pendulum-problems/install/single_inverted/share/colcon-core/packages/single_inverted)
[1.411s] Level 1:colcon.colcon_core.shell:create_environment_hook('double_inverted', 'pythonpath_develop')
[1.411s] INFO:colcon.colcon_core.shell:Creating environment hook '/home/ayuwan/Desktop/invpend/src/Inverted-pendulum-problems/build/double_inverted/share/double_inverted/hook/pythonpath_develop.ps1'
[1.412s] DEBUG:colcon.colcon_core.event_handler.log_command:Invoked command in '/home/ayuwan/Desktop/invpend/src/Inverted-pendulum-problems/build/double_inverted' returned '0': PYTHONPATH=/home/ayuwan/Desktop/invpend/src/Inverted-pendulum-problems/build/double_inverted/prefix_override:/home/ayuwan/Desktop/invpend/src/Inverted-pendulum-problems/install/double_inverted/lib/python3.8/site-packages:${PYTHONPATH} /usr/bin/python3 -W ignore:setup.py install is deprecated setup.py develop --editable --build-directory /home/ayuwan/Desktop/invpend/src/Inverted-pendulum-problems/build/double_inverted/build --no-deps symlink_data
[1.412s] INFO:colcon.colcon_core.shell:Creating environment descriptor '/home/ayuwan/Desktop/invpend/src/Inverted-pendulum-problems/build/double_inverted/share/double_inverted/hook/pythonpath_develop.dsv'
[1.412s] INFO:colcon.colcon_core.shell:Creating environment hook '/home/ayuwan/Desktop/invpend/src/Inverted-pendulum-problems/build/double_inverted/share/double_inverted/hook/pythonpath_develop.sh'
[1.413s] Level 1:colcon.colcon_core.environment:checking '/home/ayuwan/Desktop/invpend/src/Inverted-pendulum-problems/install/double_inverted' for CMake module files
[1.414s] Level 1:colcon.colcon_core.environment:checking '/home/ayuwan/Desktop/invpend/src/Inverted-pendulum-problems/install/double_inverted' for CMake config files
[1.415s] Level 1:colcon.colcon_core.environment:checking '/home/ayuwan/Desktop/invpend/src/Inverted-pendulum-problems/install/double_inverted/lib'
[1.415s] Level 1:colcon.colcon_core.environment:checking '/home/ayuwan/Desktop/invpend/src/Inverted-pendulum-problems/install/double_inverted/bin'
[1.415s] Level 1:colcon.colcon_core.environment:checking '/home/ayuwan/Desktop/invpend/src/Inverted-pendulum-problems/install/double_inverted/lib/pkgconfig/double_inverted.pc'
[1.416s] Level 1:colcon.colcon_core.environment:checking '/home/ayuwan/Desktop/invpend/src/Inverted-pendulum-problems/install/double_inverted/lib/python3.8/site-packages'
[1.416s] Level 1:colcon.colcon_core.shell:create_environment_hook('double_inverted', 'pythonpath')
[1.416s] INFO:colcon.colcon_core.shell:Creating environment hook '/home/ayuwan/Desktop/invpend/src/Inverted-pendulum-problems/install/double_inverted/share/double_inverted/hook/pythonpath.ps1'
[1.417s] INFO:colcon.colcon_core.shell:Creating environment descriptor '/home/ayuwan/Desktop/invpend/src/Inverted-pendulum-problems/install/double_inverted/share/double_inverted/hook/pythonpath.dsv'
[1.418s] INFO:colcon.colcon_core.shell:Creating environment hook '/home/ayuwan/Desktop/invpend/src/Inverted-pendulum-problems/install/double_inverted/share/double_inverted/hook/pythonpath.sh'
[1.419s] Level 1:colcon.colcon_core.environment:checking '/home/ayuwan/Desktop/invpend/src/Inverted-pendulum-problems/install/double_inverted/bin'
[1.419s] Level 1:colcon.colcon_core.environment:create_environment_scripts_only(double_inverted)
[1.419s] INFO:colcon.colcon_core.shell:Creating package script '/home/ayuwan/Desktop/invpend/src/Inverted-pendulum-problems/install/double_inverted/share/double_inverted/package.ps1'
[1.421s] INFO:colcon.colcon_core.shell:Creating package descriptor '/home/ayuwan/Desktop/invpend/src/Inverted-pendulum-problems/install/double_inverted/share/double_inverted/package.dsv'
[1.421s] INFO:colcon.colcon_core.shell:Creating package script '/home/ayuwan/Desktop/invpend/src/Inverted-pendulum-problems/install/double_inverted/share/double_inverted/package.sh'
[1.421s] INFO:colcon.colcon_core.shell:Creating package script '/home/ayuwan/Desktop/invpend/src/Inverted-pendulum-problems/install/double_inverted/share/double_inverted/package.bash'
[1.422s] INFO:colcon.colcon_core.shell:Creating package script '/home/ayuwan/Desktop/invpend/src/Inverted-pendulum-problems/install/double_inverted/share/double_inverted/package.zsh'
[1.422s] Level 1:colcon.colcon_core.environment:create_file_with_runtime_dependencies(/home/ayuwan/Desktop/invpend/src/Inverted-pendulum-problems/install/double_inverted/share/colcon-core/packages/double_inverted)
[1.422s] DEBUG:colcon.colcon_parallel_executor.executor.parallel:closing loop
[1.422s] DEBUG:colcon.colcon_parallel_executor.executor.parallel:loop closed
[1.422s] DEBUG:colcon.colcon_parallel_executor.executor.parallel:run_until_complete finished with '0'
[1.422s] DEBUG:colcon.colcon_core.event_reactor:joining thread
[1.428s] INFO:colcon.colcon_core.plugin_system:Skipping extension 'colcon_notification.desktop_notification.terminal_notifier': Not used on non-Darwin systems
[1.428s] INFO:colcon.colcon_core.plugin_system:Skipping extension 'colcon_notification.desktop_notification.win32': Not used on non-Windows systems
[1.428s] INFO:colcon.colcon_notification.desktop_notification:Sending desktop notification using 'notify2'
[1.444s] DEBUG:colcon.colcon_core.event_reactor:joined thread
[1.444s] INFO:colcon.colcon_core.shell:Creating prefix script '/home/ayuwan/Desktop/invpend/src/Inverted-pendulum-problems/install/local_setup.ps1'
[1.445s] INFO:colcon.colcon_core.shell:Creating prefix util module '/home/ayuwan/Desktop/invpend/src/Inverted-pendulum-problems/install/_local_setup_util_ps1.py'
[1.446s] INFO:colcon.colcon_core.shell:Creating prefix chain script '/home/ayuwan/Desktop/invpend/src/Inverted-pendulum-problems/install/setup.ps1'
[1.447s] INFO:colcon.colcon_core.shell:Creating prefix script '/home/ayuwan/Desktop/invpend/src/Inverted-pendulum-problems/install/local_setup.sh'
[1.448s] INFO:colcon.colcon_core.shell:Creating prefix util module '/home/ayuwan/Desktop/invpend/src/Inverted-pendulum-problems/install/_local_setup_util_sh.py'
[1.448s] INFO:colcon.colcon_core.shell:Creating prefix chain script '/home/ayuwan/Desktop/invpend/src/Inverted-pendulum-problems/install/setup.sh'
[1.449s] INFO:colcon.colcon_core.shell:Creating prefix script '/home/ayuwan/Desktop/invpend/src/Inverted-pendulum-problems/install/local_setup.bash'
[1.449s] INFO:colcon.colcon_core.shell:Creating prefix chain script '/home/ayuwan/Desktop/invpend/src/Inverted-pendulum-problems/install/setup.bash'
[1.451s] INFO:colcon.colcon_core.shell:Creating prefix script '/home/ayuwan/Desktop/invpend/src/Inverted-pendulum-problems/install/local_setup.zsh'
[1.452s] INFO:colcon.colcon_core.shell:Creating prefix chain script '/home/ayuwan/Desktop/invpend/src/Inverted-pendulum-problems/install/setup.zsh'
