[0.698s] Invoking command in '/home/ayuwan/Desktop/invpend/src/Inverted-pendulum-problems/build/single_inverted': PYTHONPATH=/home/ayuwan/Desktop/invpend/src/Inverted-pendulum-problems/build/single_inverted/prefix_override:/home/ayuwan/Desktop/invpend/src/Inverted-pendulum-problems/install/single_inverted/lib/python3.8/site-packages:${PYTHONPATH} /usr/bin/python3 -W ignore:setup.py install is deprecated setup.py develop --editable --build-directory /home/ayuwan/Desktop/invpend/src/Inverted-pendulum-problems/build/single_inverted/build --no-deps symlink_data --force
[0.878s] running develop
[0.992s] running egg_info
[0.992s] writing single_inverted.egg-info/PKG-INFO
[0.993s] writing dependency_links to single_inverted.egg-info/dependency_links.txt
[0.993s] writing entry points to single_inverted.egg-info/entry_points.txt
[0.993s] writing requirements to single_inverted.egg-info/requires.txt
[0.993s] writing top-level names to single_inverted.egg-info/top_level.txt
[1.015s] reading manifest file 'single_inverted.egg-info/SOURCES.txt'
[1.016s] writing manifest file 'single_inverted.egg-info/SOURCES.txt'
[1.040s] running build_ext
[1.040s] Creating /home/ayuwan/Desktop/invpend/src/Inverted-pendulum-problems/install/single_inverted/lib/python3.8/site-packages/single-inverted.egg-link (link to .)
[1.041s] Installing controller script to /home/ayuwan/Desktop/invpend/src/Inverted-pendulum-problems/install/single_inverted/lib/single_inverted
[1.041s] Installing dynamics_sim script to /home/ayuwan/Desktop/invpend/src/Inverted-pendulum-problems/install/single_inverted/lib/single_inverted
[1.041s] 
[1.041s] Installed /home/ayuwan/Desktop/invpend/src/Inverted-pendulum-problems/build/single_inverted
[1.041s] running symlink_data
[1.041s] symbolically linking /home/ayuwan/Desktop/invpend/src/Inverted-pendulum-problems/build/single_inverted/resource/single_inverted -> /home/ayuwan/Desktop/invpend/src/Inverted-pendulum-problems/install/single_inverted/share/ament_index/resource_index/packages
[1.041s] symbolically linking /home/ayuwan/Desktop/invpend/src/Inverted-pendulum-problems/build/single_inverted/package.xml -> /home/ayuwan/Desktop/invpend/src/Inverted-pendulum-problems/install/single_inverted/share/single_inverted
[1.041s] symbolically linking /home/ayuwan/Desktop/invpend/src/Inverted-pendulum-problems/build/single_inverted/launch/single_inverted_pendulum.launch.py -> /home/ayuwan/Desktop/invpend/src/Inverted-pendulum-problems/install/single_inverted/share/single_inverted/launch/
[1.042s] symbolically linking /home/ayuwan/Desktop/invpend/src/Inverted-pendulum-problems/build/single_inverted/config/config.rviz -> /home/ayuwan/Desktop/invpend/src/Inverted-pendulum-problems/install/single_inverted/share/single_inverted/config/
[1.067s] Invoked command in '/home/ayuwan/Desktop/invpend/src/Inverted-pendulum-problems/build/single_inverted' returned '0': PYTHONPATH=/home/ayuwan/Desktop/invpend/src/Inverted-pendulum-problems/build/single_inverted/prefix_override:/home/ayuwan/Desktop/invpend/src/Inverted-pendulum-problems/install/single_inverted/lib/python3.8/site-packages:${PYTHONPATH} /usr/bin/python3 -W ignore:setup.py install is deprecated setup.py develop --editable --build-directory /home/ayuwan/Desktop/invpend/src/Inverted-pendulum-problems/build/single_inverted/build --no-deps symlink_data --force
