[0.018s] Invoking command in '/home/ayuwan/Desktop/invpend/src/Inverted-pendulum-problems/build/custom_msgs': CMAKE_PREFIX_PATH=${CMAKE_PREFIX_PATH}:/home/ayuwan/Desktop/invpend/src/Inverted-pendulum-problems/install/single_inverted:/home/ayuwan/Desktop/invpend/src/Inverted-pendulum-problems/install/double_inverted:/home/ayuwan/rosws/install/pypubsub:/opt/ros/galactic /usr/bin/cmake --build /home/ayuwan/Desktop/invpend/src/Inverted-pendulum-problems/build/custom_msgs -- -j16 -l16
[0.212s] [  5%] Built target custom_msgs__cpp
[0.212s] [ 12%] Built target custom_msgs__rosidl_generator_c
[0.212s] [ 41%] Built target custom_msgs__rosidl_typesupport_c
[0.213s] [ 43%] Built target custom_msgs__rosidl_typesupport_introspection_c
[0.213s] [ 43%] Built target custom_msgs__rosidl_typesupport_introspection_cpp
[0.213s] [ 53%] Built target custom_msgs__rosidl_typesupport_cpp
[0.213s] [ 64%] Built target custom_msgs__rosidl_typesupport_fastrtps_cpp
[0.213s] [ 74%] Built target custom_msgs__rosidl_typesupport_fastrtps_c
[0.213s] [ 74%] Built target custom_msgs
[0.213s] [ 76%] Built target custom_msgs__py
[0.213s] [ 84%] Built target custom_msgs__python
[0.213s] [ 94%] Built target custom_msgs__rosidl_typesupport_introspection_c__pyext
[0.213s] [ 94%] Built target custom_msgs__rosidl_typesupport_c__pyext
[0.213s] [100%] Built target custom_msgs__rosidl_typesupport_fastrtps_c__pyext
[0.394s] Invoked command in '/home/ayuwan/Desktop/invpend/src/Inverted-pendulum-problems/build/custom_msgs' returned '0': CMAKE_PREFIX_PATH=${CMAKE_PREFIX_PATH}:/home/ayuwan/Desktop/invpend/src/Inverted-pendulum-problems/install/single_inverted:/home/ayuwan/Desktop/invpend/src/Inverted-pendulum-problems/install/double_inverted:/home/ayuwan/rosws/install/pypubsub:/opt/ros/galactic /usr/bin/cmake --build /home/ayuwan/Desktop/invpend/src/Inverted-pendulum-problems/build/custom_msgs -- -j16 -l16
[0.443s] Invoking command in '/home/ayuwan/Desktop/invpend/src/Inverted-pendulum-problems/build/custom_msgs': CMAKE_PREFIX_PATH=${CMAKE_PREFIX_PATH}:/home/ayuwan/Desktop/invpend/src/Inverted-pendulum-problems/install/single_inverted:/home/ayuwan/Desktop/invpend/src/Inverted-pendulum-problems/install/double_inverted:/home/ayuwan/rosws/install/pypubsub:/opt/ros/galactic /usr/bin/cmake --install /home/ayuwan/Desktop/invpend/src/Inverted-pendulum-problems/build/custom_msgs
[0.449s] -- Install configuration: ""
[0.450s] -- Execute custom install script
[0.450s] -- Up-to-date symlink: /home/ayuwan/Desktop/invpend/src/Inverted-pendulum-problems/install/custom_msgs/share/ament_index/resource_index/rosidl_interfaces/custom_msgs
[0.450s] -- Up-to-date symlink: /home/ayuwan/Desktop/invpend/src/Inverted-pendulum-problems/install/custom_msgs/include/custom_msgs/msg/detail/states__functions.h
[0.450s] -- Up-to-date symlink: /home/ayuwan/Desktop/invpend/src/Inverted-pendulum-problems/install/custom_msgs/include/custom_msgs/msg/detail/states__struct.h
[0.451s] -- Up-to-date symlink: /home/ayuwan/Desktop/invpend/src/Inverted-pendulum-problems/install/custom_msgs/include/custom_msgs/msg/detail/states__type_support.h
[0.451s] -- Up-to-date symlink: /home/ayuwan/Desktop/invpend/src/Inverted-pendulum-problems/install/custom_msgs/include/custom_msgs/msg/detail/torque_input__functions.h
[0.451s] -- Up-to-date symlink: /home/ayuwan/Desktop/invpend/src/Inverted-pendulum-problems/install/custom_msgs/include/custom_msgs/msg/detail/torque_input__struct.h
[0.451s] -- Up-to-date symlink: /home/ayuwan/Desktop/invpend/src/Inverted-pendulum-problems/install/custom_msgs/include/custom_msgs/msg/detail/torque_input__type_support.h
[0.451s] -- Up-to-date symlink: /home/ayuwan/Desktop/invpend/src/Inverted-pendulum-problems/install/custom_msgs/include/custom_msgs/msg/rosidl_generator_c__visibility_control.h
[0.451s] -- Up-to-date symlink: /home/ayuwan/Desktop/invpend/src/Inverted-pendulum-problems/install/custom_msgs/include/custom_msgs/msg/states.h
[0.451s] -- Up-to-date symlink: /home/ayuwan/Desktop/invpend/src/Inverted-pendulum-problems/install/custom_msgs/include/custom_msgs/msg/torque_input.h
[0.451s] -- Up-to-date symlink: /home/ayuwan/Desktop/invpend/src/Inverted-pendulum-problems/install/custom_msgs/share/custom_msgs/environment/library_path.sh
[0.452s] -- Up-to-date symlink: /home/ayuwan/Desktop/invpend/src/Inverted-pendulum-problems/install/custom_msgs/share/custom_msgs/environment/library_path.dsv
[0.452s] -- Up-to-date symlink: /home/ayuwan/Desktop/invpend/src/Inverted-pendulum-problems/install/custom_msgs/include/custom_msgs/msg/detail/states__rosidl_typesupport_fastrtps_c.h
[0.452s] -- Up-to-date symlink: /home/ayuwan/Desktop/invpend/src/Inverted-pendulum-problems/install/custom_msgs/include/custom_msgs/msg/detail/torque_input__rosidl_typesupport_fastrtps_c.h
[0.452s] -- Up-to-date symlink: /home/ayuwan/Desktop/invpend/src/Inverted-pendulum-problems/install/custom_msgs/include/custom_msgs/msg/rosidl_typesupport_fastrtps_c__visibility_control.h
[0.453s] -- Up-to-date symlink: /home/ayuwan/Desktop/invpend/src/Inverted-pendulum-problems/install/custom_msgs/lib/libcustom_msgs__rosidl_typesupport_fastrtps_c.so
[0.453s] -- Up-to-date symlink: /home/ayuwan/Desktop/invpend/src/Inverted-pendulum-problems/install/custom_msgs/include/custom_msgs/msg/detail/states__rosidl_typesupport_fastrtps_cpp.hpp
[0.453s] -- Up-to-date symlink: /home/ayuwan/Desktop/invpend/src/Inverted-pendulum-problems/install/custom_msgs/include/custom_msgs/msg/detail/torque_input__rosidl_typesupport_fastrtps_cpp.hpp
[0.453s] -- Up-to-date symlink: /home/ayuwan/Desktop/invpend/src/Inverted-pendulum-problems/install/custom_msgs/include/custom_msgs/msg/rosidl_typesupport_fastrtps_cpp__visibility_control.h
[0.453s] -- Up-to-date symlink: /home/ayuwan/Desktop/invpend/src/Inverted-pendulum-problems/install/custom_msgs/lib/libcustom_msgs__rosidl_typesupport_fastrtps_cpp.so
[0.454s] -- Up-to-date symlink: /home/ayuwan/Desktop/invpend/src/Inverted-pendulum-problems/install/custom_msgs/include/custom_msgs/msg/detail/states__rosidl_typesupport_introspection_c.h
[0.454s] -- Up-to-date symlink: /home/ayuwan/Desktop/invpend/src/Inverted-pendulum-problems/install/custom_msgs/include/custom_msgs/msg/detail/torque_input__rosidl_typesupport_introspection_c.h
[0.454s] -- Up-to-date symlink: /home/ayuwan/Desktop/invpend/src/Inverted-pendulum-problems/install/custom_msgs/include/custom_msgs/msg/rosidl_typesupport_introspection_c__visibility_control.h
[0.454s] -- Up-to-date symlink: /home/ayuwan/Desktop/invpend/src/Inverted-pendulum-problems/install/custom_msgs/include/custom_msgs/msg/detail/states__builder.hpp
[0.454s] -- Up-to-date symlink: /home/ayuwan/Desktop/invpend/src/Inverted-pendulum-problems/install/custom_msgs/include/custom_msgs/msg/detail/states__struct.hpp
[0.455s] -- Up-to-date symlink: /home/ayuwan/Desktop/invpend/src/Inverted-pendulum-problems/install/custom_msgs/include/custom_msgs/msg/detail/states__traits.hpp
[0.455s] -- Up-to-date symlink: /home/ayuwan/Desktop/invpend/src/Inverted-pendulum-problems/install/custom_msgs/include/custom_msgs/msg/detail/torque_input__builder.hpp
[0.455s] -- Up-to-date symlink: /home/ayuwan/Desktop/invpend/src/Inverted-pendulum-problems/install/custom_msgs/include/custom_msgs/msg/detail/torque_input__struct.hpp
[0.455s] -- Up-to-date symlink: /home/ayuwan/Desktop/invpend/src/Inverted-pendulum-problems/install/custom_msgs/include/custom_msgs/msg/detail/torque_input__traits.hpp
[0.455s] -- Up-to-date symlink: /home/ayuwan/Desktop/invpend/src/Inverted-pendulum-problems/install/custom_msgs/include/custom_msgs/msg/states.hpp
[0.455s] -- Up-to-date symlink: /home/ayuwan/Desktop/invpend/src/Inverted-pendulum-problems/install/custom_msgs/include/custom_msgs/msg/torque_input.hpp
[0.455s] -- Up-to-date symlink: /home/ayuwan/Desktop/invpend/src/Inverted-pendulum-problems/install/custom_msgs/include/custom_msgs/msg/detail/states__rosidl_typesupport_introspection_cpp.hpp
[0.456s] -- Up-to-date symlink: /home/ayuwan/Desktop/invpend/src/Inverted-pendulum-problems/install/custom_msgs/include/custom_msgs/msg/detail/torque_input__rosidl_typesupport_introspection_cpp.hpp
[0.456s] -- Up-to-date symlink: /home/ayuwan/Desktop/invpend/src/Inverted-pendulum-problems/install/custom_msgs/share/custom_msgs/environment/pythonpath.sh
[0.456s] -- Up-to-date symlink: /home/ayuwan/Desktop/invpend/src/Inverted-pendulum-problems/install/custom_msgs/share/custom_msgs/environment/pythonpath.dsv
[0.456s] -- Up-to-date symlink: /home/ayuwan/Desktop/invpend/src/Inverted-pendulum-problems/install/custom_msgs/lib/python3.8/site-packages/custom_msgs/__init__.py
[0.457s] -- Up-to-date symlink: /home/ayuwan/Desktop/invpend/src/Inverted-pendulum-problems/install/custom_msgs/lib/python3.8/site-packages/custom_msgs/msg/__init__.py
[0.457s] -- Up-to-date symlink: /home/ayuwan/Desktop/invpend/src/Inverted-pendulum-problems/install/custom_msgs/lib/python3.8/site-packages/custom_msgs/msg/_states.py
[0.457s] -- Up-to-date symlink: /home/ayuwan/Desktop/invpend/src/Inverted-pendulum-problems/install/custom_msgs/lib/python3.8/site-packages/custom_msgs/msg/_torque_input.py
[0.457s] -- Up-to-date symlink: /home/ayuwan/Desktop/invpend/src/Inverted-pendulum-problems/install/custom_msgs/lib/python3.8/site-packages/custom_msgs/custom_msgs_s__rosidl_typesupport_fastrtps_c.cpython-38-x86_64-linux-gnu.so
[0.457s] -- Up-to-date symlink: /home/ayuwan/Desktop/invpend/src/Inverted-pendulum-problems/install/custom_msgs/lib/python3.8/site-packages/custom_msgs/custom_msgs_s__rosidl_typesupport_introspection_c.cpython-38-x86_64-linux-gnu.so
[0.458s] -- Up-to-date symlink: /home/ayuwan/Desktop/invpend/src/Inverted-pendulum-problems/install/custom_msgs/lib/python3.8/site-packages/custom_msgs/custom_msgs_s__rosidl_typesupport_c.cpython-38-x86_64-linux-gnu.so
[0.458s] -- Up-to-date symlink: /home/ayuwan/Desktop/invpend/src/Inverted-pendulum-problems/install/custom_msgs/lib/libcustom_msgs__python.so
[0.458s] -- Up-to-date symlink: /home/ayuwan/Desktop/invpend/src/Inverted-pendulum-problems/install/custom_msgs/share/custom_msgs/msg/TorqueInput.idl
[0.458s] -- Up-to-date symlink: /home/ayuwan/Desktop/invpend/src/Inverted-pendulum-problems/install/custom_msgs/share/custom_msgs/msg/States.idl
[0.458s] -- Up-to-date symlink: /home/ayuwan/Desktop/invpend/src/Inverted-pendulum-problems/install/custom_msgs/share/custom_msgs/msg/TorqueInput.msg
[0.459s] -- Up-to-date symlink: /home/ayuwan/Desktop/invpend/src/Inverted-pendulum-problems/install/custom_msgs/share/custom_msgs/msg/States.msg
[0.459s] -- Up-to-date symlink: /home/ayuwan/Desktop/invpend/src/Inverted-pendulum-problems/install/custom_msgs/share/ament_index/resource_index/package_run_dependencies/custom_msgs
[0.459s] -- Up-to-date symlink: /home/ayuwan/Desktop/invpend/src/Inverted-pendulum-problems/install/custom_msgs/share/ament_index/resource_index/parent_prefix_path/custom_msgs
[0.459s] -- Up-to-date symlink: /home/ayuwan/Desktop/invpend/src/Inverted-pendulum-problems/install/custom_msgs/share/custom_msgs/environment/ament_prefix_path.sh
[0.459s] -- Up-to-date symlink: /home/ayuwan/Desktop/invpend/src/Inverted-pendulum-problems/install/custom_msgs/share/custom_msgs/environment/ament_prefix_path.dsv
[0.459s] -- Up-to-date symlink: /home/ayuwan/Desktop/invpend/src/Inverted-pendulum-problems/install/custom_msgs/share/custom_msgs/environment/path.sh
[0.460s] -- Up-to-date symlink: /home/ayuwan/Desktop/invpend/src/Inverted-pendulum-problems/install/custom_msgs/share/custom_msgs/environment/path.dsv
[0.460s] -- Up-to-date symlink: /home/ayuwan/Desktop/invpend/src/Inverted-pendulum-problems/install/custom_msgs/share/custom_msgs/local_setup.bash
[0.460s] -- Up-to-date symlink: /home/ayuwan/Desktop/invpend/src/Inverted-pendulum-problems/install/custom_msgs/share/custom_msgs/local_setup.sh
[0.460s] -- Up-to-date symlink: /home/ayuwan/Desktop/invpend/src/Inverted-pendulum-problems/install/custom_msgs/share/custom_msgs/local_setup.zsh
[0.460s] -- Up-to-date symlink: /home/ayuwan/Desktop/invpend/src/Inverted-pendulum-problems/install/custom_msgs/share/custom_msgs/local_setup.dsv
[0.461s] -- Symlinking: /home/ayuwan/Desktop/invpend/src/Inverted-pendulum-problems/install/custom_msgs/share/custom_msgs/package.dsv
[0.468s] -- Up-to-date symlink: /home/ayuwan/Desktop/invpend/src/Inverted-pendulum-problems/install/custom_msgs/share/ament_index/resource_index/packages/custom_msgs
[0.468s] -- Up-to-date symlink: /home/ayuwan/Desktop/invpend/src/Inverted-pendulum-problems/install/custom_msgs/share/custom_msgs/cmake/rosidl_cmake-extras.cmake
[0.468s] -- Up-to-date symlink: /home/ayuwan/Desktop/invpend/src/Inverted-pendulum-problems/install/custom_msgs/share/custom_msgs/cmake/ament_cmake_export_dependencies-extras.cmake
[0.469s] -- Up-to-date symlink: /home/ayuwan/Desktop/invpend/src/Inverted-pendulum-problems/install/custom_msgs/share/custom_msgs/cmake/ament_cmake_export_libraries-extras.cmake
[0.469s] -- Up-to-date symlink: /home/ayuwan/Desktop/invpend/src/Inverted-pendulum-problems/install/custom_msgs/share/custom_msgs/cmake/ament_cmake_export_targets-extras.cmake
[0.469s] -- Up-to-date symlink: /home/ayuwan/Desktop/invpend/src/Inverted-pendulum-problems/install/custom_msgs/share/custom_msgs/cmake/ament_cmake_export_include_directories-extras.cmake
[0.469s] -- Up-to-date symlink: /home/ayuwan/Desktop/invpend/src/Inverted-pendulum-problems/install/custom_msgs/share/custom_msgs/cmake/rosidl_cmake_export_typesupport_libraries-extras.cmake
[0.470s] -- Up-to-date symlink: /home/ayuwan/Desktop/invpend/src/Inverted-pendulum-problems/install/custom_msgs/share/custom_msgs/cmake/rosidl_cmake_export_typesupport_targets-extras.cmake
[0.470s] -- Up-to-date symlink: /home/ayuwan/Desktop/invpend/src/Inverted-pendulum-problems/install/custom_msgs/share/custom_msgs/cmake/custom_msgsConfig.cmake
[0.470s] -- Up-to-date symlink: /home/ayuwan/Desktop/invpend/src/Inverted-pendulum-problems/install/custom_msgs/share/custom_msgs/cmake/custom_msgsConfig-version.cmake
[0.470s] -- Up-to-date symlink: /home/ayuwan/Desktop/invpend/src/Inverted-pendulum-problems/install/custom_msgs/share/custom_msgs/package.xml
[0.470s] -- Up-to-date: /home/ayuwan/Desktop/invpend/src/Inverted-pendulum-problems/install/custom_msgs/lib/libcustom_msgs__rosidl_generator_c.so
[0.471s] -- Up-to-date: /home/ayuwan/Desktop/invpend/src/Inverted-pendulum-problems/install/custom_msgs/lib/libcustom_msgs__rosidl_typesupport_introspection_c.so
[0.471s] -- Up-to-date: /home/ayuwan/Desktop/invpend/src/Inverted-pendulum-problems/install/custom_msgs/lib/libcustom_msgs__rosidl_typesupport_c.so
[0.471s] -- Up-to-date: /home/ayuwan/Desktop/invpend/src/Inverted-pendulum-problems/install/custom_msgs/lib/libcustom_msgs__rosidl_typesupport_introspection_cpp.so
[0.472s] -- Up-to-date: /home/ayuwan/Desktop/invpend/src/Inverted-pendulum-problems/install/custom_msgs/lib/libcustom_msgs__rosidl_typesupport_cpp.so
[0.499s] -- Up-to-date: /home/ayuwan/Desktop/invpend/src/Inverted-pendulum-problems/install/custom_msgs/share/custom_msgs/cmake/custom_msgs__rosidl_generator_cExport.cmake
[0.499s] -- Up-to-date: /home/ayuwan/Desktop/invpend/src/Inverted-pendulum-problems/install/custom_msgs/share/custom_msgs/cmake/custom_msgs__rosidl_generator_cExport-noconfig.cmake
[0.499s] -- Up-to-date: /home/ayuwan/Desktop/invpend/src/Inverted-pendulum-problems/install/custom_msgs/share/custom_msgs/cmake/custom_msgs__rosidl_typesupport_introspection_cExport.cmake
[0.500s] -- Up-to-date: /home/ayuwan/Desktop/invpend/src/Inverted-pendulum-problems/install/custom_msgs/share/custom_msgs/cmake/custom_msgs__rosidl_typesupport_introspection_cExport-noconfig.cmake
[0.500s] -- Up-to-date: /home/ayuwan/Desktop/invpend/src/Inverted-pendulum-problems/install/custom_msgs/share/custom_msgs/cmake/custom_msgs__rosidl_typesupport_cExport.cmake
[0.500s] -- Up-to-date: /home/ayuwan/Desktop/invpend/src/Inverted-pendulum-problems/install/custom_msgs/share/custom_msgs/cmake/custom_msgs__rosidl_typesupport_cExport-noconfig.cmake
[0.500s] -- Up-to-date: /home/ayuwan/Desktop/invpend/src/Inverted-pendulum-problems/install/custom_msgs/share/custom_msgs/cmake/custom_msgs__rosidl_generator_cppExport.cmake
[0.500s] -- Up-to-date: /home/ayuwan/Desktop/invpend/src/Inverted-pendulum-problems/install/custom_msgs/share/custom_msgs/cmake/custom_msgs__rosidl_typesupport_introspection_cppExport.cmake
[0.500s] -- Up-to-date: /home/ayuwan/Desktop/invpend/src/Inverted-pendulum-problems/install/custom_msgs/share/custom_msgs/cmake/custom_msgs__rosidl_typesupport_introspection_cppExport-noconfig.cmake
[0.500s] -- Up-to-date: /home/ayuwan/Desktop/invpend/src/Inverted-pendulum-problems/install/custom_msgs/share/custom_msgs/cmake/custom_msgs__rosidl_typesupport_cppExport.cmake
[0.500s] -- Up-to-date: /home/ayuwan/Desktop/invpend/src/Inverted-pendulum-problems/install/custom_msgs/share/custom_msgs/cmake/custom_msgs__rosidl_typesupport_cppExport-noconfig.cmake
[0.502s] Invoked command in '/home/ayuwan/Desktop/invpend/src/Inverted-pendulum-problems/build/custom_msgs' returned '0': CMAKE_PREFIX_PATH=${CMAKE_PREFIX_PATH}:/home/ayuwan/Desktop/invpend/src/Inverted-pendulum-problems/install/single_inverted:/home/ayuwan/Desktop/invpend/src/Inverted-pendulum-problems/install/double_inverted:/home/ayuwan/rosws/install/pypubsub:/opt/ros/galactic /usr/bin/cmake --install /home/ayuwan/Desktop/invpend/src/Inverted-pendulum-problems/build/custom_msgs
