running egg_info
writing ../build/single_inverted/single_inverted.egg-info/PKG-INFO
writing dependency_links to ../build/single_inverted/single_inverted.egg-info/dependency_links.txt
writing entry points to ../build/single_inverted/single_inverted.egg-info/entry_points.txt
writing requirements to ../build/single_inverted/single_inverted.egg-info/requires.txt
writing top-level names to ../build/single_inverted/single_inverted.egg-info/top_level.txt
reading manifest file '../build/single_inverted/single_inverted.egg-info/SOURCES.txt'
writing manifest file '../build/single_inverted/single_inverted.egg-info/SOURCES.txt'
running build
running build_py
copying single_inverted/dynamics_sim.py -> /home/ayuwan/Desktop/invpend/src/Inverted-pendulum-problems/build/single_inverted/build/lib/single_inverted
running install
running install_lib
copying /home/ayuwan/Desktop/invpend/src/Inverted-pendulum-problems/build/single_inverted/build/lib/single_inverted/dynamics_sim.py -> /home/ayuwan/Desktop/invpend/src/Inverted-pendulum-problems/install/single_inverted/lib/python3.8/site-packages/single_inverted
byte-compiling /home/ayuwan/Desktop/invpend/src/Inverted-pendulum-problems/install/single_inverted/lib/python3.8/site-packages/single_inverted/dynamics_sim.py to dynamics_sim.cpython-38.pyc
running install_data
running install_egg_info
removing '/home/ayuwan/Desktop/invpend/src/Inverted-pendulum-problems/install/single_inverted/lib/python3.8/site-packages/single_inverted-0.0.0-py3.8.egg-info' (and everything under it)
Copying ../build/single_inverted/single_inverted.egg-info to /home/ayuwan/Desktop/invpend/src/Inverted-pendulum-problems/install/single_inverted/lib/python3.8/site-packages/single_inverted-0.0.0-py3.8.egg-info
running install_scripts
Installing controller script to /home/ayuwan/Desktop/invpend/src/Inverted-pendulum-problems/install/single_inverted/lib/single_inverted
Installing dynamics_sim script to /home/ayuwan/Desktop/invpend/src/Inverted-pendulum-problems/install/single_inverted/lib/single_inverted
writing list of installed files to '/home/ayuwan/Desktop/invpend/src/Inverted-pendulum-problems/build/single_inverted/install.log'
