-- The C compiler identification is GNU 9.4.0
-- The CXX compiler identification is GNU 9.4.0
-- Check for working C compiler: /usr/bin/cc
-- Check for working C compiler: /usr/bin/cc -- works
-- Detecting C compiler ABI info
-- Detecting C compiler ABI info - done
-- Detecting C compile features
-- Detecting C compile features - done
-- Check for working CXX compiler: /usr/bin/c++
-- Check for working CXX compiler: /usr/bin/c++ -- works
-- Detecting CXX compiler ABI info
-- Detecting CXX compiler ABI info - done
-- Detecting CXX compile features
-- Detecting CXX compile features - done
-- Found ament_cmake: 1.1.6 (/opt/ros/galactic/share/ament_cmake/cmake)
-- Found PythonInterp: /usr/bin/python3 (found suitable version "3.8.10", minimum required is "3") 
-- Using PYTHON_EXECUTABLE: /usr/bin/python3
-- Override CMake install command with custom implementation using symlinks instead of copying resources
-- Found rosidl_default_generators: 1.1.1 (/opt/ros/galactic/share/rosidl_default_generators/cmake)
-- Using all available rosidl_typesupport_c: rosidl_typesupport_fastrtps_c;rosidl_typesupport_introspection_c
-- Found rosidl_adapter: 2.2.3 (/opt/ros/galactic/share/rosidl_adapter/cmake)
-- Found OpenSSL: /usr/lib/x86_64-linux-gnu/libcrypto.so (found version "1.1.1f")  
-- Found FastRTPS: /opt/ros/galactic/include  
-- Using all available rosidl_typesupport_cpp: rosidl_typesupport_fastrtps_cpp;rosidl_typesupport_introspection_cpp
-- Found PythonInterp: /usr/bin/python3 (found version "3.8.10") 
-- Found ament_cmake_ros: 0.9.2 (/opt/ros/galactic/share/ament_cmake_ros/cmake)
-- Using all available rosidl_typesupport_c: rosidl_typesupport_fastrtps_c;rosidl_typesupport_introspection_c
-- Using all available rosidl_typesupport_cpp: rosidl_typesupport_fastrtps_cpp;rosidl_typesupport_introspection_cpp
-- Found PythonInterp: /usr/bin/python3 (found suitable version "3.8.10", minimum required is "3.5") 
-- Found python_cmake_module: 0.8.1 (/opt/ros/galactic/share/python_cmake_module/cmake)
-- Found PythonLibs: /usr/lib/x86_64-linux-gnu/libpython3.8.so (found suitable version "3.8.10", minimum required is "3.5") 
-- Using PYTHON_EXECUTABLE: /usr/bin/python3
-- Using PYTHON_INCLUDE_DIRS: /usr/include/python3.8
-- Using PYTHON_LIBRARIES: /usr/lib/x86_64-linux-gnu/libpython3.8.so
-- Found PythonExtra: .so  
-- Found ament_lint_auto: 0.10.7 (/opt/ros/galactic/share/ament_lint_auto/cmake)
-- Added test 'copyright' to check source files copyright and LICENSE
-- Added test 'lint_cmake' to check CMake code style
-- Added test 'xmllint' to check XML markup files
-- Configuring done
-- Generating done
-- Build files have been written to: /home/ayuwan/Desktop/invpend/src/Inverted-pendulum-problems/build/custom_msgs
[  2%] [34m[1mGenerating C code for ROS interfaces[0m
[35m[1mScanning dependencies of target custom_msgs__cpp[0m
[  5%] [34m[1mGenerating C++ code for ROS interfaces[0m
[  5%] Built target custom_msgs__cpp
[35m[1mScanning dependencies of target custom_msgs__rosidl_generator_c[0m
[ 12%] [34m[1mGenerating C++ type support for eProsima Fast-RTPS[0m
[ 12%] [34m[1mGenerating C++ type support dispatch for ROS interfaces[0m
[ 12%] [34m[1mGenerating C++ introspection for ROS interfaces[0m
[ 17%] [32mBuilding C object CMakeFiles/custom_msgs__rosidl_generator_c.dir/rosidl_generator_c/custom_msgs/msg/detail/torque_input__functions.c.o[0m
[ 17%] [32mBuilding C object CMakeFiles/custom_msgs__rosidl_generator_c.dir/rosidl_generator_c/custom_msgs/msg/detail/states__functions.c.o[0m
[ 20%] [32m[1mLinking C shared library libcustom_msgs__rosidl_generator_c.so[0m
[ 20%] Built target custom_msgs__rosidl_generator_c
[ 25%] [34m[1mGenerating C introspection for ROS interfaces[0m
[ 25%] [34m[1mGenerating C type support dispatch for ROS interfaces[0m
[35m[1mScanning dependencies of target custom_msgs__rosidl_typesupport_cpp[0m
[ 30%] [32mBuilding CXX object CMakeFiles/custom_msgs__rosidl_typesupport_cpp.dir/rosidl_typesupport_cpp/custom_msgs/msg/states__type_support.cpp.o[0m
[ 30%] [32mBuilding CXX object CMakeFiles/custom_msgs__rosidl_typesupport_cpp.dir/rosidl_typesupport_cpp/custom_msgs/msg/torque_input__type_support.cpp.o[0m
[35m[1mScanning dependencies of target custom_msgs__rosidl_typesupport_introspection_cpp[0m
[ 33%] [32mBuilding CXX object CMakeFiles/custom_msgs__rosidl_typesupport_introspection_cpp.dir/rosidl_typesupport_introspection_cpp/custom_msgs/msg/detail/torque_input__type_support.cpp.o[0m
[ 35%] [32mBuilding CXX object CMakeFiles/custom_msgs__rosidl_typesupport_introspection_cpp.dir/rosidl_typesupport_introspection_cpp/custom_msgs/msg/detail/states__type_support.cpp.o[0m
[35m[1mScanning dependencies of target custom_msgs__rosidl_typesupport_fastrtps_cpp[0m
[ 41%] [32mBuilding CXX object CMakeFiles/custom_msgs__rosidl_typesupport_fastrtps_cpp.dir/rosidl_typesupport_fastrtps_cpp/custom_msgs/msg/detail/dds_fastrtps/torque_input__type_support.cpp.o[0m
[ 41%] [32mBuilding CXX object CMakeFiles/custom_msgs__rosidl_typesupport_fastrtps_cpp.dir/rosidl_typesupport_fastrtps_cpp/custom_msgs/msg/detail/dds_fastrtps/states__type_support.cpp.o[0m
[35m[1mScanning dependencies of target custom_msgs__rosidl_typesupport_c[0m
[ 46%] [32mBuilding CXX object CMakeFiles/custom_msgs__rosidl_typesupport_c.dir/rosidl_typesupport_c/custom_msgs/msg/states__type_support.cpp.o[0m
[ 46%] [32mBuilding CXX object CMakeFiles/custom_msgs__rosidl_typesupport_c.dir/rosidl_typesupport_c/custom_msgs/msg/torque_input__type_support.cpp.o[0m
[35m[1mScanning dependencies of target custom_msgs__rosidl_typesupport_introspection_c[0m
[ 48%] [32mBuilding C object CMakeFiles/custom_msgs__rosidl_typesupport_introspection_c.dir/rosidl_typesupport_introspection_c/custom_msgs/msg/detail/states__type_support.c.o[0m
[ 51%] [32mBuilding C object CMakeFiles/custom_msgs__rosidl_typesupport_introspection_c.dir/rosidl_typesupport_introspection_c/custom_msgs/msg/detail/torque_input__type_support.c.o[0m
[ 53%] [32m[1mLinking CXX shared library libcustom_msgs__rosidl_typesupport_c.so[0m
[ 56%] [32m[1mLinking C shared library libcustom_msgs__rosidl_typesupport_introspection_c.so[0m
[ 56%] Built target custom_msgs__rosidl_typesupport_c
[ 56%] Built target custom_msgs__rosidl_typesupport_introspection_c
[ 58%] [32m[1mLinking CXX shared library libcustom_msgs__rosidl_typesupport_cpp.so[0m
[ 61%] [32m[1mLinking CXX shared library libcustom_msgs__rosidl_typesupport_introspection_cpp.so[0m
[ 61%] Built target custom_msgs__rosidl_typesupport_cpp
[ 61%] Built target custom_msgs__rosidl_typesupport_introspection_cpp
[ 64%] [32m[1mLinking CXX shared library libcustom_msgs__rosidl_typesupport_fastrtps_cpp.so[0m
[ 64%] Built target custom_msgs__rosidl_typesupport_fastrtps_cpp
[ 66%] [34m[1mGenerating C type support for eProsima Fast-RTPS[0m
[35m[1mScanning dependencies of target custom_msgs__rosidl_typesupport_fastrtps_c[0m
[ 69%] [32mBuilding CXX object CMakeFiles/custom_msgs__rosidl_typesupport_fastrtps_c.dir/rosidl_typesupport_fastrtps_c/custom_msgs/msg/detail/torque_input__type_support_c.cpp.o[0m
[ 71%] [32mBuilding CXX object CMakeFiles/custom_msgs__rosidl_typesupport_fastrtps_c.dir/rosidl_typesupport_fastrtps_c/custom_msgs/msg/detail/states__type_support_c.cpp.o[0m
[ 74%] [32m[1mLinking CXX shared library libcustom_msgs__rosidl_typesupport_fastrtps_c.so[0m
[ 74%] Built target custom_msgs__rosidl_typesupport_fastrtps_c
[35m[1mScanning dependencies of target custom_msgs[0m
[ 74%] Built target custom_msgs
[35m[1mScanning dependencies of target custom_msgs__py[0m
[ 76%] [34m[1mGenerating Python code for ROS interfaces[0m
[ 76%] Built target custom_msgs__py
[35m[1mScanning dependencies of target custom_msgs__python[0m
[ 82%] [32mBuilding C object CMakeFiles/custom_msgs__python.dir/rosidl_generator_py/custom_msgs/msg/_torque_input_s.c.o[0m
[ 82%] [32mBuilding C object CMakeFiles/custom_msgs__python.dir/rosidl_generator_py/custom_msgs/msg/_states_s.c.o[0m
[ 84%] [32m[1mLinking C shared library rosidl_generator_py/custom_msgs/libcustom_msgs__python.so[0m
[ 84%] Built target custom_msgs__python
[35m[1mScanning dependencies of target custom_msgs__rosidl_typesupport_fastrtps_c__pyext[0m
[35m[1mScanning dependencies of target custom_msgs__rosidl_typesupport_c__pyext[0m
[35m[1mScanning dependencies of target custom_msgs__rosidl_typesupport_introspection_c__pyext[0m
[ 89%] [32mBuilding C object CMakeFiles/custom_msgs__rosidl_typesupport_introspection_c__pyext.dir/rosidl_generator_py/custom_msgs/_custom_msgs_s.ep.rosidl_typesupport_introspection_c.c.o[0m
[ 89%] [32mBuilding C object CMakeFiles/custom_msgs__rosidl_typesupport_fastrtps_c__pyext.dir/rosidl_generator_py/custom_msgs/_custom_msgs_s.ep.rosidl_typesupport_fastrtps_c.c.o[0m
[ 92%] [32mBuilding C object CMakeFiles/custom_msgs__rosidl_typesupport_c__pyext.dir/rosidl_generator_py/custom_msgs/_custom_msgs_s.ep.rosidl_typesupport_c.c.o[0m
[ 97%] [32m[1mLinking CXX shared library rosidl_generator_py/custom_msgs/custom_msgs_s__rosidl_typesupport_fastrtps_c.cpython-38-x86_64-linux-gnu.so[0m
[ 97%] [32m[1mLinking C shared library rosidl_generator_py/custom_msgs/custom_msgs_s__rosidl_typesupport_c.cpython-38-x86_64-linux-gnu.so[0m
[100%] [32m[1mLinking C shared library rosidl_generator_py/custom_msgs/custom_msgs_s__rosidl_typesupport_introspection_c.cpython-38-x86_64-linux-gnu.so[0m
[100%] Built target custom_msgs__rosidl_typesupport_c__pyext
[100%] Built target custom_msgs__rosidl_typesupport_introspection_c__pyext
[100%] Built target custom_msgs__rosidl_typesupport_fastrtps_c__pyext
-- Install configuration: ""
-- Execute custom install script
-- Symlinking: /home/ayuwan/Desktop/invpend/src/Inverted-pendulum-problems/install/custom_msgs/share/ament_index/resource_index/rosidl_interfaces/custom_msgs
-- Symlinking: /home/ayuwan/Desktop/invpend/src/Inverted-pendulum-problems/install/custom_msgs/include/custom_msgs/msg/detail/states__functions.h
-- Symlinking: /home/ayuwan/Desktop/invpend/src/Inverted-pendulum-problems/install/custom_msgs/include/custom_msgs/msg/detail/states__struct.h
-- Symlinking: /home/ayuwan/Desktop/invpend/src/Inverted-pendulum-problems/install/custom_msgs/include/custom_msgs/msg/detail/states__type_support.h
-- Symlinking: /home/ayuwan/Desktop/invpend/src/Inverted-pendulum-problems/install/custom_msgs/include/custom_msgs/msg/detail/torque_input__functions.h
-- Symlinking: /home/ayuwan/Desktop/invpend/src/Inverted-pendulum-problems/install/custom_msgs/include/custom_msgs/msg/detail/torque_input__struct.h
-- Symlinking: /home/ayuwan/Desktop/invpend/src/Inverted-pendulum-problems/install/custom_msgs/include/custom_msgs/msg/detail/torque_input__type_support.h
-- Symlinking: /home/ayuwan/Desktop/invpend/src/Inverted-pendulum-problems/install/custom_msgs/include/custom_msgs/msg/rosidl_generator_c__visibility_control.h
-- Symlinking: /home/ayuwan/Desktop/invpend/src/Inverted-pendulum-problems/install/custom_msgs/include/custom_msgs/msg/states.h
-- Symlinking: /home/ayuwan/Desktop/invpend/src/Inverted-pendulum-problems/install/custom_msgs/include/custom_msgs/msg/torque_input.h
-- Symlinking: /home/ayuwan/Desktop/invpend/src/Inverted-pendulum-problems/install/custom_msgs/share/custom_msgs/environment/library_path.sh
-- Symlinking: /home/ayuwan/Desktop/invpend/src/Inverted-pendulum-problems/install/custom_msgs/share/custom_msgs/environment/library_path.dsv
-- Symlinking: /home/ayuwan/Desktop/invpend/src/Inverted-pendulum-problems/install/custom_msgs/include/custom_msgs/msg/detail/states__rosidl_typesupport_fastrtps_c.h
-- Symlinking: /home/ayuwan/Desktop/invpend/src/Inverted-pendulum-problems/install/custom_msgs/include/custom_msgs/msg/detail/torque_input__rosidl_typesupport_fastrtps_c.h
-- Symlinking: /home/ayuwan/Desktop/invpend/src/Inverted-pendulum-problems/install/custom_msgs/include/custom_msgs/msg/rosidl_typesupport_fastrtps_c__visibility_control.h
-- Symlinking: /home/ayuwan/Desktop/invpend/src/Inverted-pendulum-problems/install/custom_msgs/lib/libcustom_msgs__rosidl_typesupport_fastrtps_c.so
-- Symlinking: /home/ayuwan/Desktop/invpend/src/Inverted-pendulum-problems/install/custom_msgs/include/custom_msgs/msg/detail/states__rosidl_typesupport_fastrtps_cpp.hpp
-- Symlinking: /home/ayuwan/Desktop/invpend/src/Inverted-pendulum-problems/install/custom_msgs/include/custom_msgs/msg/detail/torque_input__rosidl_typesupport_fastrtps_cpp.hpp
-- Symlinking: /home/ayuwan/Desktop/invpend/src/Inverted-pendulum-problems/install/custom_msgs/include/custom_msgs/msg/rosidl_typesupport_fastrtps_cpp__visibility_control.h
-- Symlinking: /home/ayuwan/Desktop/invpend/src/Inverted-pendulum-problems/install/custom_msgs/lib/libcustom_msgs__rosidl_typesupport_fastrtps_cpp.so
-- Symlinking: /home/ayuwan/Desktop/invpend/src/Inverted-pendulum-problems/install/custom_msgs/include/custom_msgs/msg/detail/states__rosidl_typesupport_introspection_c.h
-- Symlinking: /home/ayuwan/Desktop/invpend/src/Inverted-pendulum-problems/install/custom_msgs/include/custom_msgs/msg/detail/torque_input__rosidl_typesupport_introspection_c.h
-- Symlinking: /home/ayuwan/Desktop/invpend/src/Inverted-pendulum-problems/install/custom_msgs/include/custom_msgs/msg/rosidl_typesupport_introspection_c__visibility_control.h
-- Symlinking: /home/ayuwan/Desktop/invpend/src/Inverted-pendulum-problems/install/custom_msgs/include/custom_msgs/msg/detail/states__builder.hpp
-- Symlinking: /home/ayuwan/Desktop/invpend/src/Inverted-pendulum-problems/install/custom_msgs/include/custom_msgs/msg/detail/states__struct.hpp
-- Symlinking: /home/ayuwan/Desktop/invpend/src/Inverted-pendulum-problems/install/custom_msgs/include/custom_msgs/msg/detail/states__traits.hpp
-- Symlinking: /home/ayuwan/Desktop/invpend/src/Inverted-pendulum-problems/install/custom_msgs/include/custom_msgs/msg/detail/torque_input__builder.hpp
-- Symlinking: /home/ayuwan/Desktop/invpend/src/Inverted-pendulum-problems/install/custom_msgs/include/custom_msgs/msg/detail/torque_input__struct.hpp
-- Symlinking: /home/ayuwan/Desktop/invpend/src/Inverted-pendulum-problems/install/custom_msgs/include/custom_msgs/msg/detail/torque_input__traits.hpp
-- Symlinking: /home/ayuwan/Desktop/invpend/src/Inverted-pendulum-problems/install/custom_msgs/include/custom_msgs/msg/states.hpp
-- Symlinking: /home/ayuwan/Desktop/invpend/src/Inverted-pendulum-problems/install/custom_msgs/include/custom_msgs/msg/torque_input.hpp
-- Symlinking: /home/ayuwan/Desktop/invpend/src/Inverted-pendulum-problems/install/custom_msgs/include/custom_msgs/msg/detail/states__rosidl_typesupport_introspection_cpp.hpp
-- Symlinking: /home/ayuwan/Desktop/invpend/src/Inverted-pendulum-problems/install/custom_msgs/include/custom_msgs/msg/detail/torque_input__rosidl_typesupport_introspection_cpp.hpp
-- Symlinking: /home/ayuwan/Desktop/invpend/src/Inverted-pendulum-problems/install/custom_msgs/share/custom_msgs/environment/pythonpath.sh
-- Symlinking: /home/ayuwan/Desktop/invpend/src/Inverted-pendulum-problems/install/custom_msgs/share/custom_msgs/environment/pythonpath.dsv
-- Symlinking: /home/ayuwan/Desktop/invpend/src/Inverted-pendulum-problems/install/custom_msgs/lib/python3.8/site-packages/custom_msgs/__init__.py
-- Symlinking: /home/ayuwan/Desktop/invpend/src/Inverted-pendulum-problems/install/custom_msgs/lib/python3.8/site-packages/custom_msgs/msg/__init__.py
-- Symlinking: /home/ayuwan/Desktop/invpend/src/Inverted-pendulum-problems/install/custom_msgs/lib/python3.8/site-packages/custom_msgs/msg/_states.py
-- Symlinking: /home/ayuwan/Desktop/invpend/src/Inverted-pendulum-problems/install/custom_msgs/lib/python3.8/site-packages/custom_msgs/msg/_torque_input.py
-- Symlinking: /home/ayuwan/Desktop/invpend/src/Inverted-pendulum-problems/install/custom_msgs/lib/python3.8/site-packages/custom_msgs/custom_msgs_s__rosidl_typesupport_fastrtps_c.cpython-38-x86_64-linux-gnu.so
-- Symlinking: /home/ayuwan/Desktop/invpend/src/Inverted-pendulum-problems/install/custom_msgs/lib/python3.8/site-packages/custom_msgs/custom_msgs_s__rosidl_typesupport_introspection_c.cpython-38-x86_64-linux-gnu.so
-- Symlinking: /home/ayuwan/Desktop/invpend/src/Inverted-pendulum-problems/install/custom_msgs/lib/python3.8/site-packages/custom_msgs/custom_msgs_s__rosidl_typesupport_c.cpython-38-x86_64-linux-gnu.so
-- Symlinking: /home/ayuwan/Desktop/invpend/src/Inverted-pendulum-problems/install/custom_msgs/lib/libcustom_msgs__python.so
-- Symlinking: /home/ayuwan/Desktop/invpend/src/Inverted-pendulum-problems/install/custom_msgs/share/custom_msgs/msg/TorqueInput.idl
-- Symlinking: /home/ayuwan/Desktop/invpend/src/Inverted-pendulum-problems/install/custom_msgs/share/custom_msgs/msg/States.idl
-- Symlinking: /home/ayuwan/Desktop/invpend/src/Inverted-pendulum-problems/install/custom_msgs/share/custom_msgs/msg/TorqueInput.msg
-- Symlinking: /home/ayuwan/Desktop/invpend/src/Inverted-pendulum-problems/install/custom_msgs/share/custom_msgs/msg/States.msg
-- Symlinking: /home/ayuwan/Desktop/invpend/src/Inverted-pendulum-problems/install/custom_msgs/share/ament_index/resource_index/package_run_dependencies/custom_msgs
-- Symlinking: /home/ayuwan/Desktop/invpend/src/Inverted-pendulum-problems/install/custom_msgs/share/ament_index/resource_index/parent_prefix_path/custom_msgs
-- Symlinking: /home/ayuwan/Desktop/invpend/src/Inverted-pendulum-problems/install/custom_msgs/share/custom_msgs/environment/ament_prefix_path.sh
-- Symlinking: /home/ayuwan/Desktop/invpend/src/Inverted-pendulum-problems/install/custom_msgs/share/custom_msgs/environment/ament_prefix_path.dsv
-- Symlinking: /home/ayuwan/Desktop/invpend/src/Inverted-pendulum-problems/install/custom_msgs/share/custom_msgs/environment/path.sh
-- Symlinking: /home/ayuwan/Desktop/invpend/src/Inverted-pendulum-problems/install/custom_msgs/share/custom_msgs/environment/path.dsv
-- Symlinking: /home/ayuwan/Desktop/invpend/src/Inverted-pendulum-problems/install/custom_msgs/share/custom_msgs/local_setup.bash
-- Symlinking: /home/ayuwan/Desktop/invpend/src/Inverted-pendulum-problems/install/custom_msgs/share/custom_msgs/local_setup.sh
-- Symlinking: /home/ayuwan/Desktop/invpend/src/Inverted-pendulum-problems/install/custom_msgs/share/custom_msgs/local_setup.zsh
-- Symlinking: /home/ayuwan/Desktop/invpend/src/Inverted-pendulum-problems/install/custom_msgs/share/custom_msgs/local_setup.dsv
-- Symlinking: /home/ayuwan/Desktop/invpend/src/Inverted-pendulum-problems/install/custom_msgs/share/custom_msgs/package.dsv
-- Symlinking: /home/ayuwan/Desktop/invpend/src/Inverted-pendulum-problems/install/custom_msgs/share/ament_index/resource_index/packages/custom_msgs
-- Symlinking: /home/ayuwan/Desktop/invpend/src/Inverted-pendulum-problems/install/custom_msgs/share/custom_msgs/cmake/rosidl_cmake-extras.cmake
-- Symlinking: /home/ayuwan/Desktop/invpend/src/Inverted-pendulum-problems/install/custom_msgs/share/custom_msgs/cmake/ament_cmake_export_dependencies-extras.cmake
-- Symlinking: /home/ayuwan/Desktop/invpend/src/Inverted-pendulum-problems/install/custom_msgs/share/custom_msgs/cmake/ament_cmake_export_libraries-extras.cmake
-- Symlinking: /home/ayuwan/Desktop/invpend/src/Inverted-pendulum-problems/install/custom_msgs/share/custom_msgs/cmake/ament_cmake_export_targets-extras.cmake
-- Symlinking: /home/ayuwan/Desktop/invpend/src/Inverted-pendulum-problems/install/custom_msgs/share/custom_msgs/cmake/ament_cmake_export_include_directories-extras.cmake
-- Symlinking: /home/ayuwan/Desktop/invpend/src/Inverted-pendulum-problems/install/custom_msgs/share/custom_msgs/cmake/rosidl_cmake_export_typesupport_libraries-extras.cmake
-- Symlinking: /home/ayuwan/Desktop/invpend/src/Inverted-pendulum-problems/install/custom_msgs/share/custom_msgs/cmake/rosidl_cmake_export_typesupport_targets-extras.cmake
-- Symlinking: /home/ayuwan/Desktop/invpend/src/Inverted-pendulum-problems/install/custom_msgs/share/custom_msgs/cmake/custom_msgsConfig.cmake
-- Symlinking: /home/ayuwan/Desktop/invpend/src/Inverted-pendulum-problems/install/custom_msgs/share/custom_msgs/cmake/custom_msgsConfig-version.cmake
-- Symlinking: /home/ayuwan/Desktop/invpend/src/Inverted-pendulum-problems/install/custom_msgs/share/custom_msgs/package.xml
-- Installing: /home/ayuwan/Desktop/invpend/src/Inverted-pendulum-problems/install/custom_msgs/lib/libcustom_msgs__rosidl_generator_c.so
-- Set runtime path of "/home/ayuwan/Desktop/invpend/src/Inverted-pendulum-problems/install/custom_msgs/lib/libcustom_msgs__rosidl_generator_c.so" to ""
-- Installing: /home/ayuwan/Desktop/invpend/src/Inverted-pendulum-problems/install/custom_msgs/lib/libcustom_msgs__rosidl_typesupport_introspection_c.so
-- Set runtime path of "/home/ayuwan/Desktop/invpend/src/Inverted-pendulum-problems/install/custom_msgs/lib/libcustom_msgs__rosidl_typesupport_introspection_c.so" to ""
-- Installing: /home/ayuwan/Desktop/invpend/src/Inverted-pendulum-problems/install/custom_msgs/lib/libcustom_msgs__rosidl_typesupport_c.so
-- Set runtime path of "/home/ayuwan/Desktop/invpend/src/Inverted-pendulum-problems/install/custom_msgs/lib/libcustom_msgs__rosidl_typesupport_c.so" to ""
-- Installing: /home/ayuwan/Desktop/invpend/src/Inverted-pendulum-problems/install/custom_msgs/lib/libcustom_msgs__rosidl_typesupport_introspection_cpp.so
-- Set runtime path of "/home/ayuwan/Desktop/invpend/src/Inverted-pendulum-problems/install/custom_msgs/lib/libcustom_msgs__rosidl_typesupport_introspection_cpp.so" to ""
-- Installing: /home/ayuwan/Desktop/invpend/src/Inverted-pendulum-problems/install/custom_msgs/lib/libcustom_msgs__rosidl_typesupport_cpp.so
-- Set runtime path of "/home/ayuwan/Desktop/invpend/src/Inverted-pendulum-problems/install/custom_msgs/lib/libcustom_msgs__rosidl_typesupport_cpp.so" to ""
Compiling '/home/ayuwan/Desktop/invpend/src/Inverted-pendulum-problems/install/custom_msgs/lib/python3.8/site-packages/custom_msgs/__init__.py'...
-- Installing: /home/ayuwan/Desktop/invpend/src/Inverted-pendulum-problems/install/custom_msgs/share/custom_msgs/cmake/custom_msgs__rosidl_generator_cExport.cmake
-- Installing: /home/ayuwan/Desktop/invpend/src/Inverted-pendulum-problems/install/custom_msgs/share/custom_msgs/cmake/custom_msgs__rosidl_generator_cExport-noconfig.cmake
-- Installing: /home/ayuwan/Desktop/invpend/src/Inverted-pendulum-problems/install/custom_msgs/share/custom_msgs/cmake/custom_msgs__rosidl_typesupport_introspection_cExport.cmake
-- Installing: /home/ayuwan/Desktop/invpend/src/Inverted-pendulum-problems/install/custom_msgs/share/custom_msgs/cmake/custom_msgs__rosidl_typesupport_introspection_cExport-noconfig.cmake
-- Installing: /home/ayuwan/Desktop/invpend/src/Inverted-pendulum-problems/install/custom_msgs/share/custom_msgs/cmake/custom_msgs__rosidl_typesupport_cExport.cmake
-- Installing: /home/ayuwan/Desktop/invpend/src/Inverted-pendulum-problems/install/custom_msgs/share/custom_msgs/cmake/custom_msgs__rosidl_typesupport_cExport-noconfig.cmake
-- Installing: /home/ayuwan/Desktop/invpend/src/Inverted-pendulum-problems/install/custom_msgs/share/custom_msgs/cmake/custom_msgs__rosidl_generator_cppExport.cmake
-- Installing: /home/ayuwan/Desktop/invpend/src/Inverted-pendulum-problems/install/custom_msgs/share/custom_msgs/cmake/custom_msgs__rosidl_typesupport_introspection_cppExport.cmake
-- Installing: /home/ayuwan/Desktop/invpend/src/Inverted-pendulum-problems/install/custom_msgs/share/custom_msgs/cmake/custom_msgs__rosidl_typesupport_introspection_cppExport-noconfig.cmake
-- Installing: /home/ayuwan/Desktop/invpend/src/Inverted-pendulum-problems/install/custom_msgs/share/custom_msgs/cmake/custom_msgs__rosidl_typesupport_cppExport.cmake
-- Installing: /home/ayuwan/Desktop/invpend/src/Inverted-pendulum-problems/install/custom_msgs/share/custom_msgs/cmake/custom_msgs__rosidl_typesupport_cppExport-noconfig.cmake
