[0.016s] Invoking command in '/home/ayuwan/Desktop/invpend/src/Inverted-pendulum-problems/build/custom_msgs': CMAKE_PREFIX_PATH=${CMAKE_PREFIX_PATH}:/home/ayuwan/rosws/install/pypubsub:/opt/ros/galactic /usr/bin/cmake /home/ayuwan/Desktop/invpend/src/Inverted-pendulum-problems/custom_msgs -DAMENT_CMAKE_SYMLINK_INSTALL=1 -DCMAKE_INSTALL_PREFIX=/home/ayuwan/Desktop/invpend/src/Inverted-pendulum-problems/install/custom_msgs
[0.071s] -- The C compiler identification is GNU 9.4.0
[0.147s] -- The CXX compiler identification is GNU 9.4.0
[0.153s] -- Check for working C compiler: /usr/bin/cc
[0.205s] -- Check for working C compiler: /usr/bin/cc -- works
[0.208s] -- Detecting C compiler ABI info
[0.263s] -- Detecting C compiler ABI info - done
[0.271s] -- Detecting C compile features
[0.271s] -- Detecting C compile features - done
[0.273s] -- Check for working CXX compiler: /usr/bin/c++
[0.328s] -- Check for working CXX compiler: /usr/bin/c++ -- works
[0.329s] -- Detecting CXX compiler ABI info
[0.387s] -- Detecting CXX compiler ABI info - done
[0.394s] -- Detecting CXX compile features
[0.395s] -- Detecting CXX compile features - done
[0.399s] -- Found ament_cmake: 1.1.6 (/opt/ros/galactic/share/ament_cmake/cmake)
[0.423s] -- Found PythonInterp: /usr/bin/python3 (found suitable version "3.8.10", minimum required is "3") 
[0.423s] -- Using PYTHON_EXECUTABLE: /usr/bin/python3
[0.469s] -- Override CMake install command with custom implementation using symlinks instead of copying resources
[0.489s] -- Found rosidl_default_generators: 1.1.1 (/opt/ros/galactic/share/rosidl_default_generators/cmake)
[0.492s] -- Using all available rosidl_typesupport_c: rosidl_typesupport_fastrtps_c;rosidl_typesupport_introspection_c
[0.499s] -- Found rosidl_adapter: 2.2.3 (/opt/ros/galactic/share/rosidl_adapter/cmake)
[0.571s] -- Found OpenSSL: /usr/lib/x86_64-linux-gnu/libcrypto.so (found version "1.1.1f")  
[0.591s] -- Found FastRTPS: /opt/ros/galactic/include  
[0.651s] -- Using all available rosidl_typesupport_cpp: rosidl_typesupport_fastrtps_cpp;rosidl_typesupport_introspection_cpp
[0.689s] -- Found PythonInterp: /usr/bin/python3 (found version "3.8.10") 
[0.786s] -- Found ament_cmake_ros: 0.9.2 (/opt/ros/galactic/share/ament_cmake_ros/cmake)
[0.862s] -- Using all available rosidl_typesupport_c: rosidl_typesupport_fastrtps_c;rosidl_typesupport_introspection_c
[0.868s] -- Using all available rosidl_typesupport_cpp: rosidl_typesupport_fastrtps_cpp;rosidl_typesupport_introspection_cpp
[0.888s] -- Found PythonInterp: /usr/bin/python3 (found suitable version "3.8.10", minimum required is "3.5") 
[0.891s] -- Found python_cmake_module: 0.8.1 (/opt/ros/galactic/share/python_cmake_module/cmake)
[0.930s] -- Found PythonLibs: /usr/lib/x86_64-linux-gnu/libpython3.8.so (found suitable version "3.8.10", minimum required is "3.5") 
[0.930s] -- Using PYTHON_EXECUTABLE: /usr/bin/python3
[0.931s] -- Using PYTHON_INCLUDE_DIRS: /usr/include/python3.8
[0.931s] -- Using PYTHON_LIBRARIES: /usr/lib/x86_64-linux-gnu/libpython3.8.so
[0.953s] -- Found PythonExtra: .so  
[1.003s] -- Found ament_lint_auto: 0.10.7 (/opt/ros/galactic/share/ament_lint_auto/cmake)
[1.029s] -- Added test 'copyright' to check source files copyright and LICENSE
[1.031s] -- Added test 'lint_cmake' to check CMake code style
[1.032s] -- Added test 'xmllint' to check XML markup files
[1.039s] -- Configuring done
[1.060s] -- Generating done
[1.062s] -- Build files have been written to: /home/ayuwan/Desktop/invpend/src/Inverted-pendulum-problems/build/custom_msgs
[1.068s] Invoked command in '/home/ayuwan/Desktop/invpend/src/Inverted-pendulum-problems/build/custom_msgs' returned '0': CMAKE_PREFIX_PATH=${CMAKE_PREFIX_PATH}:/home/ayuwan/rosws/install/pypubsub:/opt/ros/galactic /usr/bin/cmake /home/ayuwan/Desktop/invpend/src/Inverted-pendulum-problems/custom_msgs -DAMENT_CMAKE_SYMLINK_INSTALL=1 -DCMAKE_INSTALL_PREFIX=/home/ayuwan/Desktop/invpend/src/Inverted-pendulum-problems/install/custom_msgs
[1.074s] Invoking command in '/home/ayuwan/Desktop/invpend/src/Inverted-pendulum-problems/build/custom_msgs': CMAKE_PREFIX_PATH=${CMAKE_PREFIX_PATH}:/home/ayuwan/rosws/install/pypubsub:/opt/ros/galactic /usr/bin/cmake --build /home/ayuwan/Desktop/invpend/src/Inverted-pendulum-problems/build/custom_msgs -- -j16 -l16
[1.131s] [  2%] [34m[1mGenerating C code for ROS interfaces[0m
[1.131s] [35m[1mScanning dependencies of target custom_msgs__cpp[0m
[1.139s] [  5%] [34m[1mGenerating C++ code for ROS interfaces[0m
[1.306s] [  5%] Built target custom_msgs__cpp
[1.310s] [35m[1mScanning dependencies of target custom_msgs__rosidl_generator_c[0m
[1.312s] [ 12%] [34m[1mGenerating C++ type support for eProsima Fast-RTPS[0m
[1.313s] [ 12%] [34m[1mGenerating C++ type support dispatch for ROS interfaces[0m
[1.313s] [ 12%] [34m[1mGenerating C++ introspection for ROS interfaces[0m
[1.318s] [ 17%] [32mBuilding C object CMakeFiles/custom_msgs__rosidl_generator_c.dir/rosidl_generator_c/custom_msgs/msg/detail/torque_input__functions.c.o[0m
[1.318s] [ 17%] [32mBuilding C object CMakeFiles/custom_msgs__rosidl_generator_c.dir/rosidl_generator_c/custom_msgs/msg/detail/states__functions.c.o[0m
[1.348s] [ 20%] [32m[1mLinking C shared library libcustom_msgs__rosidl_generator_c.so[0m
[1.374s] [ 20%] Built target custom_msgs__rosidl_generator_c
[1.382s] [ 25%] [34m[1mGenerating C introspection for ROS interfaces[0m
[1.382s] [ 25%] [34m[1mGenerating C type support dispatch for ROS interfaces[0m
[1.461s] [35m[1mScanning dependencies of target custom_msgs__rosidl_typesupport_cpp[0m
[1.471s] [ 30%] [32mBuilding CXX object CMakeFiles/custom_msgs__rosidl_typesupport_cpp.dir/rosidl_typesupport_cpp/custom_msgs/msg/states__type_support.cpp.o[0m
[1.471s] [ 30%] [32mBuilding CXX object CMakeFiles/custom_msgs__rosidl_typesupport_cpp.dir/rosidl_typesupport_cpp/custom_msgs/msg/torque_input__type_support.cpp.o[0m
[1.473s] [35m[1mScanning dependencies of target custom_msgs__rosidl_typesupport_introspection_cpp[0m
[1.482s] [ 33%] [32mBuilding CXX object CMakeFiles/custom_msgs__rosidl_typesupport_introspection_cpp.dir/rosidl_typesupport_introspection_cpp/custom_msgs/msg/detail/torque_input__type_support.cpp.o[0m
[1.483s] [ 35%] [32mBuilding CXX object CMakeFiles/custom_msgs__rosidl_typesupport_introspection_cpp.dir/rosidl_typesupport_introspection_cpp/custom_msgs/msg/detail/states__type_support.cpp.o[0m
[1.487s] [35m[1mScanning dependencies of target custom_msgs__rosidl_typesupport_fastrtps_cpp[0m
[1.499s] [ 41%] [32mBuilding CXX object CMakeFiles/custom_msgs__rosidl_typesupport_fastrtps_cpp.dir/rosidl_typesupport_fastrtps_cpp/custom_msgs/msg/detail/dds_fastrtps/torque_input__type_support.cpp.o[0m
[1.499s] [ 41%] [32mBuilding CXX object CMakeFiles/custom_msgs__rosidl_typesupport_fastrtps_cpp.dir/rosidl_typesupport_fastrtps_cpp/custom_msgs/msg/detail/dds_fastrtps/states__type_support.cpp.o[0m
[1.543s] [35m[1mScanning dependencies of target custom_msgs__rosidl_typesupport_c[0m
[1.553s] [ 46%] [32mBuilding CXX object CMakeFiles/custom_msgs__rosidl_typesupport_c.dir/rosidl_typesupport_c/custom_msgs/msg/states__type_support.cpp.o[0m
[1.553s] [ 46%] [32mBuilding CXX object CMakeFiles/custom_msgs__rosidl_typesupport_c.dir/rosidl_typesupport_c/custom_msgs/msg/torque_input__type_support.cpp.o[0m
[1.553s] [35m[1mScanning dependencies of target custom_msgs__rosidl_typesupport_introspection_c[0m
[1.562s] [ 48%] [32mBuilding C object CMakeFiles/custom_msgs__rosidl_typesupport_introspection_c.dir/rosidl_typesupport_introspection_c/custom_msgs/msg/detail/states__type_support.c.o[0m
[1.564s] [ 51%] [32mBuilding C object CMakeFiles/custom_msgs__rosidl_typesupport_introspection_c.dir/rosidl_typesupport_introspection_c/custom_msgs/msg/detail/torque_input__type_support.c.o[0m
[1.575s] [ 53%] [32m[1mLinking CXX shared library libcustom_msgs__rosidl_typesupport_c.so[0m
[1.587s] [ 56%] [32m[1mLinking C shared library libcustom_msgs__rosidl_typesupport_introspection_c.so[0m
[1.606s] [ 56%] Built target custom_msgs__rosidl_typesupport_c
[1.608s] [ 56%] Built target custom_msgs__rosidl_typesupport_introspection_c
[1.763s] [ 58%] [32m[1mLinking CXX shared library libcustom_msgs__rosidl_typesupport_cpp.so[0m
[1.768s] [ 61%] [32m[1mLinking CXX shared library libcustom_msgs__rosidl_typesupport_introspection_cpp.so[0m
[1.792s] [ 61%] Built target custom_msgs__rosidl_typesupport_cpp
[1.798s] [ 61%] Built target custom_msgs__rosidl_typesupport_introspection_cpp
[1.812s] [ 64%] [32m[1mLinking CXX shared library libcustom_msgs__rosidl_typesupport_fastrtps_cpp.so[0m
[1.878s] [ 64%] Built target custom_msgs__rosidl_typesupport_fastrtps_cpp
[1.888s] [ 66%] [34m[1mGenerating C type support for eProsima Fast-RTPS[0m
[2.044s] [35m[1mScanning dependencies of target custom_msgs__rosidl_typesupport_fastrtps_c[0m
[2.054s] [ 69%] [32mBuilding CXX object CMakeFiles/custom_msgs__rosidl_typesupport_fastrtps_c.dir/rosidl_typesupport_fastrtps_c/custom_msgs/msg/detail/torque_input__type_support_c.cpp.o[0m
[2.054s] [ 71%] [32mBuilding CXX object CMakeFiles/custom_msgs__rosidl_typesupport_fastrtps_c.dir/rosidl_typesupport_fastrtps_c/custom_msgs/msg/detail/states__type_support_c.cpp.o[0m
[2.280s] [ 74%] [32m[1mLinking CXX shared library libcustom_msgs__rosidl_typesupport_fastrtps_c.so[0m
[2.356s] [ 74%] Built target custom_msgs__rosidl_typesupport_fastrtps_c
[2.371s] [35m[1mScanning dependencies of target custom_msgs[0m
[2.385s] [ 74%] Built target custom_msgs
[2.396s] [35m[1mScanning dependencies of target custom_msgs__py[0m
[2.409s] [ 76%] [34m[1mGenerating Python code for ROS interfaces[0m
[2.725s] [ 76%] Built target custom_msgs__py
[2.731s] [35m[1mScanning dependencies of target custom_msgs__python[0m
[2.769s] [ 82%] [32mBuilding C object CMakeFiles/custom_msgs__python.dir/rosidl_generator_py/custom_msgs/msg/_torque_input_s.c.o[0m
[2.769s] [ 82%] [32mBuilding C object CMakeFiles/custom_msgs__python.dir/rosidl_generator_py/custom_msgs/msg/_states_s.c.o[0m
[2.828s] [ 84%] [32m[1mLinking C shared library rosidl_generator_py/custom_msgs/libcustom_msgs__python.so[0m
[2.877s] [ 84%] Built target custom_msgs__python
[2.883s] [35m[1mScanning dependencies of target custom_msgs__rosidl_typesupport_fastrtps_c__pyext[0m
[2.884s] [35m[1mScanning dependencies of target custom_msgs__rosidl_typesupport_c__pyext[0m
[2.884s] [35m[1mScanning dependencies of target custom_msgs__rosidl_typesupport_introspection_c__pyext[0m
[2.895s] [ 89%] [32mBuilding C object CMakeFiles/custom_msgs__rosidl_typesupport_introspection_c__pyext.dir/rosidl_generator_py/custom_msgs/_custom_msgs_s.ep.rosidl_typesupport_introspection_c.c.o[0m
[2.895s] [ 89%] [32mBuilding C object CMakeFiles/custom_msgs__rosidl_typesupport_fastrtps_c__pyext.dir/rosidl_generator_py/custom_msgs/_custom_msgs_s.ep.rosidl_typesupport_fastrtps_c.c.o[0m
[2.895s] [ 92%] [32mBuilding C object CMakeFiles/custom_msgs__rosidl_typesupport_c__pyext.dir/rosidl_generator_py/custom_msgs/_custom_msgs_s.ep.rosidl_typesupport_c.c.o[0m
[2.954s] [ 97%] [32m[1mLinking CXX shared library rosidl_generator_py/custom_msgs/custom_msgs_s__rosidl_typesupport_fastrtps_c.cpython-38-x86_64-linux-gnu.so[0m
[2.954s] [ 97%] [32m[1mLinking C shared library rosidl_generator_py/custom_msgs/custom_msgs_s__rosidl_typesupport_c.cpython-38-x86_64-linux-gnu.so[0m
[2.954s] [100%] [32m[1mLinking C shared library rosidl_generator_py/custom_msgs/custom_msgs_s__rosidl_typesupport_introspection_c.cpython-38-x86_64-linux-gnu.so[0m
[2.977s] [100%] Built target custom_msgs__rosidl_typesupport_c__pyext
[2.977s] [100%] Built target custom_msgs__rosidl_typesupport_introspection_c__pyext
[2.993s] [100%] Built target custom_msgs__rosidl_typesupport_fastrtps_c__pyext
[3.009s] Invoked command in '/home/ayuwan/Desktop/invpend/src/Inverted-pendulum-problems/build/custom_msgs' returned '0': CMAKE_PREFIX_PATH=${CMAKE_PREFIX_PATH}:/home/ayuwan/rosws/install/pypubsub:/opt/ros/galactic /usr/bin/cmake --build /home/ayuwan/Desktop/invpend/src/Inverted-pendulum-problems/build/custom_msgs -- -j16 -l16
[3.060s] Invoking command in '/home/ayuwan/Desktop/invpend/src/Inverted-pendulum-problems/build/custom_msgs': CMAKE_PREFIX_PATH=${CMAKE_PREFIX_PATH}:/home/ayuwan/rosws/install/pypubsub:/opt/ros/galactic /usr/bin/cmake --install /home/ayuwan/Desktop/invpend/src/Inverted-pendulum-problems/build/custom_msgs
[3.065s] -- Install configuration: ""
[3.065s] -- Execute custom install script
[3.066s] -- Symlinking: /home/ayuwan/Desktop/invpend/src/Inverted-pendulum-problems/install/custom_msgs/share/ament_index/resource_index/rosidl_interfaces/custom_msgs
[3.077s] -- Symlinking: /home/ayuwan/Desktop/invpend/src/Inverted-pendulum-problems/install/custom_msgs/include/custom_msgs/msg/detail/states__functions.h
[3.088s] -- Symlinking: /home/ayuwan/Desktop/invpend/src/Inverted-pendulum-problems/install/custom_msgs/include/custom_msgs/msg/detail/states__struct.h
[3.093s] -- Symlinking: /home/ayuwan/Desktop/invpend/src/Inverted-pendulum-problems/install/custom_msgs/include/custom_msgs/msg/detail/states__type_support.h
[3.107s] -- Symlinking: /home/ayuwan/Desktop/invpend/src/Inverted-pendulum-problems/install/custom_msgs/include/custom_msgs/msg/detail/torque_input__functions.h
[3.113s] -- Symlinking: /home/ayuwan/Desktop/invpend/src/Inverted-pendulum-problems/install/custom_msgs/include/custom_msgs/msg/detail/torque_input__struct.h
[3.119s] -- Symlinking: /home/ayuwan/Desktop/invpend/src/Inverted-pendulum-problems/install/custom_msgs/include/custom_msgs/msg/detail/torque_input__type_support.h
[3.123s] -- Symlinking: /home/ayuwan/Desktop/invpend/src/Inverted-pendulum-problems/install/custom_msgs/include/custom_msgs/msg/rosidl_generator_c__visibility_control.h
[3.128s] -- Symlinking: /home/ayuwan/Desktop/invpend/src/Inverted-pendulum-problems/install/custom_msgs/include/custom_msgs/msg/states.h
[3.133s] -- Symlinking: /home/ayuwan/Desktop/invpend/src/Inverted-pendulum-problems/install/custom_msgs/include/custom_msgs/msg/torque_input.h
[3.138s] -- Symlinking: /home/ayuwan/Desktop/invpend/src/Inverted-pendulum-problems/install/custom_msgs/share/custom_msgs/environment/library_path.sh
[3.143s] -- Symlinking: /home/ayuwan/Desktop/invpend/src/Inverted-pendulum-problems/install/custom_msgs/share/custom_msgs/environment/library_path.dsv
[3.149s] -- Symlinking: /home/ayuwan/Desktop/invpend/src/Inverted-pendulum-problems/install/custom_msgs/include/custom_msgs/msg/detail/states__rosidl_typesupport_fastrtps_c.h
[3.160s] -- Symlinking: /home/ayuwan/Desktop/invpend/src/Inverted-pendulum-problems/install/custom_msgs/include/custom_msgs/msg/detail/torque_input__rosidl_typesupport_fastrtps_c.h
[3.172s] -- Symlinking: /home/ayuwan/Desktop/invpend/src/Inverted-pendulum-problems/install/custom_msgs/include/custom_msgs/msg/rosidl_typesupport_fastrtps_c__visibility_control.h
[3.177s] -- Symlinking: /home/ayuwan/Desktop/invpend/src/Inverted-pendulum-problems/install/custom_msgs/lib/libcustom_msgs__rosidl_typesupport_fastrtps_c.so
[3.182s] -- Symlinking: /home/ayuwan/Desktop/invpend/src/Inverted-pendulum-problems/install/custom_msgs/include/custom_msgs/msg/detail/states__rosidl_typesupport_fastrtps_cpp.hpp
[3.186s] -- Symlinking: /home/ayuwan/Desktop/invpend/src/Inverted-pendulum-problems/install/custom_msgs/include/custom_msgs/msg/detail/torque_input__rosidl_typesupport_fastrtps_cpp.hpp
[3.200s] -- Symlinking: /home/ayuwan/Desktop/invpend/src/Inverted-pendulum-problems/install/custom_msgs/include/custom_msgs/msg/rosidl_typesupport_fastrtps_cpp__visibility_control.h
[3.212s] -- Symlinking: /home/ayuwan/Desktop/invpend/src/Inverted-pendulum-problems/install/custom_msgs/lib/libcustom_msgs__rosidl_typesupport_fastrtps_cpp.so
[3.217s] -- Symlinking: /home/ayuwan/Desktop/invpend/src/Inverted-pendulum-problems/install/custom_msgs/include/custom_msgs/msg/detail/states__rosidl_typesupport_introspection_c.h
[3.222s] -- Symlinking: /home/ayuwan/Desktop/invpend/src/Inverted-pendulum-problems/install/custom_msgs/include/custom_msgs/msg/detail/torque_input__rosidl_typesupport_introspection_c.h
[3.227s] -- Symlinking: /home/ayuwan/Desktop/invpend/src/Inverted-pendulum-problems/install/custom_msgs/include/custom_msgs/msg/rosidl_typesupport_introspection_c__visibility_control.h
[3.232s] -- Symlinking: /home/ayuwan/Desktop/invpend/src/Inverted-pendulum-problems/install/custom_msgs/include/custom_msgs/msg/detail/states__builder.hpp
[3.237s] -- Symlinking: /home/ayuwan/Desktop/invpend/src/Inverted-pendulum-problems/install/custom_msgs/include/custom_msgs/msg/detail/states__struct.hpp
[3.242s] -- Symlinking: /home/ayuwan/Desktop/invpend/src/Inverted-pendulum-problems/install/custom_msgs/include/custom_msgs/msg/detail/states__traits.hpp
[3.247s] -- Symlinking: /home/ayuwan/Desktop/invpend/src/Inverted-pendulum-problems/install/custom_msgs/include/custom_msgs/msg/detail/torque_input__builder.hpp
[3.254s] -- Symlinking: /home/ayuwan/Desktop/invpend/src/Inverted-pendulum-problems/install/custom_msgs/include/custom_msgs/msg/detail/torque_input__struct.hpp
[3.259s] -- Symlinking: /home/ayuwan/Desktop/invpend/src/Inverted-pendulum-problems/install/custom_msgs/include/custom_msgs/msg/detail/torque_input__traits.hpp
[3.264s] -- Symlinking: /home/ayuwan/Desktop/invpend/src/Inverted-pendulum-problems/install/custom_msgs/include/custom_msgs/msg/states.hpp
[3.269s] -- Symlinking: /home/ayuwan/Desktop/invpend/src/Inverted-pendulum-problems/install/custom_msgs/include/custom_msgs/msg/torque_input.hpp
[3.274s] -- Symlinking: /home/ayuwan/Desktop/invpend/src/Inverted-pendulum-problems/install/custom_msgs/include/custom_msgs/msg/detail/states__rosidl_typesupport_introspection_cpp.hpp
[3.289s] -- Symlinking: /home/ayuwan/Desktop/invpend/src/Inverted-pendulum-problems/install/custom_msgs/include/custom_msgs/msg/detail/torque_input__rosidl_typesupport_introspection_cpp.hpp
[3.294s] -- Symlinking: /home/ayuwan/Desktop/invpend/src/Inverted-pendulum-problems/install/custom_msgs/share/custom_msgs/environment/pythonpath.sh
[3.299s] -- Symlinking: /home/ayuwan/Desktop/invpend/src/Inverted-pendulum-problems/install/custom_msgs/share/custom_msgs/environment/pythonpath.dsv
[3.304s] -- Symlinking: /home/ayuwan/Desktop/invpend/src/Inverted-pendulum-problems/install/custom_msgs/lib/python3.8/site-packages/custom_msgs/__init__.py
[3.316s] -- Symlinking: /home/ayuwan/Desktop/invpend/src/Inverted-pendulum-problems/install/custom_msgs/lib/python3.8/site-packages/custom_msgs/msg/__init__.py
[3.328s] -- Symlinking: /home/ayuwan/Desktop/invpend/src/Inverted-pendulum-problems/install/custom_msgs/lib/python3.8/site-packages/custom_msgs/msg/_states.py
[3.340s] -- Symlinking: /home/ayuwan/Desktop/invpend/src/Inverted-pendulum-problems/install/custom_msgs/lib/python3.8/site-packages/custom_msgs/msg/_torque_input.py
[3.345s] -- Symlinking: /home/ayuwan/Desktop/invpend/src/Inverted-pendulum-problems/install/custom_msgs/lib/python3.8/site-packages/custom_msgs/custom_msgs_s__rosidl_typesupport_fastrtps_c.cpython-38-x86_64-linux-gnu.so
[3.350s] -- Symlinking: /home/ayuwan/Desktop/invpend/src/Inverted-pendulum-problems/install/custom_msgs/lib/python3.8/site-packages/custom_msgs/custom_msgs_s__rosidl_typesupport_introspection_c.cpython-38-x86_64-linux-gnu.so
[3.355s] -- Symlinking: /home/ayuwan/Desktop/invpend/src/Inverted-pendulum-problems/install/custom_msgs/lib/python3.8/site-packages/custom_msgs/custom_msgs_s__rosidl_typesupport_c.cpython-38-x86_64-linux-gnu.so
[3.363s] -- Symlinking: /home/ayuwan/Desktop/invpend/src/Inverted-pendulum-problems/install/custom_msgs/lib/libcustom_msgs__python.so
[3.369s] -- Symlinking: /home/ayuwan/Desktop/invpend/src/Inverted-pendulum-problems/install/custom_msgs/share/custom_msgs/msg/TorqueInput.idl
[3.374s] -- Symlinking: /home/ayuwan/Desktop/invpend/src/Inverted-pendulum-problems/install/custom_msgs/share/custom_msgs/msg/States.idl
[3.379s] -- Symlinking: /home/ayuwan/Desktop/invpend/src/Inverted-pendulum-problems/install/custom_msgs/share/custom_msgs/msg/TorqueInput.msg
[3.384s] -- Symlinking: /home/ayuwan/Desktop/invpend/src/Inverted-pendulum-problems/install/custom_msgs/share/custom_msgs/msg/States.msg
[3.388s] -- Symlinking: /home/ayuwan/Desktop/invpend/src/Inverted-pendulum-problems/install/custom_msgs/share/ament_index/resource_index/package_run_dependencies/custom_msgs
[3.393s] -- Symlinking: /home/ayuwan/Desktop/invpend/src/Inverted-pendulum-problems/install/custom_msgs/share/ament_index/resource_index/parent_prefix_path/custom_msgs
[3.404s] -- Symlinking: /home/ayuwan/Desktop/invpend/src/Inverted-pendulum-problems/install/custom_msgs/share/custom_msgs/environment/ament_prefix_path.sh
[3.417s] -- Symlinking: /home/ayuwan/Desktop/invpend/src/Inverted-pendulum-problems/install/custom_msgs/share/custom_msgs/environment/ament_prefix_path.dsv
[3.432s] -- Symlinking: /home/ayuwan/Desktop/invpend/src/Inverted-pendulum-problems/install/custom_msgs/share/custom_msgs/environment/path.sh
[3.445s] -- Symlinking: /home/ayuwan/Desktop/invpend/src/Inverted-pendulum-problems/install/custom_msgs/share/custom_msgs/environment/path.dsv
[3.450s] -- Symlinking: /home/ayuwan/Desktop/invpend/src/Inverted-pendulum-problems/install/custom_msgs/share/custom_msgs/local_setup.bash
[3.455s] -- Symlinking: /home/ayuwan/Desktop/invpend/src/Inverted-pendulum-problems/install/custom_msgs/share/custom_msgs/local_setup.sh
[3.460s] -- Symlinking: /home/ayuwan/Desktop/invpend/src/Inverted-pendulum-problems/install/custom_msgs/share/custom_msgs/local_setup.zsh
[3.464s] -- Symlinking: /home/ayuwan/Desktop/invpend/src/Inverted-pendulum-problems/install/custom_msgs/share/custom_msgs/local_setup.dsv
[3.469s] -- Symlinking: /home/ayuwan/Desktop/invpend/src/Inverted-pendulum-problems/install/custom_msgs/share/custom_msgs/package.dsv
[3.474s] -- Symlinking: /home/ayuwan/Desktop/invpend/src/Inverted-pendulum-problems/install/custom_msgs/share/ament_index/resource_index/packages/custom_msgs
[3.479s] -- Symlinking: /home/ayuwan/Desktop/invpend/src/Inverted-pendulum-problems/install/custom_msgs/share/custom_msgs/cmake/rosidl_cmake-extras.cmake
[3.484s] -- Symlinking: /home/ayuwan/Desktop/invpend/src/Inverted-pendulum-problems/install/custom_msgs/share/custom_msgs/cmake/ament_cmake_export_dependencies-extras.cmake
[3.493s] -- Symlinking: /home/ayuwan/Desktop/invpend/src/Inverted-pendulum-problems/install/custom_msgs/share/custom_msgs/cmake/ament_cmake_export_libraries-extras.cmake
[3.505s] -- Symlinking: /home/ayuwan/Desktop/invpend/src/Inverted-pendulum-problems/install/custom_msgs/share/custom_msgs/cmake/ament_cmake_export_targets-extras.cmake
[3.519s] -- Symlinking: /home/ayuwan/Desktop/invpend/src/Inverted-pendulum-problems/install/custom_msgs/share/custom_msgs/cmake/ament_cmake_export_include_directories-extras.cmake
[3.524s] -- Symlinking: /home/ayuwan/Desktop/invpend/src/Inverted-pendulum-problems/install/custom_msgs/share/custom_msgs/cmake/rosidl_cmake_export_typesupport_libraries-extras.cmake
[3.529s] -- Symlinking: /home/ayuwan/Desktop/invpend/src/Inverted-pendulum-problems/install/custom_msgs/share/custom_msgs/cmake/rosidl_cmake_export_typesupport_targets-extras.cmake
[3.534s] -- Symlinking: /home/ayuwan/Desktop/invpend/src/Inverted-pendulum-problems/install/custom_msgs/share/custom_msgs/cmake/custom_msgsConfig.cmake
[3.539s] -- Symlinking: /home/ayuwan/Desktop/invpend/src/Inverted-pendulum-problems/install/custom_msgs/share/custom_msgs/cmake/custom_msgsConfig-version.cmake
[3.544s] -- Symlinking: /home/ayuwan/Desktop/invpend/src/Inverted-pendulum-problems/install/custom_msgs/share/custom_msgs/package.xml
[3.554s] -- Installing: /home/ayuwan/Desktop/invpend/src/Inverted-pendulum-problems/install/custom_msgs/lib/libcustom_msgs__rosidl_generator_c.so
[3.554s] -- Set runtime path of "/home/ayuwan/Desktop/invpend/src/Inverted-pendulum-problems/install/custom_msgs/lib/libcustom_msgs__rosidl_generator_c.so" to ""
[3.554s] -- Installing: /home/ayuwan/Desktop/invpend/src/Inverted-pendulum-problems/install/custom_msgs/lib/libcustom_msgs__rosidl_typesupport_introspection_c.so
[3.554s] -- Set runtime path of "/home/ayuwan/Desktop/invpend/src/Inverted-pendulum-problems/install/custom_msgs/lib/libcustom_msgs__rosidl_typesupport_introspection_c.so" to ""
[3.555s] -- Installing: /home/ayuwan/Desktop/invpend/src/Inverted-pendulum-problems/install/custom_msgs/lib/libcustom_msgs__rosidl_typesupport_c.so
[3.555s] -- Set runtime path of "/home/ayuwan/Desktop/invpend/src/Inverted-pendulum-problems/install/custom_msgs/lib/libcustom_msgs__rosidl_typesupport_c.so" to ""
[3.555s] -- Installing: /home/ayuwan/Desktop/invpend/src/Inverted-pendulum-problems/install/custom_msgs/lib/libcustom_msgs__rosidl_typesupport_introspection_cpp.so
[3.556s] -- Set runtime path of "/home/ayuwan/Desktop/invpend/src/Inverted-pendulum-problems/install/custom_msgs/lib/libcustom_msgs__rosidl_typesupport_introspection_cpp.so" to ""
[3.556s] -- Installing: /home/ayuwan/Desktop/invpend/src/Inverted-pendulum-problems/install/custom_msgs/lib/libcustom_msgs__rosidl_typesupport_cpp.so
[3.556s] -- Set runtime path of "/home/ayuwan/Desktop/invpend/src/Inverted-pendulum-problems/install/custom_msgs/lib/libcustom_msgs__rosidl_typesupport_cpp.so" to ""
[3.577s] Compiling '/home/ayuwan/Desktop/invpend/src/Inverted-pendulum-problems/install/custom_msgs/lib/python3.8/site-packages/custom_msgs/__init__.py'...
[3.580s] -- Installing: /home/ayuwan/Desktop/invpend/src/Inverted-pendulum-problems/install/custom_msgs/share/custom_msgs/cmake/custom_msgs__rosidl_generator_cExport.cmake
[3.580s] -- Installing: /home/ayuwan/Desktop/invpend/src/Inverted-pendulum-problems/install/custom_msgs/share/custom_msgs/cmake/custom_msgs__rosidl_generator_cExport-noconfig.cmake
[3.580s] -- Installing: /home/ayuwan/Desktop/invpend/src/Inverted-pendulum-problems/install/custom_msgs/share/custom_msgs/cmake/custom_msgs__rosidl_typesupport_introspection_cExport.cmake
[3.580s] -- Installing: /home/ayuwan/Desktop/invpend/src/Inverted-pendulum-problems/install/custom_msgs/share/custom_msgs/cmake/custom_msgs__rosidl_typesupport_introspection_cExport-noconfig.cmake
[3.580s] -- Installing: /home/ayuwan/Desktop/invpend/src/Inverted-pendulum-problems/install/custom_msgs/share/custom_msgs/cmake/custom_msgs__rosidl_typesupport_cExport.cmake
[3.580s] -- Installing: /home/ayuwan/Desktop/invpend/src/Inverted-pendulum-problems/install/custom_msgs/share/custom_msgs/cmake/custom_msgs__rosidl_typesupport_cExport-noconfig.cmake
[3.581s] -- Installing: /home/ayuwan/Desktop/invpend/src/Inverted-pendulum-problems/install/custom_msgs/share/custom_msgs/cmake/custom_msgs__rosidl_generator_cppExport.cmake
[3.581s] -- Installing: /home/ayuwan/Desktop/invpend/src/Inverted-pendulum-problems/install/custom_msgs/share/custom_msgs/cmake/custom_msgs__rosidl_typesupport_introspection_cppExport.cmake
[3.581s] -- Installing: /home/ayuwan/Desktop/invpend/src/Inverted-pendulum-problems/install/custom_msgs/share/custom_msgs/cmake/custom_msgs__rosidl_typesupport_introspection_cppExport-noconfig.cmake
[3.581s] -- Installing: /home/ayuwan/Desktop/invpend/src/Inverted-pendulum-problems/install/custom_msgs/share/custom_msgs/cmake/custom_msgs__rosidl_typesupport_cppExport.cmake
[3.581s] -- Installing: /home/ayuwan/Desktop/invpend/src/Inverted-pendulum-problems/install/custom_msgs/share/custom_msgs/cmake/custom_msgs__rosidl_typesupport_cppExport-noconfig.cmake
[3.585s] Invoked command in '/home/ayuwan/Desktop/invpend/src/Inverted-pendulum-problems/build/custom_msgs' returned '0': CMAKE_PREFIX_PATH=${CMAKE_PREFIX_PATH}:/home/ayuwan/rosws/install/pypubsub:/opt/ros/galactic /usr/bin/cmake --install /home/ayuwan/Desktop/invpend/src/Inverted-pendulum-problems/build/custom_msgs
