[0.140s] DEBUG:colcon:Command line arguments: ['/usr/bin/colcon', 'build', '--symlink-install']
[0.140s] DEBUG:colcon:Parsed command line arguments: Namespace(allow_overriding=[], ament_cmake_args=None, base_paths=['.'], build_base='build', catkin_cmake_args=None, catkin_skip_building_tests=False, cmake_args=None, cmake_clean_cache=False, cmake_clean_first=False, cmake_force_configure=False, cmake_target=None, cmake_target_skip_unavailable=False, continue_on_error=False, event_handlers=None, executor='parallel', ignore_user_meta=False, install_base='install', log_base=None, log_level=None, main=<bound method BuildVerb.main of <colcon_core.verb.build.BuildVerb object at 0x7f3be25d9eb0>>, merge_install=False, metas=['./colcon.meta'], packages_above=None, packages_above_and_dependencies=None, packages_above_depth=None, packages_end=None, packages_ignore=None, packages_ignore_regex=None, packages_select=None, packages_select_build_failed=False, packages_select_by_dep=None, packages_select_regex=None, packages_select_test_failures=False, packages_skip=None, packages_skip_build_finished=False, packages_skip_by_dep=None, packages_skip_regex=None, packages_skip_test_passed=False, packages_skip_up_to=None, packages_start=None, packages_up_to=None, packages_up_to_regex=None, parallel_workers=16, paths=None, symlink_install=True, test_result_base=None, verb_extension=<colcon_core.verb.build.BuildVerb object at 0x7f3be25d9eb0>, verb_name='build', verb_parser=<colcon_defaults.argument_parser.defaults.DefaultArgumentsDecorator object at 0x7f3be25e7610>)
[0.266s] Level 1:colcon.colcon_core.package_discovery:discover_packages(colcon_meta) check parameters
[0.266s] Level 1:colcon.colcon_core.package_discovery:discover_packages(recursive) check parameters
[0.266s] Level 1:colcon.colcon_core.package_discovery:discover_packages(ignore) check parameters
[0.266s] Level 1:colcon.colcon_core.package_discovery:discover_packages(path) check parameters
[0.266s] Level 1:colcon.colcon_core.package_discovery:discover_packages(colcon_meta) discover
[0.266s] Level 1:colcon.colcon_core.package_discovery:discover_packages(recursive) discover
[0.267s] INFO:colcon.colcon_core.package_discovery:Crawling recursively for packages in '/home/ayuwan/Desktop/invpend/src/Inverted-pendulum-problems'
[0.267s] Level 1:colcon.colcon_core.package_identification:_identify(.) by extensions ['ignore', 'ignore_ament_install']
[0.267s] Level 1:colcon.colcon_core.package_identification:_identify(.) by extension 'ignore'
[0.267s] Level 1:colcon.colcon_core.package_identification:_identify(.) by extension 'ignore_ament_install'
[0.267s] Level 1:colcon.colcon_core.package_identification:_identify(.) by extensions ['colcon_pkg']
[0.267s] Level 1:colcon.colcon_core.package_identification:_identify(.) by extension 'colcon_pkg'
[0.267s] Level 1:colcon.colcon_core.package_identification:_identify(.) by extensions ['colcon_meta']
[0.267s] Level 1:colcon.colcon_core.package_identification:_identify(.) by extension 'colcon_meta'
[0.267s] Level 1:colcon.colcon_core.package_identification:_identify(.) by extensions ['ros']
[0.267s] Level 1:colcon.colcon_core.package_identification:_identify(.) by extension 'ros'
[0.284s] Level 1:colcon.colcon_core.package_identification:_identify(.) by extensions ['cmake', 'python']
[0.284s] Level 1:colcon.colcon_core.package_identification:_identify(.) by extension 'cmake'
[0.284s] Level 1:colcon.colcon_core.package_identification:_identify(.) by extension 'python'
[0.284s] Level 1:colcon.colcon_core.package_identification:_identify(.) by extensions ['python_setup_py']
[0.284s] Level 1:colcon.colcon_core.package_identification:_identify(.) by extension 'python_setup_py'
[0.284s] Level 1:colcon.colcon_core.package_identification:_identify(build) by extensions ['ignore', 'ignore_ament_install']
[0.284s] Level 1:colcon.colcon_core.package_identification:_identify(build) by extension 'ignore'
[0.284s] Level 1:colcon.colcon_core.package_identification:_identify(build) ignored
[0.284s] Level 1:colcon.colcon_core.package_identification:_identify(custom_msgs) by extensions ['ignore', 'ignore_ament_install']
[0.284s] Level 1:colcon.colcon_core.package_identification:_identify(custom_msgs) by extension 'ignore'
[0.284s] Level 1:colcon.colcon_core.package_identification:_identify(custom_msgs) by extension 'ignore_ament_install'
[0.284s] Level 1:colcon.colcon_core.package_identification:_identify(custom_msgs) by extensions ['colcon_pkg']
[0.284s] Level 1:colcon.colcon_core.package_identification:_identify(custom_msgs) by extension 'colcon_pkg'
[0.284s] Level 1:colcon.colcon_core.package_identification:_identify(custom_msgs) by extensions ['colcon_meta']
[0.284s] Level 1:colcon.colcon_core.package_identification:_identify(custom_msgs) by extension 'colcon_meta'
[0.284s] Level 1:colcon.colcon_core.package_identification:_identify(custom_msgs) by extensions ['ros']
[0.284s] Level 1:colcon.colcon_core.package_identification:_identify(custom_msgs) by extension 'ros'
[0.286s] DEBUG:colcon.colcon_core.package_identification:Package 'custom_msgs' with type 'ros.ament_cmake' and name 'custom_msgs'
[0.286s] Level 1:colcon.colcon_core.package_identification:_identify(illustrations) by extensions ['ignore', 'ignore_ament_install']
[0.287s] Level 1:colcon.colcon_core.package_identification:_identify(illustrations) by extension 'ignore'
[0.287s] Level 1:colcon.colcon_core.package_identification:_identify(illustrations) by extension 'ignore_ament_install'
[0.287s] Level 1:colcon.colcon_core.package_identification:_identify(illustrations) by extensions ['colcon_pkg']
[0.287s] Level 1:colcon.colcon_core.package_identification:_identify(illustrations) by extension 'colcon_pkg'
[0.287s] Level 1:colcon.colcon_core.package_identification:_identify(illustrations) by extensions ['colcon_meta']
[0.287s] Level 1:colcon.colcon_core.package_identification:_identify(illustrations) by extension 'colcon_meta'
[0.287s] Level 1:colcon.colcon_core.package_identification:_identify(illustrations) by extensions ['ros']
[0.287s] Level 1:colcon.colcon_core.package_identification:_identify(illustrations) by extension 'ros'
[0.287s] Level 1:colcon.colcon_core.package_identification:_identify(illustrations) by extensions ['cmake', 'python']
[0.287s] Level 1:colcon.colcon_core.package_identification:_identify(illustrations) by extension 'cmake'
[0.287s] Level 1:colcon.colcon_core.package_identification:_identify(illustrations) by extension 'python'
[0.287s] Level 1:colcon.colcon_core.package_identification:_identify(illustrations) by extensions ['python_setup_py']
[0.287s] Level 1:colcon.colcon_core.package_identification:_identify(illustrations) by extension 'python_setup_py'
[0.287s] Level 1:colcon.colcon_core.package_identification:_identify(install) by extensions ['ignore', 'ignore_ament_install']
[0.287s] Level 1:colcon.colcon_core.package_identification:_identify(install) by extension 'ignore'
[0.287s] Level 1:colcon.colcon_core.package_identification:_identify(install) ignored
[0.287s] Level 1:colcon.colcon_core.package_identification:_identify(log) by extensions ['ignore', 'ignore_ament_install']
[0.287s] Level 1:colcon.colcon_core.package_identification:_identify(log) by extension 'ignore'
[0.287s] Level 1:colcon.colcon_core.package_identification:_identify(log) ignored
[0.287s] Level 1:colcon.colcon_core.package_identification:_identify(single_inverted) by extensions ['ignore', 'ignore_ament_install']
[0.287s] Level 1:colcon.colcon_core.package_identification:_identify(single_inverted) by extension 'ignore'
[0.287s] Level 1:colcon.colcon_core.package_identification:_identify(single_inverted) by extension 'ignore_ament_install'
[0.287s] Level 1:colcon.colcon_core.package_identification:_identify(single_inverted) by extensions ['colcon_pkg']
[0.287s] Level 1:colcon.colcon_core.package_identification:_identify(single_inverted) by extension 'colcon_pkg'
[0.287s] Level 1:colcon.colcon_core.package_identification:_identify(single_inverted) by extensions ['colcon_meta']
[0.287s] Level 1:colcon.colcon_core.package_identification:_identify(single_inverted) by extension 'colcon_meta'
[0.287s] Level 1:colcon.colcon_core.package_identification:_identify(single_inverted) by extensions ['ros']
[0.288s] Level 1:colcon.colcon_core.package_identification:_identify(single_inverted) by extension 'ros'
[0.294s] DEBUG:colcon.colcon_core.package_identification:Package 'single_inverted' with type 'ros.ament_python' and name 'single_inverted'
[0.294s] Level 1:colcon.colcon_core.package_discovery:discover_packages(recursive) using defaults
[0.294s] Level 1:colcon.colcon_core.package_discovery:discover_packages(ignore) discover
[0.294s] Level 1:colcon.colcon_core.package_discovery:discover_packages(ignore) using defaults
[0.294s] Level 1:colcon.colcon_core.package_discovery:discover_packages(path) discover
[0.294s] Level 1:colcon.colcon_core.package_discovery:discover_packages(path) using defaults
[0.309s] Level 1:colcon.colcon_core.package_discovery:discover_packages(prefix_path) check parameters
[0.309s] Level 1:colcon.colcon_core.package_discovery:discover_packages(prefix_path) discover
[0.311s] DEBUG:colcon.colcon_installed_package_information.package_discovery:Found 2 installed packages in /home/ayuwan/rosws/install
[0.312s] DEBUG:colcon.colcon_installed_package_information.package_discovery:Found 271 installed packages in /opt/ros/galactic
[0.312s] Level 1:colcon.colcon_core.package_discovery:discover_packages(prefix_path) using defaults
[0.366s] Level 5:colcon.colcon_core.verb:set package 'custom_msgs' build argument 'cmake_args' from command line to 'None'
[0.366s] Level 5:colcon.colcon_core.verb:set package 'custom_msgs' build argument 'cmake_target' from command line to 'None'
[0.366s] Level 5:colcon.colcon_core.verb:set package 'custom_msgs' build argument 'cmake_target_skip_unavailable' from command line to 'False'
[0.366s] Level 5:colcon.colcon_core.verb:set package 'custom_msgs' build argument 'cmake_clean_cache' from command line to 'False'
[0.366s] Level 5:colcon.colcon_core.verb:set package 'custom_msgs' build argument 'cmake_clean_first' from command line to 'False'
[0.366s] Level 5:colcon.colcon_core.verb:set package 'custom_msgs' build argument 'cmake_force_configure' from command line to 'False'
[0.366s] Level 5:colcon.colcon_core.verb:set package 'custom_msgs' build argument 'ament_cmake_args' from command line to 'None'
[0.366s] Level 5:colcon.colcon_core.verb:set package 'custom_msgs' build argument 'catkin_cmake_args' from command line to 'None'
[0.366s] Level 5:colcon.colcon_core.verb:set package 'custom_msgs' build argument 'catkin_skip_building_tests' from command line to 'False'
[0.367s] DEBUG:colcon.colcon_core.verb:Building package 'custom_msgs' with the following arguments: {'ament_cmake_args': None, 'build_base': '/home/ayuwan/Desktop/invpend/src/Inverted-pendulum-problems/build/custom_msgs', 'catkin_cmake_args': None, 'catkin_skip_building_tests': False, 'cmake_args': None, 'cmake_clean_cache': False, 'cmake_clean_first': False, 'cmake_force_configure': False, 'cmake_target': None, 'cmake_target_skip_unavailable': False, 'install_base': '/home/ayuwan/Desktop/invpend/src/Inverted-pendulum-problems/install/custom_msgs', 'merge_install': False, 'path': '/home/ayuwan/Desktop/invpend/src/Inverted-pendulum-problems/custom_msgs', 'symlink_install': True, 'test_result_base': None}
[0.367s] Level 5:colcon.colcon_core.verb:set package 'single_inverted' build argument 'cmake_args' from command line to 'None'
[0.367s] Level 5:colcon.colcon_core.verb:set package 'single_inverted' build argument 'cmake_target' from command line to 'None'
[0.367s] Level 5:colcon.colcon_core.verb:set package 'single_inverted' build argument 'cmake_target_skip_unavailable' from command line to 'False'
[0.367s] Level 5:colcon.colcon_core.verb:set package 'single_inverted' build argument 'cmake_clean_cache' from command line to 'False'
[0.367s] Level 5:colcon.colcon_core.verb:set package 'single_inverted' build argument 'cmake_clean_first' from command line to 'False'
[0.367s] Level 5:colcon.colcon_core.verb:set package 'single_inverted' build argument 'cmake_force_configure' from command line to 'False'
[0.367s] Level 5:colcon.colcon_core.verb:set package 'single_inverted' build argument 'ament_cmake_args' from command line to 'None'
[0.367s] Level 5:colcon.colcon_core.verb:set package 'single_inverted' build argument 'catkin_cmake_args' from command line to 'None'
[0.367s] Level 5:colcon.colcon_core.verb:set package 'single_inverted' build argument 'catkin_skip_building_tests' from command line to 'False'
[0.367s] DEBUG:colcon.colcon_core.verb:Building package 'single_inverted' with the following arguments: {'ament_cmake_args': None, 'build_base': '/home/ayuwan/Desktop/invpend/src/Inverted-pendulum-problems/build/single_inverted', 'catkin_cmake_args': None, 'catkin_skip_building_tests': False, 'cmake_args': None, 'cmake_clean_cache': False, 'cmake_clean_first': False, 'cmake_force_configure': False, 'cmake_target': None, 'cmake_target_skip_unavailable': False, 'install_base': '/home/ayuwan/Desktop/invpend/src/Inverted-pendulum-problems/install/single_inverted', 'merge_install': False, 'path': '/home/ayuwan/Desktop/invpend/src/Inverted-pendulum-problems/single_inverted', 'symlink_install': True, 'test_result_base': None}
[0.367s] INFO:colcon.colcon_core.executor:Executing jobs using 'parallel' executor
[0.368s] DEBUG:colcon.colcon_parallel_executor.executor.parallel:run_until_complete
[0.368s] INFO:colcon.colcon_ros.task.ament_cmake.build:Building ROS package in '/home/ayuwan/Desktop/invpend/src/Inverted-pendulum-problems/custom_msgs' with build type 'ament_cmake'
[0.368s] INFO:colcon.colcon_cmake.task.cmake.build:Building CMake package in '/home/ayuwan/Desktop/invpend/src/Inverted-pendulum-problems/custom_msgs'
[0.371s] INFO:colcon.colcon_core.plugin_system:Skipping extension 'colcon_core.shell.bat': Not used on non-Windows systems
[0.371s] INFO:colcon.colcon_core.shell:Skip shell extension 'powershell' for command environment: Not usable outside of PowerShell
[0.371s] DEBUG:colcon.colcon_core.shell:Skip shell extension 'dsv' for command environment
[0.375s] INFO:colcon.colcon_ros.task.ament_python.build:Building ROS package in '/home/ayuwan/Desktop/invpend/src/Inverted-pendulum-problems/single_inverted' with build type 'ament_python'
[0.375s] Level 1:colcon.colcon_core.shell:create_environment_hook('single_inverted', 'ament_prefix_path')
[0.375s] INFO:colcon.colcon_core.shell:Creating environment hook '/home/ayuwan/Desktop/invpend/src/Inverted-pendulum-problems/install/single_inverted/share/single_inverted/hook/ament_prefix_path.ps1'
[0.376s] INFO:colcon.colcon_core.shell:Creating environment descriptor '/home/ayuwan/Desktop/invpend/src/Inverted-pendulum-problems/install/single_inverted/share/single_inverted/hook/ament_prefix_path.dsv'
[0.376s] INFO:colcon.colcon_core.shell:Creating environment hook '/home/ayuwan/Desktop/invpend/src/Inverted-pendulum-problems/install/single_inverted/share/single_inverted/hook/ament_prefix_path.sh'
[0.377s] INFO:colcon.colcon_core.shell:Skip shell extension 'powershell' for command environment: Not usable outside of PowerShell
[0.377s] DEBUG:colcon.colcon_core.shell:Skip shell extension 'dsv' for command environment
[0.384s] DEBUG:colcon.colcon_core.event_handler.log_command:Invoking command in '/home/ayuwan/Desktop/invpend/src/Inverted-pendulum-problems/build/custom_msgs': CMAKE_PREFIX_PATH=${CMAKE_PREFIX_PATH}:/home/ayuwan/rosws/install/pypubsub:/opt/ros/galactic /usr/bin/cmake /home/ayuwan/Desktop/invpend/src/Inverted-pendulum-problems/custom_msgs -DAMENT_CMAKE_SYMLINK_INSTALL=1 -DCMAKE_INSTALL_PREFIX=/home/ayuwan/Desktop/invpend/src/Inverted-pendulum-problems/install/custom_msgs
[0.571s] INFO:colcon.colcon_core.task.python.build:Building Python package in '/home/ayuwan/Desktop/invpend/src/Inverted-pendulum-problems/single_inverted'
[0.571s] INFO:colcon.colcon_core.shell:Skip shell extension 'powershell' for command environment: Not usable outside of PowerShell
[0.571s] DEBUG:colcon.colcon_core.shell:Skip shell extension 'dsv' for command environment
[0.894s] DEBUG:colcon.colcon_core.event_handler.log_command:Invoking command in '/home/ayuwan/Desktop/invpend/src/Inverted-pendulum-problems/build/single_inverted': PYTHONPATH=/home/ayuwan/Desktop/invpend/src/Inverted-pendulum-problems/build/single_inverted/prefix_override:/home/ayuwan/Desktop/invpend/src/Inverted-pendulum-problems/install/single_inverted/lib/python3.8/site-packages:${PYTHONPATH} /usr/bin/python3 -W ignore:setup.py install is deprecated setup.py develop --editable --build-directory /home/ayuwan/Desktop/invpend/src/Inverted-pendulum-problems/build/single_inverted/build --no-deps symlink_data
[1.247s] Level 1:colcon.colcon_core.shell:create_environment_hook('single_inverted', 'pythonpath_develop')
[1.248s] INFO:colcon.colcon_core.shell:Creating environment hook '/home/ayuwan/Desktop/invpend/src/Inverted-pendulum-problems/build/single_inverted/share/single_inverted/hook/pythonpath_develop.ps1'
[1.249s] DEBUG:colcon.colcon_core.event_handler.log_command:Invoked command in '/home/ayuwan/Desktop/invpend/src/Inverted-pendulum-problems/build/single_inverted' returned '0': PYTHONPATH=/home/ayuwan/Desktop/invpend/src/Inverted-pendulum-problems/build/single_inverted/prefix_override:/home/ayuwan/Desktop/invpend/src/Inverted-pendulum-problems/install/single_inverted/lib/python3.8/site-packages:${PYTHONPATH} /usr/bin/python3 -W ignore:setup.py install is deprecated setup.py develop --editable --build-directory /home/ayuwan/Desktop/invpend/src/Inverted-pendulum-problems/build/single_inverted/build --no-deps symlink_data
[1.249s] INFO:colcon.colcon_core.shell:Creating environment descriptor '/home/ayuwan/Desktop/invpend/src/Inverted-pendulum-problems/build/single_inverted/share/single_inverted/hook/pythonpath_develop.dsv'
[1.249s] INFO:colcon.colcon_core.shell:Creating environment hook '/home/ayuwan/Desktop/invpend/src/Inverted-pendulum-problems/build/single_inverted/share/single_inverted/hook/pythonpath_develop.sh'
[1.253s] Level 1:colcon.colcon_core.environment:checking '/home/ayuwan/Desktop/invpend/src/Inverted-pendulum-problems/install/single_inverted' for CMake module files
[1.253s] Level 1:colcon.colcon_core.environment:checking '/home/ayuwan/Desktop/invpend/src/Inverted-pendulum-problems/install/single_inverted' for CMake config files
[1.254s] Level 1:colcon.colcon_core.environment:checking '/home/ayuwan/Desktop/invpend/src/Inverted-pendulum-problems/install/single_inverted/lib'
[1.254s] Level 1:colcon.colcon_core.environment:checking '/home/ayuwan/Desktop/invpend/src/Inverted-pendulum-problems/install/single_inverted/bin'
[1.254s] Level 1:colcon.colcon_core.environment:checking '/home/ayuwan/Desktop/invpend/src/Inverted-pendulum-problems/install/single_inverted/lib/pkgconfig/single_inverted.pc'
[1.254s] Level 1:colcon.colcon_core.environment:checking '/home/ayuwan/Desktop/invpend/src/Inverted-pendulum-problems/install/single_inverted/lib/python3.8/site-packages'
[1.254s] Level 1:colcon.colcon_core.shell:create_environment_hook('single_inverted', 'pythonpath')
[1.254s] INFO:colcon.colcon_core.shell:Creating environment hook '/home/ayuwan/Desktop/invpend/src/Inverted-pendulum-problems/install/single_inverted/share/single_inverted/hook/pythonpath.ps1'
[1.255s] INFO:colcon.colcon_core.shell:Creating environment descriptor '/home/ayuwan/Desktop/invpend/src/Inverted-pendulum-problems/install/single_inverted/share/single_inverted/hook/pythonpath.dsv'
[1.255s] INFO:colcon.colcon_core.shell:Creating environment hook '/home/ayuwan/Desktop/invpend/src/Inverted-pendulum-problems/install/single_inverted/share/single_inverted/hook/pythonpath.sh'
[1.255s] Level 1:colcon.colcon_core.environment:checking '/home/ayuwan/Desktop/invpend/src/Inverted-pendulum-problems/install/single_inverted/bin'
[1.255s] Level 1:colcon.colcon_core.environment:create_environment_scripts_only(single_inverted)
[1.256s] INFO:colcon.colcon_core.shell:Creating package script '/home/ayuwan/Desktop/invpend/src/Inverted-pendulum-problems/install/single_inverted/share/single_inverted/package.ps1'
[1.257s] INFO:colcon.colcon_core.shell:Creating package descriptor '/home/ayuwan/Desktop/invpend/src/Inverted-pendulum-problems/install/single_inverted/share/single_inverted/package.dsv'
[1.257s] INFO:colcon.colcon_core.shell:Creating package script '/home/ayuwan/Desktop/invpend/src/Inverted-pendulum-problems/install/single_inverted/share/single_inverted/package.sh'
[1.259s] INFO:colcon.colcon_core.shell:Creating package script '/home/ayuwan/Desktop/invpend/src/Inverted-pendulum-problems/install/single_inverted/share/single_inverted/package.bash'
[1.260s] INFO:colcon.colcon_core.shell:Creating package script '/home/ayuwan/Desktop/invpend/src/Inverted-pendulum-problems/install/single_inverted/share/single_inverted/package.zsh'
[1.260s] Level 1:colcon.colcon_core.environment:create_file_with_runtime_dependencies(/home/ayuwan/Desktop/invpend/src/Inverted-pendulum-problems/install/single_inverted/share/colcon-core/packages/single_inverted)
[1.437s] DEBUG:colcon.colcon_core.event_handler.log_command:Invoked command in '/home/ayuwan/Desktop/invpend/src/Inverted-pendulum-problems/build/custom_msgs' returned '0': CMAKE_PREFIX_PATH=${CMAKE_PREFIX_PATH}:/home/ayuwan/rosws/install/pypubsub:/opt/ros/galactic /usr/bin/cmake /home/ayuwan/Desktop/invpend/src/Inverted-pendulum-problems/custom_msgs -DAMENT_CMAKE_SYMLINK_INSTALL=1 -DCMAKE_INSTALL_PREFIX=/home/ayuwan/Desktop/invpend/src/Inverted-pendulum-problems/install/custom_msgs
[1.442s] DEBUG:colcon.colcon_core.event_handler.log_command:Invoking command in '/home/ayuwan/Desktop/invpend/src/Inverted-pendulum-problems/build/custom_msgs': CMAKE_PREFIX_PATH=${CMAKE_PREFIX_PATH}:/home/ayuwan/rosws/install/pypubsub:/opt/ros/galactic /usr/bin/cmake --build /home/ayuwan/Desktop/invpend/src/Inverted-pendulum-problems/build/custom_msgs -- -j16 -l16
[3.378s] DEBUG:colcon.colcon_core.event_handler.log_command:Invoked command in '/home/ayuwan/Desktop/invpend/src/Inverted-pendulum-problems/build/custom_msgs' returned '0': CMAKE_PREFIX_PATH=${CMAKE_PREFIX_PATH}:/home/ayuwan/rosws/install/pypubsub:/opt/ros/galactic /usr/bin/cmake --build /home/ayuwan/Desktop/invpend/src/Inverted-pendulum-problems/build/custom_msgs -- -j16 -l16
[3.429s] DEBUG:colcon.colcon_core.event_handler.log_command:Invoking command in '/home/ayuwan/Desktop/invpend/src/Inverted-pendulum-problems/build/custom_msgs': CMAKE_PREFIX_PATH=${CMAKE_PREFIX_PATH}:/home/ayuwan/rosws/install/pypubsub:/opt/ros/galactic /usr/bin/cmake --install /home/ayuwan/Desktop/invpend/src/Inverted-pendulum-problems/build/custom_msgs
[3.953s] Level 1:colcon.colcon_core.environment:create_environment_scripts_only(custom_msgs)
[3.953s] Level 1:colcon.colcon_core.environment:checking '/home/ayuwan/Desktop/invpend/src/Inverted-pendulum-problems/install/custom_msgs' for CMake module files
[3.954s] DEBUG:colcon.colcon_core.event_handler.log_command:Invoked command in '/home/ayuwan/Desktop/invpend/src/Inverted-pendulum-problems/build/custom_msgs' returned '0': CMAKE_PREFIX_PATH=${CMAKE_PREFIX_PATH}:/home/ayuwan/rosws/install/pypubsub:/opt/ros/galactic /usr/bin/cmake --install /home/ayuwan/Desktop/invpend/src/Inverted-pendulum-problems/build/custom_msgs
[3.955s] Level 1:colcon.colcon_core.environment:checking '/home/ayuwan/Desktop/invpend/src/Inverted-pendulum-problems/install/custom_msgs' for CMake config files
[3.956s] Level 1:colcon.colcon_core.shell:create_environment_hook('custom_msgs', 'cmake_prefix_path')
[3.956s] INFO:colcon.colcon_core.shell:Creating environment hook '/home/ayuwan/Desktop/invpend/src/Inverted-pendulum-problems/install/custom_msgs/share/custom_msgs/hook/cmake_prefix_path.ps1'
[3.957s] INFO:colcon.colcon_core.shell:Creating environment descriptor '/home/ayuwan/Desktop/invpend/src/Inverted-pendulum-problems/install/custom_msgs/share/custom_msgs/hook/cmake_prefix_path.dsv'
[3.959s] INFO:colcon.colcon_core.shell:Creating environment hook '/home/ayuwan/Desktop/invpend/src/Inverted-pendulum-problems/install/custom_msgs/share/custom_msgs/hook/cmake_prefix_path.sh'
[3.960s] Level 1:colcon.colcon_core.environment:checking '/home/ayuwan/Desktop/invpend/src/Inverted-pendulum-problems/install/custom_msgs/lib'
[3.961s] Level 1:colcon.colcon_core.shell:create_environment_hook('custom_msgs', 'ld_library_path_lib')
[3.961s] INFO:colcon.colcon_core.shell:Creating environment hook '/home/ayuwan/Desktop/invpend/src/Inverted-pendulum-problems/install/custom_msgs/share/custom_msgs/hook/ld_library_path_lib.ps1'
[3.962s] INFO:colcon.colcon_core.shell:Creating environment descriptor '/home/ayuwan/Desktop/invpend/src/Inverted-pendulum-problems/install/custom_msgs/share/custom_msgs/hook/ld_library_path_lib.dsv'
[3.962s] INFO:colcon.colcon_core.shell:Creating environment hook '/home/ayuwan/Desktop/invpend/src/Inverted-pendulum-problems/install/custom_msgs/share/custom_msgs/hook/ld_library_path_lib.sh'
[3.963s] Level 1:colcon.colcon_core.environment:checking '/home/ayuwan/Desktop/invpend/src/Inverted-pendulum-problems/install/custom_msgs/bin'
[3.963s] Level 1:colcon.colcon_core.environment:checking '/home/ayuwan/Desktop/invpend/src/Inverted-pendulum-problems/install/custom_msgs/lib/pkgconfig/custom_msgs.pc'
[3.963s] Level 1:colcon.colcon_core.environment:checking '/home/ayuwan/Desktop/invpend/src/Inverted-pendulum-problems/install/custom_msgs/lib/python3.8/site-packages'
[3.963s] Level 1:colcon.colcon_core.shell:create_environment_hook('custom_msgs', 'pythonpath')
[3.963s] INFO:colcon.colcon_core.shell:Creating environment hook '/home/ayuwan/Desktop/invpend/src/Inverted-pendulum-problems/install/custom_msgs/share/custom_msgs/hook/pythonpath.ps1'
[3.963s] INFO:colcon.colcon_core.shell:Creating environment descriptor '/home/ayuwan/Desktop/invpend/src/Inverted-pendulum-problems/install/custom_msgs/share/custom_msgs/hook/pythonpath.dsv'
[3.964s] INFO:colcon.colcon_core.shell:Creating environment hook '/home/ayuwan/Desktop/invpend/src/Inverted-pendulum-problems/install/custom_msgs/share/custom_msgs/hook/pythonpath.sh'
[3.964s] Level 1:colcon.colcon_core.environment:checking '/home/ayuwan/Desktop/invpend/src/Inverted-pendulum-problems/install/custom_msgs/bin'
[3.964s] INFO:colcon.colcon_core.shell:Creating package script '/home/ayuwan/Desktop/invpend/src/Inverted-pendulum-problems/install/custom_msgs/share/custom_msgs/package.ps1'
[3.964s] INFO:colcon.colcon_core.shell:Creating package descriptor '/home/ayuwan/Desktop/invpend/src/Inverted-pendulum-problems/install/custom_msgs/share/custom_msgs/package.dsv'
[3.965s] INFO:colcon.colcon_core.shell:Creating package script '/home/ayuwan/Desktop/invpend/src/Inverted-pendulum-problems/install/custom_msgs/share/custom_msgs/package.sh'
[3.965s] INFO:colcon.colcon_core.shell:Creating package script '/home/ayuwan/Desktop/invpend/src/Inverted-pendulum-problems/install/custom_msgs/share/custom_msgs/package.bash'
[3.965s] INFO:colcon.colcon_core.shell:Creating package script '/home/ayuwan/Desktop/invpend/src/Inverted-pendulum-problems/install/custom_msgs/share/custom_msgs/package.zsh'
[3.965s] Level 1:colcon.colcon_core.environment:create_file_with_runtime_dependencies(/home/ayuwan/Desktop/invpend/src/Inverted-pendulum-problems/install/custom_msgs/share/colcon-core/packages/custom_msgs)
[4.018s] Level 1:colcon.colcon_core.environment:create_environment_scripts_only(custom_msgs)
[4.018s] Level 1:colcon.colcon_core.environment:checking '/home/ayuwan/Desktop/invpend/src/Inverted-pendulum-problems/install/custom_msgs' for CMake module files
[4.019s] Level 1:colcon.colcon_core.environment:checking '/home/ayuwan/Desktop/invpend/src/Inverted-pendulum-problems/install/custom_msgs' for CMake config files
[4.020s] Level 1:colcon.colcon_core.shell:create_environment_hook('custom_msgs', 'cmake_prefix_path')
[4.021s] INFO:colcon.colcon_core.shell:Creating environment hook '/home/ayuwan/Desktop/invpend/src/Inverted-pendulum-problems/install/custom_msgs/share/custom_msgs/hook/cmake_prefix_path.ps1'
[4.022s] INFO:colcon.colcon_core.shell:Creating environment descriptor '/home/ayuwan/Desktop/invpend/src/Inverted-pendulum-problems/install/custom_msgs/share/custom_msgs/hook/cmake_prefix_path.dsv'
[4.023s] INFO:colcon.colcon_core.shell:Creating environment hook '/home/ayuwan/Desktop/invpend/src/Inverted-pendulum-problems/install/custom_msgs/share/custom_msgs/hook/cmake_prefix_path.sh'
[4.023s] Level 1:colcon.colcon_core.environment:checking '/home/ayuwan/Desktop/invpend/src/Inverted-pendulum-problems/install/custom_msgs/lib'
[4.023s] Level 1:colcon.colcon_core.shell:create_environment_hook('custom_msgs', 'ld_library_path_lib')
[4.023s] INFO:colcon.colcon_core.shell:Creating environment hook '/home/ayuwan/Desktop/invpend/src/Inverted-pendulum-problems/install/custom_msgs/share/custom_msgs/hook/ld_library_path_lib.ps1'
[4.023s] INFO:colcon.colcon_core.shell:Creating environment descriptor '/home/ayuwan/Desktop/invpend/src/Inverted-pendulum-problems/install/custom_msgs/share/custom_msgs/hook/ld_library_path_lib.dsv'
[4.024s] INFO:colcon.colcon_core.shell:Creating environment hook '/home/ayuwan/Desktop/invpend/src/Inverted-pendulum-problems/install/custom_msgs/share/custom_msgs/hook/ld_library_path_lib.sh'
[4.024s] Level 1:colcon.colcon_core.environment:checking '/home/ayuwan/Desktop/invpend/src/Inverted-pendulum-problems/install/custom_msgs/bin'
[4.024s] Level 1:colcon.colcon_core.environment:checking '/home/ayuwan/Desktop/invpend/src/Inverted-pendulum-problems/install/custom_msgs/lib/pkgconfig/custom_msgs.pc'
[4.024s] Level 1:colcon.colcon_core.environment:checking '/home/ayuwan/Desktop/invpend/src/Inverted-pendulum-problems/install/custom_msgs/lib/python3.8/site-packages'
[4.024s] Level 1:colcon.colcon_core.shell:create_environment_hook('custom_msgs', 'pythonpath')
[4.024s] INFO:colcon.colcon_core.shell:Creating environment hook '/home/ayuwan/Desktop/invpend/src/Inverted-pendulum-problems/install/custom_msgs/share/custom_msgs/hook/pythonpath.ps1'
[4.024s] INFO:colcon.colcon_core.shell:Creating environment descriptor '/home/ayuwan/Desktop/invpend/src/Inverted-pendulum-problems/install/custom_msgs/share/custom_msgs/hook/pythonpath.dsv'
[4.025s] INFO:colcon.colcon_core.shell:Creating environment hook '/home/ayuwan/Desktop/invpend/src/Inverted-pendulum-problems/install/custom_msgs/share/custom_msgs/hook/pythonpath.sh'
[4.025s] Level 1:colcon.colcon_core.environment:checking '/home/ayuwan/Desktop/invpend/src/Inverted-pendulum-problems/install/custom_msgs/bin'
[4.025s] INFO:colcon.colcon_core.shell:Creating package script '/home/ayuwan/Desktop/invpend/src/Inverted-pendulum-problems/install/custom_msgs/share/custom_msgs/package.ps1'
[4.025s] INFO:colcon.colcon_core.shell:Creating package descriptor '/home/ayuwan/Desktop/invpend/src/Inverted-pendulum-problems/install/custom_msgs/share/custom_msgs/package.dsv'
[4.026s] INFO:colcon.colcon_core.shell:Creating package script '/home/ayuwan/Desktop/invpend/src/Inverted-pendulum-problems/install/custom_msgs/share/custom_msgs/package.sh'
[4.026s] INFO:colcon.colcon_core.shell:Creating package script '/home/ayuwan/Desktop/invpend/src/Inverted-pendulum-problems/install/custom_msgs/share/custom_msgs/package.bash'
[4.026s] INFO:colcon.colcon_core.shell:Creating package script '/home/ayuwan/Desktop/invpend/src/Inverted-pendulum-problems/install/custom_msgs/share/custom_msgs/package.zsh'
[4.026s] Level 1:colcon.colcon_core.environment:create_file_with_runtime_dependencies(/home/ayuwan/Desktop/invpend/src/Inverted-pendulum-problems/install/custom_msgs/share/colcon-core/packages/custom_msgs)
[4.027s] DEBUG:colcon.colcon_parallel_executor.executor.parallel:closing loop
[4.027s] DEBUG:colcon.colcon_parallel_executor.executor.parallel:loop closed
[4.027s] DEBUG:colcon.colcon_parallel_executor.executor.parallel:run_until_complete finished with '0'
[4.027s] DEBUG:colcon.colcon_core.event_reactor:joining thread
[4.036s] INFO:colcon.colcon_core.plugin_system:Skipping extension 'colcon_notification.desktop_notification.terminal_notifier': Not used on non-Darwin systems
[4.036s] INFO:colcon.colcon_core.plugin_system:Skipping extension 'colcon_notification.desktop_notification.win32': Not used on non-Windows systems
[4.036s] INFO:colcon.colcon_notification.desktop_notification:Sending desktop notification using 'notify2'
[4.055s] DEBUG:colcon.colcon_core.event_reactor:joined thread
[4.055s] INFO:colcon.colcon_core.shell:Creating prefix script '/home/ayuwan/Desktop/invpend/src/Inverted-pendulum-problems/install/local_setup.ps1'
[4.056s] INFO:colcon.colcon_core.shell:Creating prefix util module '/home/ayuwan/Desktop/invpend/src/Inverted-pendulum-problems/install/_local_setup_util_ps1.py'
[4.057s] INFO:colcon.colcon_core.shell:Creating prefix chain script '/home/ayuwan/Desktop/invpend/src/Inverted-pendulum-problems/install/setup.ps1'
[4.058s] INFO:colcon.colcon_core.shell:Creating prefix script '/home/ayuwan/Desktop/invpend/src/Inverted-pendulum-problems/install/local_setup.sh'
[4.058s] INFO:colcon.colcon_core.shell:Creating prefix util module '/home/ayuwan/Desktop/invpend/src/Inverted-pendulum-problems/install/_local_setup_util_sh.py'
[4.059s] INFO:colcon.colcon_core.shell:Creating prefix chain script '/home/ayuwan/Desktop/invpend/src/Inverted-pendulum-problems/install/setup.sh'
[4.061s] INFO:colcon.colcon_core.shell:Creating prefix script '/home/ayuwan/Desktop/invpend/src/Inverted-pendulum-problems/install/local_setup.bash'
[4.062s] INFO:colcon.colcon_core.shell:Creating prefix chain script '/home/ayuwan/Desktop/invpend/src/Inverted-pendulum-problems/install/setup.bash'
[4.064s] INFO:colcon.colcon_core.shell:Creating prefix script '/home/ayuwan/Desktop/invpend/src/Inverted-pendulum-problems/install/local_setup.zsh'
[4.064s] INFO:colcon.colcon_core.shell:Creating prefix chain script '/home/ayuwan/Desktop/invpend/src/Inverted-pendulum-problems/install/setup.zsh'
